<?xml version="1.0" encoding="utf-8" standalone="no"?>
<test-run id="2" testcasecount="470" result="Passed" total="470" passed="470" failed="0" inconclusive="0" skipped="0" asserts="793" engine-version="3.0.5813.39036" clr-version="4.0.30319.42000" start-time="2016-01-14 18:05:03Z" end-time="2016-01-14 18:07:18Z" duration="134.978101">
  <command-line><![CDATA["E:/Code/Wyam/tools/NUnit.Console/tools/nunit3-console.exe" "E:/Code/Wyam/src/Wyam.Common.Tests/bin/Release/Wyam.Common.Tests.dll" "E:/Code/Wyam/src/Wyam.Core.Tests/bin/Release/Wyam.Core.Tests.dll" "E:/Code/Wyam/src/Wyam.Examples.Tests/bin/Release/Wyam.Examples.Tests.dll" "E:/Code/Wyam/src/Wyam.Modules.CodeAnalysis.Tests/bin/Release/Wyam.Modules.CodeAnalysis.Tests.dll" "E:/Code/Wyam/src/Wyam.Modules.Git.Tests/bin/Release/Wyam.Modules.Git.Tests.dll" "E:/Code/Wyam/src/Wyam.Modules.Html.Tests/bin/Release/Wyam.Modules.Html.Tests.dll" "E:/Code/Wyam/src/Wyam.Modules.Json.Tests/bin/Release/Wyam.Modules.Json.Tests.dll" "E:/Code/Wyam/src/Wyam.Modules.Markdown.Tests/bin/Release/Wyam.Modules.Markdown.Tests.dll" "E:/Code/Wyam/src/Wyam.Modules.Razor.Tests/bin/Release/Wyam.Modules.Razor.Tests.dll" "E:/Code/Wyam/src/Wyam.Modules.Tables.Tests/bin/Release/Wyam.Modules.Tables.Tests.dll" "E:/Code/Wyam/src/Wyam.Modules.TextGeneration.Tests/bin/Release/Wyam.Modules.TextGeneration.Tests.dll" "E:/Code/Wyam/src/Wyam.Modules.Xmp.Tests/bin/Release/Wyam.Modules.Xmp.Tests.dll" "E:/Code/Wyam/src/Wyam.Modules.Yaml.Tests/bin/Release/Wyam.Modules.Yaml.Tests.dll"]]></command-line>
  <test-suite type="Assembly" id="1-1015" name="Wyam.Common.Tests.dll" fullname="E:\Code\Wyam\src\Wyam.Common.Tests\bin\Release\Wyam.Common.Tests.dll" runstate="Runnable" testcasecount="11" result="Passed" start-time="2016-01-14 18:05:03Z" end-time="2016-01-14 18:05:06Z" duration="2.904718" total="11" passed="11" failed="0" inconclusive="0" skipped="0" asserts="23">
    <environment framework-version="3.0.5813.39031" clr-version="4.0.30319.42000" os-version="Microsoft Windows NT 6.1.7601 Service Pack 1" platform="Win32NT" cwd="E:\Code\Wyam" machine-name="SIPCXLT42" user="dglick" user-domain="SIPC" culture="en-US" uiculture="en-US" os-architecture="x64" />
    <settings>
      <setting name="WorkDirectory" value="E:\Code\Wyam" />
      <setting name="RuntimeFramework" value="net-4.0" />
      <setting name="NumberOfTestWorkers" value="4" />
    </settings>
    <properties>
      <property name="_PID" value="17212" />
      <property name="_APPDOMAIN" value="test-domain-Wyam.Common.Tests.dll" />
    </properties>
    <test-suite type="TestSuite" id="1-1016" name="Wyam" fullname="Wyam" runstate="Runnable" testcasecount="11" result="Passed" start-time="2016-01-14 18:05:03Z" end-time="2016-01-14 18:05:06Z" duration="2.862719" total="11" passed="11" failed="0" inconclusive="0" skipped="0" asserts="23">
      <test-suite type="TestSuite" id="1-1017" name="Common" fullname="Wyam.Common" runstate="Runnable" testcasecount="11" result="Passed" start-time="2016-01-14 18:05:03Z" end-time="2016-01-14 18:05:06Z" duration="2.829153" total="11" passed="11" failed="0" inconclusive="0" skipped="0" asserts="23">
        <test-suite type="TestSuite" id="1-1018" name="Tests" fullname="Wyam.Common.Tests" runstate="Runnable" testcasecount="11" result="Passed" start-time="2016-01-14 18:05:03Z" end-time="2016-01-14 18:05:06Z" duration="2.828445" total="11" passed="11" failed="0" inconclusive="0" skipped="0" asserts="23">
          <test-suite type="TestFixture" id="1-1004" name="PathHelperFixture" fullname="Wyam.Common.Tests.PathHelperFixture" classname="Wyam.Common.Tests.PathHelperFixture" runstate="Runnable" testcasecount="8" result="Passed" start-time="2016-01-14 18:05:03Z" end-time="2016-01-14 18:05:04Z" duration="0.279830" total="8" passed="8" failed="0" inconclusive="0" skipped="0" asserts="8">
            <properties>
              <property name="ParallelScope" value="Self, Children" />
            </properties>
            <test-suite type="ParameterizedMethod" id="1-1014" name="GetCombinedFullPath" fullname="Wyam.Common.Tests.PathHelperFixture.GetCombinedFullPath" runstate="Runnable" testcasecount="4" result="Passed" start-time="2016-01-14 18:05:03Z" end-time="2016-01-14 18:05:04Z" duration="0.219504" total="4" passed="4" failed="0" inconclusive="0" skipped="0" asserts="4">
              <test-case id="1-1010" name="GetCombinedFullPath(&quot;C:\\A\\B\\&quot;,&quot;..\\*.txt&quot;,&quot;C:\\A\\*.txt&quot;)" fullname="Wyam.Common.Tests.PathHelperFixture.GetCombinedFullPath(&quot;C:\\A\\B\\&quot;,&quot;..\\*.txt&quot;,&quot;C:\\A\\*.txt&quot;)" methodname="GetCombinedFullPath" classname="Wyam.Common.Tests.PathHelperFixture" runstate="Runnable" seed="1460656856" result="Passed" start-time="2016-01-14 18:05:03Z" end-time="2016-01-14 18:05:03Z" duration="0.077059" asserts="1" />
              <test-case id="1-1011" name="GetCombinedFullPath(&quot;C:\\A\\B\\&quot;,&quot;.\\*.txt&quot;,&quot;C:\\A\\B\\*.txt&quot;)" fullname="Wyam.Common.Tests.PathHelperFixture.GetCombinedFullPath(&quot;C:\\A\\B\\&quot;,&quot;.\\*.txt&quot;,&quot;C:\\A\\B\\*.txt&quot;)" methodname="GetCombinedFullPath" classname="Wyam.Common.Tests.PathHelperFixture" runstate="Runnable" seed="1553621128" result="Passed" start-time="2016-01-14 18:05:04Z" end-time="2016-01-14 18:05:04Z" duration="0.000144" asserts="1" />
              <test-case id="1-1012" name="GetCombinedFullPath(&quot;C:\\A\\B\\&quot;,&quot;*.*&quot;,&quot;C:\\A\\B\\*.*&quot;)" fullname="Wyam.Common.Tests.PathHelperFixture.GetCombinedFullPath(&quot;C:\\A\\B\\&quot;,&quot;*.*&quot;,&quot;C:\\A\\B\\*.*&quot;)" methodname="GetCombinedFullPath" classname="Wyam.Common.Tests.PathHelperFixture" runstate="Runnable" seed="1896201078" result="Passed" start-time="2016-01-14 18:05:04Z" end-time="2016-01-14 18:05:04Z" duration="0.000079" asserts="1" />
              <test-case id="1-1013" name="GetCombinedFullPath(&quot;C:\\A\\B\\&quot;,&quot;..\\..\\*.txt&quot;,&quot;C:\\*.txt&quot;)" fullname="Wyam.Common.Tests.PathHelperFixture.GetCombinedFullPath(&quot;C:\\A\\B\\&quot;,&quot;..\\..\\*.txt&quot;,&quot;C:\\*.txt&quot;)" methodname="GetCombinedFullPath" classname="Wyam.Common.Tests.PathHelperFixture" runstate="Runnable" seed="1355097167" result="Passed" start-time="2016-01-14 18:05:04Z" end-time="2016-01-14 18:05:04Z" duration="0.000090" asserts="1" />
            </test-suite>
            <test-suite type="ParameterizedMethod" id="1-1009" name="GetRelativePathReturnsCorrectPath" fullname="Wyam.Common.Tests.PathHelperFixture.GetRelativePathReturnsCorrectPath" runstate="Runnable" testcasecount="4" result="Passed" start-time="2016-01-14 18:05:04Z" end-time="2016-01-14 18:05:04Z" duration="0.002879" total="4" passed="4" failed="0" inconclusive="0" skipped="0" asserts="4">
              <test-case id="1-1005" name="GetRelativePathReturnsCorrectPath(&quot;C:\\A\\B\\&quot;,&quot;C:\\A\\B\\&quot;,&quot;&quot;)" fullname="Wyam.Common.Tests.PathHelperFixture.GetRelativePathReturnsCorrectPath(&quot;C:\\A\\B\\&quot;,&quot;C:\\A\\B\\&quot;,&quot;&quot;)" methodname="GetRelativePathReturnsCorrectPath" classname="Wyam.Common.Tests.PathHelperFixture" runstate="Runnable" seed="458445963" result="Passed" start-time="2016-01-14 18:05:04Z" end-time="2016-01-14 18:05:04Z" duration="0.002259" asserts="1" />
              <test-case id="1-1006" name="GetRelativePathReturnsCorrectPath(&quot;C:\\A\\B\\&quot;,&quot;C:\\A\\B\\C&quot;,&quot;C&quot;)" fullname="Wyam.Common.Tests.PathHelperFixture.GetRelativePathReturnsCorrectPath(&quot;C:\\A\\B\\&quot;,&quot;C:\\A\\B\\C&quot;,&quot;C&quot;)" methodname="GetRelativePathReturnsCorrectPath" classname="Wyam.Common.Tests.PathHelperFixture" runstate="Runnable" seed="2113917196" result="Passed" start-time="2016-01-14 18:05:04Z" end-time="2016-01-14 18:05:04Z" duration="0.000075" asserts="1" />
              <test-case id="1-1007" name="GetRelativePathReturnsCorrectPath(&quot;\\A\\B\\&quot;,&quot;\\A\\B\\C&quot;,&quot;C&quot;)" fullname="Wyam.Common.Tests.PathHelperFixture.GetRelativePathReturnsCorrectPath(&quot;\\A\\B\\&quot;,&quot;\\A\\B\\C&quot;,&quot;C&quot;)" methodname="GetRelativePathReturnsCorrectPath" classname="Wyam.Common.Tests.PathHelperFixture" runstate="Runnable" seed="994105559" result="Passed" start-time="2016-01-14 18:05:04Z" end-time="2016-01-14 18:05:04Z" duration="0.000052" asserts="1" />
              <test-case id="1-1008" name="GetRelativePathReturnsCorrectPath(&quot;A\\B\\&quot;,&quot;A\\B\\C&quot;,&quot;C&quot;)" fullname="Wyam.Common.Tests.PathHelperFixture.GetRelativePathReturnsCorrectPath(&quot;A\\B\\&quot;,&quot;A\\B\\C&quot;,&quot;C&quot;)" methodname="GetRelativePathReturnsCorrectPath" classname="Wyam.Common.Tests.PathHelperFixture" runstate="Runnable" seed="813987263" result="Passed" start-time="2016-01-14 18:05:04Z" end-time="2016-01-14 18:05:04Z" duration="0.000044" asserts="1" />
            </test-suite>
          </test-suite>
          <test-suite type="TestFixture" id="1-1000" name="DocumentCollectionExtensionsFixture" fullname="Wyam.Common.Tests.DocumentCollectionExtensionsFixture" classname="Wyam.Common.Tests.DocumentCollectionExtensionsFixture" runstate="Runnable" testcasecount="3" result="Passed" start-time="2016-01-14 18:05:03Z" end-time="2016-01-14 18:05:06Z" duration="2.676213" total="3" passed="3" failed="0" inconclusive="0" skipped="0" asserts="15">
            <properties>
              <property name="ParallelScope" value="Self, Children" />
            </properties>
            <test-case id="1-1001" name="ToLookupOfIntReturnsCorrectLookup" fullname="Wyam.Common.Tests.DocumentCollectionExtensionsFixture.ToLookupOfIntReturnsCorrectLookup" methodname="ToLookupOfIntReturnsCorrectLookup" classname="Wyam.Common.Tests.DocumentCollectionExtensionsFixture" runstate="Runnable" seed="798259755" result="Passed" start-time="2016-01-14 18:05:03Z" end-time="2016-01-14 18:05:06Z" duration="2.221803" asserts="5" />
            <test-case id="1-1002" name="ToLookupOfStringReturnsCorrectLookup" fullname="Wyam.Common.Tests.DocumentCollectionExtensionsFixture.ToLookupOfStringReturnsCorrectLookup" methodname="ToLookupOfStringReturnsCorrectLookup" classname="Wyam.Common.Tests.DocumentCollectionExtensionsFixture" runstate="Runnable" seed="1630670862" result="Passed" start-time="2016-01-14 18:05:06Z" end-time="2016-01-14 18:05:06Z" duration="0.097529" asserts="5" />
            <test-case id="1-1003" name="ToLookupWithValuesReturnsCorrectLookup" fullname="Wyam.Common.Tests.DocumentCollectionExtensionsFixture.ToLookupWithValuesReturnsCorrectLookup" methodname="ToLookupWithValuesReturnsCorrectLookup" classname="Wyam.Common.Tests.DocumentCollectionExtensionsFixture" runstate="Runnable" seed="993609143" result="Passed" start-time="2016-01-14 18:05:06Z" end-time="2016-01-14 18:05:06Z" duration="0.063499" asserts="5" />
          </test-suite>
        </test-suite>
      </test-suite>
    </test-suite>
  </test-suite>
  <test-suite type="Assembly" id="2-1299" name="Wyam.Core.Tests.dll" fullname="E:\Code\Wyam\src\Wyam.Core.Tests\bin\Release\Wyam.Core.Tests.dll" runstate="Runnable" testcasecount="263" result="Passed" start-time="2016-01-14 18:05:03Z" end-time="2016-01-14 18:05:54Z" duration="51.370806" total="263" passed="263" failed="0" inconclusive="0" skipped="0" asserts="549">
    <environment framework-version="3.0.5813.39031" clr-version="4.0.30319.42000" os-version="Microsoft Windows NT 6.1.7601 Service Pack 1" platform="Win32NT" cwd="E:\Code\Wyam" machine-name="SIPCXLT42" user="dglick" user-domain="SIPC" culture="en-US" uiculture="en-US" os-architecture="x64" />
    <settings>
      <setting name="WorkDirectory" value="E:\Code\Wyam" />
      <setting name="RuntimeFramework" value="net-4.0" />
      <setting name="NumberOfTestWorkers" value="4" />
    </settings>
    <properties>
      <property name="_PID" value="3484" />
      <property name="_APPDOMAIN" value="test-domain-Wyam.Core.Tests.dll" />
    </properties>
    <test-suite type="TestSuite" id="2-1300" name="Wyam" fullname="Wyam" runstate="Runnable" testcasecount="263" result="Passed" start-time="2016-01-14 18:05:03Z" end-time="2016-01-14 18:05:54Z" duration="51.307856" total="263" passed="263" failed="0" inconclusive="0" skipped="0" asserts="549">
      <test-suite type="TestSuite" id="2-1301" name="Core" fullname="Wyam.Core" runstate="Runnable" testcasecount="263" result="Passed" start-time="2016-01-14 18:05:03Z" end-time="2016-01-14 18:05:54Z" duration="51.306881" total="263" passed="263" failed="0" inconclusive="0" skipped="0" asserts="549">
        <test-suite type="TestSuite" id="2-1302" name="Tests" fullname="Wyam.Core.Tests" runstate="Runnable" testcasecount="263" result="Passed" start-time="2016-01-14 18:05:03Z" end-time="2016-01-14 18:05:54Z" duration="51.306792" total="263" passed="263" failed="0" inconclusive="0" skipped="0" asserts="549">
          <test-suite type="TestSuite" id="2-1312" name="Documents" fullname="Wyam.Core.Tests.Documents" runstate="Runnable" testcasecount="53" result="Passed" start-time="2016-01-14 18:05:03Z" end-time="2016-01-14 18:05:20Z" duration="16.572829" total="53" passed="53" failed="0" inconclusive="0" skipped="0" asserts="70">
            <test-suite type="TestFixture" id="2-1242" name="DocumentFixture" fullname="Wyam.Core.Tests.Documents.DocumentFixture" classname="Wyam.Core.Tests.Documents.DocumentFixture" runstate="Runnable" testcasecount="1" result="Passed" start-time="2016-01-14 18:05:14Z" end-time="2016-01-14 18:05:14Z" duration="0.288992" total="1" passed="1" failed="0" inconclusive="0" skipped="0" asserts="2">
              <properties>
                <property name="ParallelScope" value="Self, Children" />
              </properties>
              <test-case id="2-1243" name="StreamIsDisposedCorrectlyAfterClone" fullname="Wyam.Core.Tests.Documents.DocumentFixture.StreamIsDisposedCorrectlyAfterClone" methodname="StreamIsDisposedCorrectlyAfterClone" classname="Wyam.Core.Tests.Documents.DocumentFixture" runstate="Runnable" seed="1629648209" result="Passed" start-time="2016-01-14 18:05:14Z" end-time="2016-01-14 18:05:14Z" duration="0.212232" asserts="2" />
            </test-suite>
            <test-suite type="TestFixture" id="2-1244" name="MetadataAsFixture" fullname="Wyam.Core.Tests.Documents.MetadataAsFixture" classname="Wyam.Core.Tests.Documents.MetadataAsFixture" runstate="Runnable" testcasecount="7" result="Passed" start-time="2016-01-14 18:05:14Z" end-time="2016-01-14 18:05:15Z" duration="0.998168" total="7" passed="7" failed="0" inconclusive="0" skipped="0" asserts="14">
              <properties>
                <property name="ParallelScope" value="Self, Children" />
              </properties>
              <test-case id="2-1247" name="ConvertIntArrayToStringArray" fullname="Wyam.Core.Tests.Documents.MetadataAsFixture.ConvertIntArrayToStringArray" methodname="ConvertIntArrayToStringArray" classname="Wyam.Core.Tests.Documents.MetadataAsFixture" runstate="Runnable" seed="1639989681" result="Passed" start-time="2016-01-14 18:05:14Z" end-time="2016-01-14 18:05:14Z" duration="0.279321" asserts="2" />
              <test-case id="2-1249" name="ConvertIntArrayToStringEnumerable" fullname="Wyam.Core.Tests.Documents.MetadataAsFixture.ConvertIntArrayToStringEnumerable" methodname="ConvertIntArrayToStringEnumerable" classname="Wyam.Core.Tests.Documents.MetadataAsFixture" runstate="Runnable" seed="496409595" result="Passed" start-time="2016-01-14 18:05:14Z" end-time="2016-01-14 18:05:14Z" duration="0.115389" asserts="2" />
              <test-case id="2-1245" name="ConvertIntToString" fullname="Wyam.Core.Tests.Documents.MetadataAsFixture.ConvertIntToString" methodname="ConvertIntToString" classname="Wyam.Core.Tests.Documents.MetadataAsFixture" runstate="Runnable" seed="1013145893" result="Passed" start-time="2016-01-14 18:05:14Z" end-time="2016-01-14 18:05:14Z" duration="0.001420" asserts="2" />
              <test-case id="2-1248" name="ConvertStringArrayToIntArray" fullname="Wyam.Core.Tests.Documents.MetadataAsFixture.ConvertStringArrayToIntArray" methodname="ConvertStringArrayToIntArray" classname="Wyam.Core.Tests.Documents.MetadataAsFixture" runstate="Runnable" seed="1171119068" result="Passed" start-time="2016-01-14 18:05:14Z" end-time="2016-01-14 18:05:14Z" duration="0.010067" asserts="2" />
              <test-case id="2-1250" name="ConvertStringEnumerableToIntArray" fullname="Wyam.Core.Tests.Documents.MetadataAsFixture.ConvertStringEnumerableToIntArray" methodname="ConvertStringEnumerableToIntArray" classname="Wyam.Core.Tests.Documents.MetadataAsFixture" runstate="Runnable" seed="790880703" result="Passed" start-time="2016-01-14 18:05:15Z" end-time="2016-01-14 18:05:15Z" duration="0.004651" asserts="2" />
              <test-case id="2-1246" name="ConvertStringToInt" fullname="Wyam.Core.Tests.Documents.MetadataAsFixture.ConvertStringToInt" methodname="ConvertStringToInt" classname="Wyam.Core.Tests.Documents.MetadataAsFixture" runstate="Runnable" seed="214159034" result="Passed" start-time="2016-01-14 18:05:15Z" end-time="2016-01-14 18:05:15Z" duration="0.035805" asserts="2" />
              <test-case id="2-1251" name="ConvertStringToIntArray" fullname="Wyam.Core.Tests.Documents.MetadataAsFixture.ConvertStringToIntArray" methodname="ConvertStringToIntArray" classname="Wyam.Core.Tests.Documents.MetadataAsFixture" runstate="Runnable" seed="203749449" result="Passed" start-time="2016-01-14 18:05:15Z" end-time="2016-01-14 18:05:15Z" duration="0.009906" asserts="2" />
            </test-suite>
            <test-suite type="TestFixture" id="2-1252" name="MetadataFixture" fullname="Wyam.Core.Tests.Documents.MetadataFixture" classname="Wyam.Core.Tests.Documents.MetadataFixture" runstate="Runnable" testcasecount="45" result="Passed" start-time="2016-01-14 18:05:14Z" end-time="2016-01-14 18:05:20Z" duration="6.013601" total="45" passed="45" failed="0" inconclusive="0" skipped="0" asserts="54">
              <properties>
                <property name="ParallelScope" value="Self, Children" />
              </properties>
              <test-case id="2-1253" name="CanCloneWithNewValues" fullname="Wyam.Core.Tests.Documents.MetadataFixture.CanCloneWithNewValues" methodname="CanCloneWithNewValues" classname="Wyam.Core.Tests.Documents.MetadataFixture" runstate="Runnable" seed="177897556" result="Passed" start-time="2016-01-14 18:05:14Z" end-time="2016-01-14 18:05:14Z" duration="0.178380" asserts="1" />
              <test-case id="2-1262" name="CloneContainsNewValues" fullname="Wyam.Core.Tests.Documents.MetadataFixture.CloneContainsNewValues" methodname="CloneContainsNewValues" classname="Wyam.Core.Tests.Documents.MetadataFixture" runstate="Runnable" seed="379421124" result="Passed" start-time="2016-01-14 18:05:14Z" end-time="2016-01-14 18:05:14Z" duration="0.005729" asserts="1" />
              <test-case id="2-1260" name="CloneContainsPreviousValues" fullname="Wyam.Core.Tests.Documents.MetadataFixture.CloneContainsPreviousValues" methodname="CloneContainsPreviousValues" classname="Wyam.Core.Tests.Documents.MetadataFixture" runstate="Runnable" seed="2043609272" result="Passed" start-time="2016-01-14 18:05:14Z" end-time="2016-01-14 18:05:14Z" duration="0.001829" asserts="1" />
              <test-case id="2-1261" name="ClonedMetadataDoesNotContainNewValues" fullname="Wyam.Core.Tests.Documents.MetadataFixture.ClonedMetadataDoesNotContainNewValues" methodname="ClonedMetadataDoesNotContainNewValues" classname="Wyam.Core.Tests.Documents.MetadataFixture" runstate="Runnable" seed="866529679" result="Passed" start-time="2016-01-14 18:05:15Z" end-time="2016-01-14 18:05:15Z" duration="0.001725" asserts="1" />
              <test-case id="2-1263" name="CloneReplacesValue" fullname="Wyam.Core.Tests.Documents.MetadataFixture.CloneReplacesValue" methodname="CloneReplacesValue" classname="Wyam.Core.Tests.Documents.MetadataFixture" runstate="Runnable" seed="1117879235" result="Passed" start-time="2016-01-14 18:05:15Z" end-time="2016-01-14 18:05:15Z" duration="0.001236" asserts="2" />
              <test-case id="2-1256" name="ContainsKeyReturnsTrueForValidValue" fullname="Wyam.Core.Tests.Documents.MetadataFixture.ContainsKeyReturnsTrueForValidValue" methodname="ContainsKeyReturnsTrueForValidValue" classname="Wyam.Core.Tests.Documents.MetadataFixture" runstate="Runnable" seed="1742604285" result="Passed" start-time="2016-01-14 18:05:15Z" end-time="2016-01-14 18:05:15Z" duration="0.000869" asserts="1" />
              <test-case id="2-1257" name="ContainsReturnsFalseForInvalidValue" fullname="Wyam.Core.Tests.Documents.MetadataFixture.ContainsReturnsFalseForInvalidValue" methodname="ContainsReturnsFalseForInvalidValue" classname="Wyam.Core.Tests.Documents.MetadataFixture" runstate="Runnable" seed="1538640279" result="Passed" start-time="2016-01-14 18:05:15Z" end-time="2016-01-14 18:05:15Z" duration="0.002299" asserts="1" />
              <test-case id="2-1298" name="EnumeratingMetadataValuesReturnsCorrectResults" fullname="Wyam.Core.Tests.Documents.MetadataFixture.EnumeratingMetadataValuesReturnsCorrectResults" methodname="EnumeratingMetadataValuesReturnsCorrectResults" classname="Wyam.Core.Tests.Documents.MetadataFixture" runstate="Runnable" seed="256298896" result="Passed" start-time="2016-01-14 18:05:15Z" end-time="2016-01-14 18:05:15Z" duration="0.341418" asserts="1" />
              <test-case id="2-1296" name="GetWithDerivedMetadataValueReturnsCorrectResult" fullname="Wyam.Core.Tests.Documents.MetadataFixture.GetWithDerivedMetadataValueReturnsCorrectResult" methodname="GetWithDerivedMetadataValueReturnsCorrectResult" classname="Wyam.Core.Tests.Documents.MetadataFixture" runstate="Runnable" seed="1579690388" result="Passed" start-time="2016-01-14 18:05:16Z" end-time="2016-01-14 18:05:16Z" duration="0.001358" asserts="1" />
              <test-case id="2-1297" name="GetWithMetadataValueCalledForEachRequest" fullname="Wyam.Core.Tests.Documents.MetadataFixture.GetWithMetadataValueCalledForEachRequest" methodname="GetWithMetadataValueCalledForEachRequest" classname="Wyam.Core.Tests.Documents.MetadataFixture" runstate="Runnable" seed="1891191200" result="Passed" start-time="2016-01-14 18:05:16Z" end-time="2016-01-14 18:05:16Z" duration="0.002367" asserts="2" />
              <test-case id="2-1264" name="GetWithMetadataValueReturnsCorrectResult" fullname="Wyam.Core.Tests.Documents.MetadataFixture.GetWithMetadataValueReturnsCorrectResult" methodname="GetWithMetadataValueReturnsCorrectResult" classname="Wyam.Core.Tests.Documents.MetadataFixture" runstate="Runnable" seed="60730618" result="Passed" start-time="2016-01-14 18:05:16Z" end-time="2016-01-14 18:05:16Z" duration="0.001213" asserts="1" />
              <test-case id="2-1254" name="IndexerMissingKeyThrowsKeyNotFoundException" fullname="Wyam.Core.Tests.Documents.MetadataFixture.IndexerMissingKeyThrowsKeyNotFoundException" methodname="IndexerMissingKeyThrowsKeyNotFoundException" classname="Wyam.Core.Tests.Documents.MetadataFixture" runstate="Runnable" seed="189946142" result="Passed" start-time="2016-01-14 18:05:16Z" end-time="2016-01-14 18:05:16Z" duration="0.001239" asserts="1" />
              <test-case id="2-1255" name="IndexerNullKeyThrowsKeyNotFoundException" fullname="Wyam.Core.Tests.Documents.MetadataFixture.IndexerNullKeyThrowsKeyNotFoundException" methodname="IndexerNullKeyThrowsKeyNotFoundException" classname="Wyam.Core.Tests.Documents.MetadataFixture" runstate="Runnable" seed="948746851" result="Passed" start-time="2016-01-14 18:05:17Z" end-time="2016-01-14 18:05:17Z" duration="0.001798" asserts="1" />
              <test-case id="2-1294" name="IndexerWithMetadataValueReturnsCorrectResult" fullname="Wyam.Core.Tests.Documents.MetadataFixture.IndexerWithMetadataValueReturnsCorrectResult" methodname="IndexerWithMetadataValueReturnsCorrectResult" classname="Wyam.Core.Tests.Documents.MetadataFixture" runstate="Runnable" seed="1241656981" result="Passed" start-time="2016-01-14 18:05:17Z" end-time="2016-01-14 18:05:17Z" duration="0.035182" asserts="1" />
              <test-suite type="ParameterizedMethod" id="2-1293" name="LinkReturnsCorrectResult" fullname="Wyam.Core.Tests.Documents.MetadataFixture.LinkReturnsCorrectResult" runstate="Runnable" testcasecount="24" result="Passed" start-time="2016-01-14 18:05:17Z" end-time="2016-01-14 18:05:19Z" duration="1.998311" total="24" passed="24" failed="0" inconclusive="0" skipped="0" asserts="24">
                <test-case id="2-1269" name="LinkReturnsCorrectResult(&quot;foo/bar&quot;,False,&quot;/foo/bar&quot;)" fullname="Wyam.Core.Tests.Documents.MetadataFixture.LinkReturnsCorrectResult(&quot;foo/bar&quot;,False,&quot;/foo/bar&quot;)" methodname="LinkReturnsCorrectResult" classname="Wyam.Core.Tests.Documents.MetadataFixture" runstate="Runnable" seed="443181809" result="Passed" start-time="2016-01-14 18:05:17Z" end-time="2016-01-14 18:05:17Z" duration="0.032874" asserts="1" />
                <test-case id="2-1270" name="LinkReturnsCorrectResult(&quot;foo/bar&quot;,True,&quot;/foo/bar&quot;)" fullname="Wyam.Core.Tests.Documents.MetadataFixture.LinkReturnsCorrectResult(&quot;foo/bar&quot;,True,&quot;/foo/bar&quot;)" methodname="LinkReturnsCorrectResult" classname="Wyam.Core.Tests.Documents.MetadataFixture" runstate="Runnable" seed="1459303070" result="Passed" start-time="2016-01-14 18:05:17Z" end-time="2016-01-14 18:05:17Z" duration="0.000348" asserts="1" />
                <test-case id="2-1271" name="LinkReturnsCorrectResult(&quot;/foo/bar&quot;,False,&quot;/foo/bar&quot;)" fullname="Wyam.Core.Tests.Documents.MetadataFixture.LinkReturnsCorrectResult(&quot;/foo/bar&quot;,False,&quot;/foo/bar&quot;)" methodname="LinkReturnsCorrectResult" classname="Wyam.Core.Tests.Documents.MetadataFixture" runstate="Runnable" seed="511041090" result="Passed" start-time="2016-01-14 18:05:18Z" end-time="2016-01-14 18:05:18Z" duration="0.001223" asserts="1" />
                <test-case id="2-1272" name="LinkReturnsCorrectResult(&quot;/foo/bar&quot;,True,&quot;/foo/bar&quot;)" fullname="Wyam.Core.Tests.Documents.MetadataFixture.LinkReturnsCorrectResult(&quot;/foo/bar&quot;,True,&quot;/foo/bar&quot;)" methodname="LinkReturnsCorrectResult" classname="Wyam.Core.Tests.Documents.MetadataFixture" runstate="Runnable" seed="276276310" result="Passed" start-time="2016-01-14 18:05:18Z" end-time="2016-01-14 18:05:18Z" duration="0.007408" asserts="1" />
                <test-case id="2-1273" name="LinkReturnsCorrectResult(&quot;/foo/bar/index.html&quot;,False,&quot;/foo/bar/index.html&quot;)" fullname="Wyam.Core.Tests.Documents.MetadataFixture.LinkReturnsCorrectResult(&quot;/foo/bar/index.html&quot;,False,&quot;/foo/bar/index.html&quot;)" methodname="LinkReturnsCorrectResult" classname="Wyam.Core.Tests.Documents.MetadataFixture" runstate="Runnable" seed="1504083240" result="Passed" start-time="2016-01-14 18:05:18Z" end-time="2016-01-14 18:05:18Z" duration="0.007744" asserts="1" />
                <test-case id="2-1274" name="LinkReturnsCorrectResult(&quot;/foo/bar/index.html&quot;,True,&quot;/foo/bar&quot;)" fullname="Wyam.Core.Tests.Documents.MetadataFixture.LinkReturnsCorrectResult(&quot;/foo/bar/index.html&quot;,True,&quot;/foo/bar&quot;)" methodname="LinkReturnsCorrectResult" classname="Wyam.Core.Tests.Documents.MetadataFixture" runstate="Runnable" seed="1493003837" result="Passed" start-time="2016-01-14 18:05:18Z" end-time="2016-01-14 18:05:18Z" duration="0.004449" asserts="1" />
                <test-case id="2-1275" name="LinkReturnsCorrectResult(&quot;/foo/bar/index.htm&quot;,False,&quot;/foo/bar/index.htm&quot;)" fullname="Wyam.Core.Tests.Documents.MetadataFixture.LinkReturnsCorrectResult(&quot;/foo/bar/index.htm&quot;,False,&quot;/foo/bar/index.htm&quot;)" methodname="LinkReturnsCorrectResult" classname="Wyam.Core.Tests.Documents.MetadataFixture" runstate="Runnable" seed="966646711" result="Passed" start-time="2016-01-14 18:05:18Z" end-time="2016-01-14 18:05:18Z" duration="0.030788" asserts="1" />
                <test-case id="2-1276" name="LinkReturnsCorrectResult(&quot;/foo/bar/index.htm&quot;,True,&quot;/foo/bar&quot;)" fullname="Wyam.Core.Tests.Documents.MetadataFixture.LinkReturnsCorrectResult(&quot;/foo/bar/index.htm&quot;,True,&quot;/foo/bar&quot;)" methodname="LinkReturnsCorrectResult" classname="Wyam.Core.Tests.Documents.MetadataFixture" runstate="Runnable" seed="1528001366" result="Passed" start-time="2016-01-14 18:05:18Z" end-time="2016-01-14 18:05:18Z" duration="0.001827" asserts="1" />
                <test-case id="2-1277" name="LinkReturnsCorrectResult(&quot;/foo/bar/baz.html&quot;,False,&quot;/foo/bar/baz.html&quot;)" fullname="Wyam.Core.Tests.Documents.MetadataFixture.LinkReturnsCorrectResult(&quot;/foo/bar/baz.html&quot;,False,&quot;/foo/bar/baz.html&quot;)" methodname="LinkReturnsCorrectResult" classname="Wyam.Core.Tests.Documents.MetadataFixture" runstate="Runnable" seed="376161915" result="Passed" start-time="2016-01-14 18:05:18Z" end-time="2016-01-14 18:05:18Z" duration="0.000387" asserts="1" />
                <test-case id="2-1278" name="LinkReturnsCorrectResult(&quot;/foo/bar/baz.html&quot;,True,&quot;/foo/bar/baz.html&quot;)" fullname="Wyam.Core.Tests.Documents.MetadataFixture.LinkReturnsCorrectResult(&quot;/foo/bar/baz.html&quot;,True,&quot;/foo/bar/baz.html&quot;)" methodname="LinkReturnsCorrectResult" classname="Wyam.Core.Tests.Documents.MetadataFixture" runstate="Runnable" seed="79920680" result="Passed" start-time="2016-01-14 18:05:18Z" end-time="2016-01-14 18:05:18Z" duration="0.000468" asserts="1" />
                <test-case id="2-1279" name="LinkReturnsCorrectResult(null,False,&quot;#&quot;)" fullname="Wyam.Core.Tests.Documents.MetadataFixture.LinkReturnsCorrectResult(null,False,&quot;#&quot;)" methodname="LinkReturnsCorrectResult" classname="Wyam.Core.Tests.Documents.MetadataFixture" runstate="Runnable" seed="1464159697" result="Passed" start-time="2016-01-14 18:05:18Z" end-time="2016-01-14 18:05:18Z" duration="0.001077" asserts="1" />
                <test-case id="2-1280" name="LinkReturnsCorrectResult(null,True,&quot;#&quot;)" fullname="Wyam.Core.Tests.Documents.MetadataFixture.LinkReturnsCorrectResult(null,True,&quot;#&quot;)" methodname="LinkReturnsCorrectResult" classname="Wyam.Core.Tests.Documents.MetadataFixture" runstate="Runnable" seed="1899211000" result="Passed" start-time="2016-01-14 18:05:18Z" end-time="2016-01-14 18:05:18Z" duration="0.000981" asserts="1" />
                <test-case id="2-1281" name="LinkReturnsCorrectResult(&quot;&quot;,False,&quot;#&quot;)" fullname="Wyam.Core.Tests.Documents.MetadataFixture.LinkReturnsCorrectResult(&quot;&quot;,False,&quot;#&quot;)" methodname="LinkReturnsCorrectResult" classname="Wyam.Core.Tests.Documents.MetadataFixture" runstate="Runnable" seed="997687769" result="Passed" start-time="2016-01-14 18:05:19Z" end-time="2016-01-14 18:05:19Z" duration="0.000342" asserts="1" />
                <test-case id="2-1282" name="LinkReturnsCorrectResult(&quot;&quot;,True,&quot;#&quot;)" fullname="Wyam.Core.Tests.Documents.MetadataFixture.LinkReturnsCorrectResult(&quot;&quot;,True,&quot;#&quot;)" methodname="LinkReturnsCorrectResult" classname="Wyam.Core.Tests.Documents.MetadataFixture" runstate="Runnable" seed="2117901244" result="Passed" start-time="2016-01-14 18:05:19Z" end-time="2016-01-14 18:05:19Z" duration="0.001458" asserts="1" />
                <test-case id="2-1283" name="LinkReturnsCorrectResult(&quot; &quot;,False,&quot;#&quot;)" fullname="Wyam.Core.Tests.Documents.MetadataFixture.LinkReturnsCorrectResult(&quot; &quot;,False,&quot;#&quot;)" methodname="LinkReturnsCorrectResult" classname="Wyam.Core.Tests.Documents.MetadataFixture" runstate="Runnable" seed="106741423" result="Passed" start-time="2016-01-14 18:05:19Z" end-time="2016-01-14 18:05:19Z" duration="0.000431" asserts="1" />
                <test-case id="2-1284" name="LinkReturnsCorrectResult(&quot; &quot;,True,&quot;#&quot;)" fullname="Wyam.Core.Tests.Documents.MetadataFixture.LinkReturnsCorrectResult(&quot; &quot;,True,&quot;#&quot;)" methodname="LinkReturnsCorrectResult" classname="Wyam.Core.Tests.Documents.MetadataFixture" runstate="Runnable" seed="137039851" result="Passed" start-time="2016-01-14 18:05:19Z" end-time="2016-01-14 18:05:19Z" duration="0.000316" asserts="1" />
                <test-case id="2-1285" name="LinkReturnsCorrectResult(&quot;/index.html&quot;,False,&quot;/index.html&quot;)" fullname="Wyam.Core.Tests.Documents.MetadataFixture.LinkReturnsCorrectResult(&quot;/index.html&quot;,False,&quot;/index.html&quot;)" methodname="LinkReturnsCorrectResult" classname="Wyam.Core.Tests.Documents.MetadataFixture" runstate="Runnable" seed="1152608289" result="Passed" start-time="2016-01-14 18:05:19Z" end-time="2016-01-14 18:05:19Z" duration="0.003827" asserts="1" />
                <test-case id="2-1286" name="LinkReturnsCorrectResult(&quot;/index.html&quot;,True,&quot;/&quot;)" fullname="Wyam.Core.Tests.Documents.MetadataFixture.LinkReturnsCorrectResult(&quot;/index.html&quot;,True,&quot;/&quot;)" methodname="LinkReturnsCorrectResult" classname="Wyam.Core.Tests.Documents.MetadataFixture" runstate="Runnable" seed="1973987950" result="Passed" start-time="2016-01-14 18:05:19Z" end-time="2016-01-14 18:05:19Z" duration="0.000571" asserts="1" />
                <test-case id="2-1287" name="LinkReturnsCorrectResult(&quot;index.html&quot;,False,&quot;/index.html&quot;)" fullname="Wyam.Core.Tests.Documents.MetadataFixture.LinkReturnsCorrectResult(&quot;index.html&quot;,False,&quot;/index.html&quot;)" methodname="LinkReturnsCorrectResult" classname="Wyam.Core.Tests.Documents.MetadataFixture" runstate="Runnable" seed="351249368" result="Passed" start-time="2016-01-14 18:05:19Z" end-time="2016-01-14 18:05:19Z" duration="0.000442" asserts="1" />
                <test-case id="2-1288" name="LinkReturnsCorrectResult(&quot;index.html&quot;,True,&quot;/&quot;)" fullname="Wyam.Core.Tests.Documents.MetadataFixture.LinkReturnsCorrectResult(&quot;index.html&quot;,True,&quot;/&quot;)" methodname="LinkReturnsCorrectResult" classname="Wyam.Core.Tests.Documents.MetadataFixture" runstate="Runnable" seed="518951753" result="Passed" start-time="2016-01-14 18:05:19Z" end-time="2016-01-14 18:05:19Z" duration="0.000341" asserts="1" />
                <test-case id="2-1289" name="LinkReturnsCorrectResult(&quot;/foo.html&quot;,False,&quot;/foo.html&quot;)" fullname="Wyam.Core.Tests.Documents.MetadataFixture.LinkReturnsCorrectResult(&quot;/foo.html&quot;,False,&quot;/foo.html&quot;)" methodname="LinkReturnsCorrectResult" classname="Wyam.Core.Tests.Documents.MetadataFixture" runstate="Runnable" seed="608586132" result="Passed" start-time="2016-01-14 18:05:19Z" end-time="2016-01-14 18:05:19Z" duration="0.019101" asserts="1" />
                <test-case id="2-1290" name="LinkReturnsCorrectResult(&quot;/foo.html&quot;,True,&quot;/foo.html&quot;)" fullname="Wyam.Core.Tests.Documents.MetadataFixture.LinkReturnsCorrectResult(&quot;/foo.html&quot;,True,&quot;/foo.html&quot;)" methodname="LinkReturnsCorrectResult" classname="Wyam.Core.Tests.Documents.MetadataFixture" runstate="Runnable" seed="1024470756" result="Passed" start-time="2016-01-14 18:05:19Z" end-time="2016-01-14 18:05:19Z" duration="0.000211" asserts="1" />
                <test-case id="2-1291" name="LinkReturnsCorrectResult(&quot;foo.html&quot;,False,&quot;/foo.html&quot;)" fullname="Wyam.Core.Tests.Documents.MetadataFixture.LinkReturnsCorrectResult(&quot;foo.html&quot;,False,&quot;/foo.html&quot;)" methodname="LinkReturnsCorrectResult" classname="Wyam.Core.Tests.Documents.MetadataFixture" runstate="Runnable" seed="933444854" result="Passed" start-time="2016-01-14 18:05:19Z" end-time="2016-01-14 18:05:19Z" duration="0.000193" asserts="1" />
                <test-case id="2-1292" name="LinkReturnsCorrectResult(&quot;foo.html&quot;,True,&quot;/foo.html&quot;)" fullname="Wyam.Core.Tests.Documents.MetadataFixture.LinkReturnsCorrectResult(&quot;foo.html&quot;,True,&quot;/foo.html&quot;)" methodname="LinkReturnsCorrectResult" classname="Wyam.Core.Tests.Documents.MetadataFixture" runstate="Runnable" seed="1617349895" result="Passed" start-time="2016-01-14 18:05:19Z" end-time="2016-01-14 18:05:19Z" duration="0.000198" asserts="1" />
              </test-suite>
              <test-case id="2-1268" name="ListReturnsCorrectResultForArray" fullname="Wyam.Core.Tests.Documents.MetadataFixture.ListReturnsCorrectResultForArray" methodname="ListReturnsCorrectResultForArray" classname="Wyam.Core.Tests.Documents.MetadataFixture" runstate="Runnable" seed="1469648869" result="Passed" start-time="2016-01-14 18:05:19Z" end-time="2016-01-14 18:05:19Z" duration="0.015995" asserts="2" />
              <test-case id="2-1267" name="ListReturnsCorrectResultForConvertedIntList" fullname="Wyam.Core.Tests.Documents.MetadataFixture.ListReturnsCorrectResultForConvertedIntList" methodname="ListReturnsCorrectResultForConvertedIntList" classname="Wyam.Core.Tests.Documents.MetadataFixture" runstate="Runnable" seed="278825870" result="Passed" start-time="2016-01-14 18:05:19Z" end-time="2016-01-14 18:05:19Z" duration="0.061908" asserts="2" />
              <test-case id="2-1266" name="ListReturnsCorrectResultForConvertedStringList" fullname="Wyam.Core.Tests.Documents.MetadataFixture.ListReturnsCorrectResultForConvertedStringList" methodname="ListReturnsCorrectResultForConvertedStringList" classname="Wyam.Core.Tests.Documents.MetadataFixture" runstate="Runnable" seed="196353689" result="Passed" start-time="2016-01-14 18:05:19Z" end-time="2016-01-14 18:05:19Z" duration="0.047021" asserts="2" />
              <test-case id="2-1265" name="ListReturnsCorrectResultForList" fullname="Wyam.Core.Tests.Documents.MetadataFixture.ListReturnsCorrectResultForList" methodname="ListReturnsCorrectResultForList" classname="Wyam.Core.Tests.Documents.MetadataFixture" runstate="Runnable" seed="1949304503" result="Passed" start-time="2016-01-14 18:05:19Z" end-time="2016-01-14 18:05:19Z" duration="0.014449" asserts="2" />
              <test-case id="2-1259" name="TryGetValueReturnsFalseForInvalidValue" fullname="Wyam.Core.Tests.Documents.MetadataFixture.TryGetValueReturnsFalseForInvalidValue" methodname="TryGetValueReturnsFalseForInvalidValue" classname="Wyam.Core.Tests.Documents.MetadataFixture" runstate="Runnable" seed="1997023568" result="Passed" start-time="2016-01-14 18:05:20Z" end-time="2016-01-14 18:05:20Z" duration="0.001248" asserts="2" />
              <test-case id="2-1258" name="TryGetValueReturnsTrueForValidValue" fullname="Wyam.Core.Tests.Documents.MetadataFixture.TryGetValueReturnsTrueForValidValue" methodname="TryGetValueReturnsTrueForValidValue" classname="Wyam.Core.Tests.Documents.MetadataFixture" runstate="Runnable" seed="1478212656" result="Passed" start-time="2016-01-14 18:05:20Z" end-time="2016-01-14 18:05:20Z" duration="0.000957" asserts="2" />
              <test-case id="2-1295" name="TryGetValueWithMetadataValueReturnsCorrectResult" fullname="Wyam.Core.Tests.Documents.MetadataFixture.TryGetValueWithMetadataValueReturnsCorrectResult" methodname="TryGetValueWithMetadataValueReturnsCorrectResult" classname="Wyam.Core.Tests.Documents.MetadataFixture" runstate="Runnable" seed="404223390" result="Passed" start-time="2016-01-14 18:05:20Z" end-time="2016-01-14 18:05:20Z" duration="0.002082" asserts="2" />
            </test-suite>
          </test-suite>
          <test-suite type="TestSuite" id="2-1303" name="Pipelines" fullname="Wyam.Core.Tests.Pipelines" runstate="Runnable" testcasecount="3" result="Passed" start-time="2016-01-14 18:05:04Z" end-time="2016-01-14 18:05:27Z" duration="23.158010" total="3" passed="3" failed="0" inconclusive="0" skipped="0" asserts="30">
            <test-suite type="TestFixture" id="2-1007" name="PipelineFixture" fullname="Wyam.Core.Tests.Pipelines.PipelineFixture" classname="Wyam.Core.Tests.Pipelines.PipelineFixture" runstate="Runnable" testcasecount="3" result="Passed" start-time="2016-01-14 18:05:27Z" end-time="2016-01-14 18:05:27Z" duration="0.043752" total="3" passed="3" failed="0" inconclusive="0" skipped="0" asserts="30">
              <properties>
                <property name="ParallelScope" value="Self, Children" />
              </properties>
              <test-case id="2-1009" name="DoesNotProcessPreviousDocumentsWhenSameSource" fullname="Wyam.Core.Tests.Pipelines.PipelineFixture.DoesNotProcessPreviousDocumentsWhenSameSource" methodname="DoesNotProcessPreviousDocumentsWhenSameSource" classname="Wyam.Core.Tests.Pipelines.PipelineFixture" runstate="Runnable" seed="211985103" result="Passed" start-time="2016-01-14 18:05:27Z" end-time="2016-01-14 18:05:27Z" duration="0.031476" asserts="10" />
              <test-case id="2-1008" name="ReprocessesPreviousDocumentsWithDistinctSources" fullname="Wyam.Core.Tests.Pipelines.PipelineFixture.ReprocessesPreviousDocumentsWithDistinctSources" methodname="ReprocessesPreviousDocumentsWithDistinctSources" classname="Wyam.Core.Tests.Pipelines.PipelineFixture" runstate="Runnable" seed="963478164" result="Passed" start-time="2016-01-14 18:05:27Z" end-time="2016-01-14 18:05:27Z" duration="0.005797" asserts="10" />
              <test-case id="2-1010" name="ReprocessPreviousDocumentsWithDifferentContent" fullname="Wyam.Core.Tests.Pipelines.PipelineFixture.ReprocessPreviousDocumentsWithDifferentContent" methodname="ReprocessPreviousDocumentsWithDifferentContent" classname="Wyam.Core.Tests.Pipelines.PipelineFixture" runstate="Runnable" seed="961503095" result="Passed" start-time="2016-01-14 18:05:27Z" end-time="2016-01-14 18:05:27Z" duration="0.005071" asserts="10" />
            </test-suite>
          </test-suite>
          <test-suite type="TestSuite" id="2-1305" name="Modules" fullname="Wyam.Core.Tests.Modules" runstate="Runnable" testcasecount="145" result="Passed" start-time="2016-01-14 18:05:03Z" end-time="2016-01-14 18:05:29Z" duration="25.230161" total="145" passed="145" failed="0" inconclusive="0" skipped="0" asserts="323">
            <test-suite type="TestSuite" id="2-1307" name="Content" fullname="Wyam.Core.Tests.Modules.Content" runstate="Runnable" testcasecount="6" result="Passed" start-time="2016-01-14 18:05:03Z" end-time="2016-01-14 18:05:15Z" duration="11.928374" total="6" passed="6" failed="0" inconclusive="0" skipped="0" asserts="12">
              <test-suite type="TestFixture" id="2-1071" name="SitemapFixture" fullname="Wyam.Core.Tests.Modules.Content.SitemapFixture" classname="Wyam.Core.Tests.Modules.Content.SitemapFixture" runstate="Runnable" testcasecount="6" result="Passed" start-time="2016-01-14 18:05:15Z" end-time="2016-01-14 18:05:15Z" duration="0.500776" total="6" passed="6" failed="0" inconclusive="0" skipped="0" asserts="12">
                <properties>
                  <property name="ParallelScope" value="Self, Children" />
                </properties>
                <test-suite type="ParameterizedMethod" id="2-1075" name="SitemapGeneratedWithSitemapItem" fullname="Wyam.Core.Tests.Modules.Content.SitemapFixture.SitemapGeneratedWithSitemapItem" runstate="Runnable" testcasecount="3" result="Passed" start-time="2016-01-14 18:05:15Z" end-time="2016-01-14 18:05:15Z" duration="0.282542" total="3" passed="3" failed="0" inconclusive="0" skipped="0" asserts="6">
                  <test-case id="2-1072" name="SitemapGeneratedWithSitemapItem(&quot;http://www.example.org&quot;,null,&quot;http://www.example.org/sub/testfile.html&quot;)" fullname="Wyam.Core.Tests.Modules.Content.SitemapFixture.SitemapGeneratedWithSitemapItem(&quot;http://www.example.org&quot;,null,&quot;http://www.example.org/sub/testfile.html&quot;)" methodname="SitemapGeneratedWithSitemapItem" classname="Wyam.Core.Tests.Modules.Content.SitemapFixture" runstate="Runnable" seed="1793313446" result="Passed" start-time="2016-01-14 18:05:15Z" end-time="2016-01-14 18:05:15Z" duration="0.021437" asserts="2" />
                  <test-case id="2-1073" name="SitemapGeneratedWithSitemapItem(null,&quot;http://www.example.com/{0}&quot;,&quot;http://www.example.com/sub/testfile.html&quot;)" fullname="Wyam.Core.Tests.Modules.Content.SitemapFixture.SitemapGeneratedWithSitemapItem(null,&quot;http://www.example.com/{0}&quot;,&quot;http://www.example.com/sub/testfile.html&quot;)" methodname="SitemapGeneratedWithSitemapItem" classname="Wyam.Core.Tests.Modules.Content.SitemapFixture" runstate="Runnable" seed="965381202" result="Passed" start-time="2016-01-14 18:05:15Z" end-time="2016-01-14 18:05:15Z" duration="0.053911" asserts="2" />
                  <test-case id="2-1074" name="SitemapGeneratedWithSitemapItem(&quot;http://www.example.org&quot;,&quot;http://www.example.com/{0}&quot;,&quot;http://www.example.com/sub/testfile.html&quot;)" fullname="Wyam.Core.Tests.Modules.Content.SitemapFixture.SitemapGeneratedWithSitemapItem(&quot;http://www.example.org&quot;,&quot;http://www.example.com/{0}&quot;,&quot;http://www.example.com/sub/testfile.html&quot;)" methodname="SitemapGeneratedWithSitemapItem" classname="Wyam.Core.Tests.Modules.Content.SitemapFixture" runstate="Runnable" seed="2123137215" result="Passed" start-time="2016-01-14 18:05:15Z" end-time="2016-01-14 18:05:15Z" duration="0.002743" asserts="2" />
                </test-suite>
                <test-suite type="ParameterizedMethod" id="2-1079" name="SitemapGeneratedWithSitemapItemAsString" fullname="Wyam.Core.Tests.Modules.Content.SitemapFixture.SitemapGeneratedWithSitemapItemAsString" runstate="Runnable" testcasecount="3" result="Passed" start-time="2016-01-14 18:05:15Z" end-time="2016-01-14 18:05:15Z" duration="0.181184" total="3" passed="3" failed="0" inconclusive="0" skipped="0" asserts="6">
                  <test-case id="2-1076" name="SitemapGeneratedWithSitemapItemAsString(&quot;http://www.example.org&quot;,null,&quot;http://www.example.org/sub/testfile.html&quot;)" fullname="Wyam.Core.Tests.Modules.Content.SitemapFixture.SitemapGeneratedWithSitemapItemAsString(&quot;http://www.example.org&quot;,null,&quot;http://www.example.org/sub/testfile.html&quot;)" methodname="SitemapGeneratedWithSitemapItemAsString" classname="Wyam.Core.Tests.Modules.Content.SitemapFixture" runstate="Runnable" seed="1668270324" result="Passed" start-time="2016-01-14 18:05:15Z" end-time="2016-01-14 18:05:15Z" duration="0.030813" asserts="2" />
                  <test-case id="2-1077" name="SitemapGeneratedWithSitemapItemAsString(null,&quot;http://www.example.com/{0}&quot;,&quot;http://www.example.com/sub/testfile.html&quot;)" fullname="Wyam.Core.Tests.Modules.Content.SitemapFixture.SitemapGeneratedWithSitemapItemAsString(null,&quot;http://www.example.com/{0}&quot;,&quot;http://www.example.com/sub/testfile.html&quot;)" methodname="SitemapGeneratedWithSitemapItemAsString" classname="Wyam.Core.Tests.Modules.Content.SitemapFixture" runstate="Runnable" seed="2110159778" result="Passed" start-time="2016-01-14 18:05:15Z" end-time="2016-01-14 18:05:15Z" duration="0.045006" asserts="2" />
                  <test-case id="2-1078" name="SitemapGeneratedWithSitemapItemAsString(&quot;http://www.example.org&quot;,&quot;http://www.example.com/{0}&quot;,&quot;http://www.example.com/sub/testfile.html&quot;)" fullname="Wyam.Core.Tests.Modules.Content.SitemapFixture.SitemapGeneratedWithSitemapItemAsString(&quot;http://www.example.org&quot;,&quot;http://www.example.com/{0}&quot;,&quot;http://www.example.com/sub/testfile.html&quot;)" methodname="SitemapGeneratedWithSitemapItemAsString" classname="Wyam.Core.Tests.Modules.Content.SitemapFixture" runstate="Runnable" seed="2141596860" result="Passed" start-time="2016-01-14 18:05:15Z" end-time="2016-01-14 18:05:15Z" duration="0.001687" asserts="2" />
                </test-suite>
              </test-suite>
            </test-suite>
            <test-suite type="TestSuite" id="2-1311" name="Control" fullname="Wyam.Core.Tests.Modules.Control" runstate="Runnable" testcasecount="38" result="Passed" start-time="2016-01-14 18:05:03Z" end-time="2016-01-14 18:05:17Z" duration="13.117836" total="38" passed="38" failed="0" inconclusive="0" skipped="0" asserts="172">
              <test-suite type="TestFixture" id="2-1198" name="BranchFixture" fullname="Wyam.Core.Tests.Modules.Control.BranchFixture" classname="Wyam.Core.Tests.Modules.Control.BranchFixture" runstate="Runnable" testcasecount="2" result="Passed" start-time="2016-01-14 18:05:15Z" end-time="2016-01-14 18:05:15Z" duration="0.058353" total="2" passed="2" failed="0" inconclusive="0" skipped="0" asserts="18">
                <properties>
                  <property name="ParallelScope" value="Self, Children" />
                </properties>
                <test-case id="2-1199" name="BranchResultsInCorrectCounts" fullname="Wyam.Core.Tests.Modules.Control.BranchFixture.BranchResultsInCorrectCounts" methodname="BranchResultsInCorrectCounts" classname="Wyam.Core.Tests.Modules.Control.BranchFixture" runstate="Runnable" seed="2013654862" result="Passed" start-time="2016-01-14 18:05:15Z" end-time="2016-01-14 18:05:15Z" duration="0.027476" asserts="9" />
                <test-case id="2-1200" name="BranchWithPredicateResultsInCorrectCounts" fullname="Wyam.Core.Tests.Modules.Control.BranchFixture.BranchWithPredicateResultsInCorrectCounts" methodname="BranchWithPredicateResultsInCorrectCounts" classname="Wyam.Core.Tests.Modules.Control.BranchFixture" runstate="Runnable" seed="238513375" result="Passed" start-time="2016-01-14 18:05:15Z" end-time="2016-01-14 18:05:15Z" duration="0.016228" asserts="9" />
              </test-suite>
              <test-suite type="TestFixture" id="2-1195" name="ConcatBranchFixture" fullname="Wyam.Core.Tests.Modules.Control.ConcatBranchFixture" classname="Wyam.Core.Tests.Modules.Control.ConcatBranchFixture" runstate="Runnable" testcasecount="2" result="Passed" start-time="2016-01-14 18:05:15Z" end-time="2016-01-14 18:05:15Z" duration="0.078952" total="2" passed="2" failed="0" inconclusive="0" skipped="0" asserts="18">
                <properties>
                  <property name="ParallelScope" value="Self, Children" />
                </properties>
                <test-case id="2-1196" name="ResultsInCorrectCounts" fullname="Wyam.Core.Tests.Modules.Control.ConcatBranchFixture.ResultsInCorrectCounts" methodname="ResultsInCorrectCounts" classname="Wyam.Core.Tests.Modules.Control.ConcatBranchFixture" runstate="Runnable" seed="630744275" result="Passed" start-time="2016-01-14 18:05:15Z" end-time="2016-01-14 18:05:15Z" duration="0.004514" asserts="9" />
                <test-case id="2-1197" name="WithPredicateResultsInCorrectCounts" fullname="Wyam.Core.Tests.Modules.Control.ConcatBranchFixture.WithPredicateResultsInCorrectCounts" methodname="WithPredicateResultsInCorrectCounts" classname="Wyam.Core.Tests.Modules.Control.ConcatBranchFixture" runstate="Runnable" seed="1791378015" result="Passed" start-time="2016-01-14 18:05:15Z" end-time="2016-01-14 18:05:15Z" duration="0.063843" asserts="9" />
              </test-suite>
              <test-suite type="TestFixture" id="2-1201" name="DocumentsFixture" fullname="Wyam.Core.Tests.Modules.Control.DocumentsFixture" classname="Wyam.Core.Tests.Modules.Control.DocumentsFixture" runstate="Runnable" testcasecount="4" result="Passed" start-time="2016-01-14 18:05:15Z" end-time="2016-01-14 18:05:16Z" duration="0.094674" total="4" passed="4" failed="0" inconclusive="0" skipped="0" asserts="9">
                <properties>
                  <property name="ParallelScope" value="Self, Children" />
                </properties>
                <test-case id="2-1205" name="ContentAndMetadataReturnsCorrectDocuments" fullname="Wyam.Core.Tests.Modules.Control.DocumentsFixture.ContentAndMetadataReturnsCorrectDocuments" methodname="ContentAndMetadataReturnsCorrectDocuments" classname="Wyam.Core.Tests.Modules.Control.DocumentsFixture" runstate="Runnable" seed="1212345117" result="Passed" start-time="2016-01-14 18:05:15Z" end-time="2016-01-14 18:05:15Z" duration="0.019974" asserts="4" />
                <test-case id="2-1203" name="ContentReturnsCorrectDocuments" fullname="Wyam.Core.Tests.Modules.Control.DocumentsFixture.ContentReturnsCorrectDocuments" methodname="ContentReturnsCorrectDocuments" classname="Wyam.Core.Tests.Modules.Control.DocumentsFixture" runstate="Runnable" seed="287226356" result="Passed" start-time="2016-01-14 18:05:15Z" end-time="2016-01-14 18:05:16Z" duration="0.017015" asserts="2" />
                <test-case id="2-1202" name="CountReturnsCorrectDocuments" fullname="Wyam.Core.Tests.Modules.Control.DocumentsFixture.CountReturnsCorrectDocuments" methodname="CountReturnsCorrectDocuments" classname="Wyam.Core.Tests.Modules.Control.DocumentsFixture" runstate="Runnable" seed="1100392106" result="Passed" start-time="2016-01-14 18:05:16Z" end-time="2016-01-14 18:05:16Z" duration="0.011118" asserts="1" />
                <test-case id="2-1204" name="MetadataReturnsCorrectDocuments" fullname="Wyam.Core.Tests.Modules.Control.DocumentsFixture.MetadataReturnsCorrectDocuments" methodname="MetadataReturnsCorrectDocuments" classname="Wyam.Core.Tests.Modules.Control.DocumentsFixture" runstate="Runnable" seed="492254403" result="Passed" start-time="2016-01-14 18:05:16Z" end-time="2016-01-14 18:05:16Z" duration="0.005183" asserts="2" />
              </test-suite>
              <test-suite type="TestFixture" id="2-1206" name="FrontMatterFixture" fullname="Wyam.Core.Tests.Modules.Control.FrontMatterFixture" classname="Wyam.Core.Tests.Modules.Control.FrontMatterFixture" runstate="Runnable" testcasecount="11" result="Passed" start-time="2016-01-14 18:05:16Z" end-time="2016-01-14 18:05:16Z" duration="0.272239" total="11" passed="11" failed="0" inconclusive="0" skipped="0" asserts="34">
                <properties>
                  <property name="ParallelScope" value="Self, Children" />
                </properties>
                <test-case id="2-1208" name="DashStringDoesNotSplitAtNonmatchingDashes" fullname="Wyam.Core.Tests.Modules.Control.FrontMatterFixture.DashStringDoesNotSplitAtNonmatchingDashes" methodname="DashStringDoesNotSplitAtNonmatchingDashes" classname="Wyam.Core.Tests.Modules.Control.FrontMatterFixture" runstate="Runnable" seed="685264920" result="Passed" start-time="2016-01-14 18:05:16Z" end-time="2016-01-14 18:05:16Z" duration="0.048544" asserts="3" />
                <test-case id="2-1216" name="DefaultCtorIgnoresDelimiterOnFirstLine" fullname="Wyam.Core.Tests.Modules.Control.FrontMatterFixture.DefaultCtorIgnoresDelimiterOnFirstLine" methodname="DefaultCtorIgnoresDelimiterOnFirstLine" classname="Wyam.Core.Tests.Modules.Control.FrontMatterFixture" runstate="Runnable" seed="1453860473" result="Passed" start-time="2016-01-14 18:05:16Z" end-time="2016-01-14 18:05:16Z" duration="0.004534" asserts="3" />
                <test-case id="2-1207" name="DefaultCtorSplitsAtDashes" fullname="Wyam.Core.Tests.Modules.Control.FrontMatterFixture.DefaultCtorSplitsAtDashes" methodname="DefaultCtorSplitsAtDashes" classname="Wyam.Core.Tests.Modules.Control.FrontMatterFixture" runstate="Runnable" seed="151265349" result="Passed" start-time="2016-01-14 18:05:16Z" end-time="2016-01-14 18:05:16Z" duration="0.002791" asserts="3" />
                <test-case id="2-1209" name="MatchingStringSplitsAtCorrectLocation" fullname="Wyam.Core.Tests.Modules.Control.FrontMatterFixture.MatchingStringSplitsAtCorrectLocation" methodname="MatchingStringSplitsAtCorrectLocation" classname="Wyam.Core.Tests.Modules.Control.FrontMatterFixture" runstate="Runnable" seed="469144406" result="Passed" start-time="2016-01-14 18:05:16Z" end-time="2016-01-14 18:05:16Z" duration="0.012683" asserts="3" />
                <test-case id="2-1215" name="MultipleInputDocumentsResultsInMultipleOutputs" fullname="Wyam.Core.Tests.Modules.Control.FrontMatterFixture.MultipleInputDocumentsResultsInMultipleOutputs" methodname="MultipleInputDocumentsResultsInMultipleOutputs" classname="Wyam.Core.Tests.Modules.Control.FrontMatterFixture" runstate="Runnable" seed="420311326" result="Passed" start-time="2016-01-14 18:05:16Z" end-time="2016-01-14 18:05:16Z" duration="0.005895" asserts="4" />
                <test-case id="2-1217" name="NoIgnoreDelimiterOnFirstLine" fullname="Wyam.Core.Tests.Modules.Control.FrontMatterFixture.NoIgnoreDelimiterOnFirstLine" methodname="NoIgnoreDelimiterOnFirstLine" classname="Wyam.Core.Tests.Modules.Control.FrontMatterFixture" runstate="Runnable" seed="934493138" result="Passed" start-time="2016-01-14 18:05:16Z" end-time="2016-01-14 18:05:16Z" duration="0.002532" asserts="3" />
                <test-case id="2-1210" name="SingleCharWithRepeatedDelimiterSplitsAtCorrectLocation" fullname="Wyam.Core.Tests.Modules.Control.FrontMatterFixture.SingleCharWithRepeatedDelimiterSplitsAtCorrectLocation" methodname="SingleCharWithRepeatedDelimiterSplitsAtCorrectLocation" classname="Wyam.Core.Tests.Modules.Control.FrontMatterFixture" runstate="Runnable" seed="696857429" result="Passed" start-time="2016-01-14 18:05:16Z" end-time="2016-01-14 18:05:16Z" duration="0.020437" asserts="3" />
                <test-case id="2-1213" name="SingleCharWithRepeatedDelimiterWithExtraLinesSplitsAtCorrectLocation" fullname="Wyam.Core.Tests.Modules.Control.FrontMatterFixture.SingleCharWithRepeatedDelimiterWithExtraLinesSplitsAtCorrectLocation" methodname="SingleCharWithRepeatedDelimiterWithExtraLinesSplitsAtCorrectLocation" classname="Wyam.Core.Tests.Modules.Control.FrontMatterFixture" runstate="Runnable" seed="1348268557" result="Passed" start-time="2016-01-14 18:05:16Z" end-time="2016-01-14 18:05:16Z" duration="0.014201" asserts="3" />
                <test-case id="2-1212" name="SingleCharWithRepeatedDelimiterWithLeadingSpacesDoesNotSplit" fullname="Wyam.Core.Tests.Modules.Control.FrontMatterFixture.SingleCharWithRepeatedDelimiterWithLeadingSpacesDoesNotSplit" methodname="SingleCharWithRepeatedDelimiterWithLeadingSpacesDoesNotSplit" classname="Wyam.Core.Tests.Modules.Control.FrontMatterFixture" runstate="Runnable" seed="2010762433" result="Passed" start-time="2016-01-14 18:05:16Z" end-time="2016-01-14 18:05:16Z" duration="0.011314" asserts="3" />
                <test-case id="2-1211" name="SingleCharWithRepeatedDelimiterWithTrailingSpacesSplitsAtCorrectLocation" fullname="Wyam.Core.Tests.Modules.Control.FrontMatterFixture.SingleCharWithRepeatedDelimiterWithTrailingSpacesSplitsAtCorrectLocation" methodname="SingleCharWithRepeatedDelimiterWithTrailingSpacesSplitsAtCorrectLocation" classname="Wyam.Core.Tests.Modules.Control.FrontMatterFixture" runstate="Runnable" seed="1327267827" result="Passed" start-time="2016-01-14 18:05:16Z" end-time="2016-01-14 18:05:16Z" duration="0.012034" asserts="3" />
                <test-case id="2-1214" name="SingleCharWithSingleDelimiterSplitsAtCorrectLocation" fullname="Wyam.Core.Tests.Modules.Control.FrontMatterFixture.SingleCharWithSingleDelimiterSplitsAtCorrectLocation" methodname="SingleCharWithSingleDelimiterSplitsAtCorrectLocation" classname="Wyam.Core.Tests.Modules.Control.FrontMatterFixture" runstate="Runnable" seed="33462784" result="Passed" start-time="2016-01-14 18:05:16Z" end-time="2016-01-14 18:05:16Z" duration="0.002383" asserts="3" />
              </test-suite>
              <test-suite type="TestFixture" id="2-1218" name="GroupByFixture" fullname="Wyam.Core.Tests.Modules.Control.GroupByFixture" classname="Wyam.Core.Tests.Modules.Control.GroupByFixture" runstate="Runnable" testcasecount="2" result="Passed" start-time="2016-01-14 18:05:16Z" end-time="2016-01-14 18:05:16Z" duration="0.178127" total="2" passed="2" failed="0" inconclusive="0" skipped="0" asserts="5">
                <properties>
                  <property name="ParallelScope" value="Self, Children" />
                </properties>
                <test-case id="2-1219" name="GroupBySetsCorrectMetadata" fullname="Wyam.Core.Tests.Modules.Control.GroupByFixture.GroupBySetsCorrectMetadata" methodname="GroupBySetsCorrectMetadata" classname="Wyam.Core.Tests.Modules.Control.GroupByFixture" runstate="Runnable" seed="1798877458" result="Passed" start-time="2016-01-14 18:05:16Z" end-time="2016-01-14 18:05:16Z" duration="0.103732" asserts="1" />
                <test-case id="2-1220" name="GroupBySetsDocumentsInMetadata" fullname="Wyam.Core.Tests.Modules.Control.GroupByFixture.GroupBySetsDocumentsInMetadata" methodname="GroupBySetsDocumentsInMetadata" classname="Wyam.Core.Tests.Modules.Control.GroupByFixture" runstate="Runnable" seed="1087171945" result="Passed" start-time="2016-01-14 18:05:16Z" end-time="2016-01-14 18:05:16Z" duration="0.046293" asserts="4" />
              </test-suite>
              <test-suite type="TestFixture" id="2-1221" name="IfFixture" fullname="Wyam.Core.Tests.Modules.Control.IfFixture" classname="Wyam.Core.Tests.Modules.Control.IfFixture" runstate="Runnable" testcasecount="4" result="Passed" start-time="2016-01-14 18:05:16Z" end-time="2016-01-14 18:05:16Z" duration="0.102405" total="4" passed="4" failed="0" inconclusive="0" skipped="0" asserts="48">
                <properties>
                  <property name="ParallelScope" value="Self, Children" />
                </properties>
                <test-case id="2-1223" name="ElseIfResultsInCorrectCounts" fullname="Wyam.Core.Tests.Modules.Control.IfFixture.ElseIfResultsInCorrectCounts" methodname="ElseIfResultsInCorrectCounts" classname="Wyam.Core.Tests.Modules.Control.IfFixture" runstate="Runnable" seed="1151358903" result="Passed" start-time="2016-01-14 18:05:16Z" end-time="2016-01-14 18:05:16Z" duration="0.018315" asserts="12" />
                <test-case id="2-1224" name="ElseResultsInCorrectCounts" fullname="Wyam.Core.Tests.Modules.Control.IfFixture.ElseResultsInCorrectCounts" methodname="ElseResultsInCorrectCounts" classname="Wyam.Core.Tests.Modules.Control.IfFixture" runstate="Runnable" seed="1513302308" result="Passed" start-time="2016-01-14 18:05:16Z" end-time="2016-01-14 18:05:16Z" duration="0.013811" asserts="12" />
                <test-case id="2-1225" name="IfElseAndElseResultsInCorrectCounts" fullname="Wyam.Core.Tests.Modules.Control.IfFixture.IfElseAndElseResultsInCorrectCounts" methodname="IfElseAndElseResultsInCorrectCounts" classname="Wyam.Core.Tests.Modules.Control.IfFixture" runstate="Runnable" seed="755223665" result="Passed" start-time="2016-01-14 18:05:16Z" end-time="2016-01-14 18:05:16Z" duration="0.024077" asserts="15" />
                <test-case id="2-1222" name="IfResultsInCorrectCounts" fullname="Wyam.Core.Tests.Modules.Control.IfFixture.IfResultsInCorrectCounts" methodname="IfResultsInCorrectCounts" classname="Wyam.Core.Tests.Modules.Control.IfFixture" runstate="Runnable" seed="468763152" result="Passed" start-time="2016-01-14 18:05:16Z" end-time="2016-01-14 18:05:16Z" duration="0.016999" asserts="9" />
              </test-suite>
              <test-suite type="TestFixture" id="2-1226" name="OrderByFixture" fullname="Wyam.Core.Tests.Modules.Control.OrderByFixture" classname="Wyam.Core.Tests.Modules.Control.OrderByFixture" runstate="Runnable" testcasecount="6" result="Passed" start-time="2016-01-14 18:05:16Z" end-time="2016-01-14 18:05:16Z" duration="0.157467" total="6" passed="6" failed="0" inconclusive="0" skipped="0" asserts="12">
                <properties>
                  <property name="ParallelScope" value="Self, Children" />
                </properties>
                <test-case id="2-1232" name="OrderByOrdersDescendingThenByInAscendingOrder" fullname="Wyam.Core.Tests.Modules.Control.OrderByFixture.OrderByOrdersDescendingThenByInAscendingOrder" methodname="OrderByOrdersDescendingThenByInAscendingOrder" classname="Wyam.Core.Tests.Modules.Control.OrderByFixture" runstate="Runnable" seed="2054000197" result="Passed" start-time="2016-01-14 18:05:16Z" end-time="2016-01-14 18:05:16Z" duration="0.007241" asserts="2" />
                <test-case id="2-1231" name="OrderByOrdersDescendingThenByInDescendingOrder" fullname="Wyam.Core.Tests.Modules.Control.OrderByFixture.OrderByOrdersDescendingThenByInDescendingOrder" methodname="OrderByOrdersDescendingThenByInDescendingOrder" classname="Wyam.Core.Tests.Modules.Control.OrderByFixture" runstate="Runnable" seed="503207422" result="Passed" start-time="2016-01-14 18:05:16Z" end-time="2016-01-14 18:05:16Z" duration="0.022779" asserts="2" />
                <test-case id="2-1227" name="OrderByOrdersInAscendingOrder" fullname="Wyam.Core.Tests.Modules.Control.OrderByFixture.OrderByOrdersInAscendingOrder" methodname="OrderByOrdersInAscendingOrder" classname="Wyam.Core.Tests.Modules.Control.OrderByFixture" runstate="Runnable" seed="608834516" result="Passed" start-time="2016-01-14 18:05:16Z" end-time="2016-01-14 18:05:16Z" duration="0.004639" asserts="2" />
                <test-case id="2-1228" name="OrderByOrdersInDescendingOrder" fullname="Wyam.Core.Tests.Modules.Control.OrderByFixture.OrderByOrdersInDescendingOrder" methodname="OrderByOrdersInDescendingOrder" classname="Wyam.Core.Tests.Modules.Control.OrderByFixture" runstate="Runnable" seed="1818354591" result="Passed" start-time="2016-01-14 18:05:16Z" end-time="2016-01-14 18:05:16Z" duration="0.004072" asserts="2" />
                <test-case id="2-1229" name="OrderByOrdersThenByInAscendingOrder" fullname="Wyam.Core.Tests.Modules.Control.OrderByFixture.OrderByOrdersThenByInAscendingOrder" methodname="OrderByOrdersThenByInAscendingOrder" classname="Wyam.Core.Tests.Modules.Control.OrderByFixture" runstate="Runnable" seed="1108986645" result="Passed" start-time="2016-01-14 18:05:16Z" end-time="2016-01-14 18:05:16Z" duration="0.094220" asserts="2" />
                <test-case id="2-1230" name="OrderByOrdersThenByInDescendingOrder" fullname="Wyam.Core.Tests.Modules.Control.OrderByFixture.OrderByOrdersThenByInDescendingOrder" methodname="OrderByOrdersThenByInDescendingOrder" classname="Wyam.Core.Tests.Modules.Control.OrderByFixture" runstate="Runnable" seed="505886385" result="Passed" start-time="2016-01-14 18:05:16Z" end-time="2016-01-14 18:05:16Z" duration="0.008432" asserts="2" />
              </test-suite>
              <test-suite type="TestFixture" id="2-1233" name="PaginateFixture" fullname="Wyam.Core.Tests.Modules.Control.PaginateFixture" classname="Wyam.Core.Tests.Modules.Control.PaginateFixture" runstate="Runnable" testcasecount="2" result="Passed" start-time="2016-01-14 18:05:16Z" end-time="2016-01-14 18:05:16Z" duration="0.094616" total="2" passed="2" failed="0" inconclusive="0" skipped="0" asserts="8">
                <properties>
                  <property name="ParallelScope" value="Self, Children" />
                </properties>
                <test-case id="2-1234" name="PaginateSetsCorrectMetadata" fullname="Wyam.Core.Tests.Modules.Control.PaginateFixture.PaginateSetsCorrectMetadata" methodname="PaginateSetsCorrectMetadata" classname="Wyam.Core.Tests.Modules.Control.PaginateFixture" runstate="Runnable" seed="1798296626" result="Passed" start-time="2016-01-14 18:05:16Z" end-time="2016-01-14 18:05:16Z" duration="0.031299" asserts="4" />
                <test-case id="2-1235" name="PaginateSetsDocumentsInMetadata" fullname="Wyam.Core.Tests.Modules.Control.PaginateFixture.PaginateSetsDocumentsInMetadata" methodname="PaginateSetsDocumentsInMetadata" classname="Wyam.Core.Tests.Modules.Control.PaginateFixture" runstate="Runnable" seed="455765692" result="Passed" start-time="2016-01-14 18:05:16Z" end-time="2016-01-14 18:05:16Z" duration="0.034320" asserts="4" />
              </test-suite>
              <test-suite type="TestFixture" id="2-1236" name="SwitchFixture" fullname="Wyam.Core.Tests.Modules.Control.SwitchFixture" classname="Wyam.Core.Tests.Modules.Control.SwitchFixture" runstate="Runnable" testcasecount="5" result="Passed" start-time="2016-01-14 18:05:16Z" end-time="2016-01-14 18:05:17Z" duration="0.148831" total="5" passed="5" failed="0" inconclusive="0" skipped="0" asserts="20">
                <properties>
                  <property name="ParallelScope" value="Self, Children" />
                </properties>
                <test-case id="2-1240" name="ArrayInCaseResultsInCorrectCounts" fullname="Wyam.Core.Tests.Modules.Control.SwitchFixture.ArrayInCaseResultsInCorrectCounts" methodname="ArrayInCaseResultsInCorrectCounts" classname="Wyam.Core.Tests.Modules.Control.SwitchFixture" runstate="Runnable" seed="419527822" result="Passed" start-time="2016-01-14 18:05:16Z" end-time="2016-01-14 18:05:16Z" duration="0.007637" asserts="5" />
                <test-case id="2-1239" name="MissingDefaultResultsInCorrectCounts" fullname="Wyam.Core.Tests.Modules.Control.SwitchFixture.MissingDefaultResultsInCorrectCounts" methodname="MissingDefaultResultsInCorrectCounts" classname="Wyam.Core.Tests.Modules.Control.SwitchFixture" runstate="Runnable" seed="1601967804" result="Passed" start-time="2016-01-14 18:05:16Z" end-time="2016-01-14 18:05:16Z" duration="0.021031" asserts="5" />
                <test-case id="2-1241" name="OmittingCasesAndDefaultResultsInCorrectCounts" fullname="Wyam.Core.Tests.Modules.Control.SwitchFixture.OmittingCasesAndDefaultResultsInCorrectCounts" methodname="OmittingCasesAndDefaultResultsInCorrectCounts" classname="Wyam.Core.Tests.Modules.Control.SwitchFixture" runstate="Runnable" seed="1811611789" result="Passed" start-time="2016-01-14 18:05:16Z" end-time="2016-01-14 18:05:17Z" duration="0.001931" asserts="1" />
                <test-case id="2-1238" name="SwitchNoCasesResultsInCorrectCounts" fullname="Wyam.Core.Tests.Modules.Control.SwitchFixture.SwitchNoCasesResultsInCorrectCounts" methodname="SwitchNoCasesResultsInCorrectCounts" classname="Wyam.Core.Tests.Modules.Control.SwitchFixture" runstate="Runnable" seed="210004107" result="Passed" start-time="2016-01-14 18:05:17Z" end-time="2016-01-14 18:05:17Z" duration="0.002700" asserts="5" />
                <test-case id="2-1237" name="SwitchResultsInCorrectCounts" fullname="Wyam.Core.Tests.Modules.Control.SwitchFixture.SwitchResultsInCorrectCounts" methodname="SwitchResultsInCorrectCounts" classname="Wyam.Core.Tests.Modules.Control.SwitchFixture" runstate="Runnable" seed="247950219" result="Passed" start-time="2016-01-14 18:05:17Z" end-time="2016-01-14 18:05:17Z" duration="0.015475" asserts="4" />
              </test-suite>
            </test-suite>
            <test-suite type="TestSuite" id="2-1308" name="Extensibility" fullname="Wyam.Core.Tests.Modules.Extensibility" runstate="Runnable" testcasecount="5" result="Passed" start-time="2016-01-14 18:05:03Z" end-time="2016-01-14 18:05:17Z" duration="13.412478" total="5" passed="5" failed="0" inconclusive="0" skipped="0" asserts="3">
              <test-suite type="TestFixture" id="2-1080" name="ExecuteFixture" fullname="Wyam.Core.Tests.Modules.Extensibility.ExecuteFixture" classname="Wyam.Core.Tests.Modules.Extensibility.ExecuteFixture" runstate="Runnable" testcasecount="2" result="Passed" start-time="2016-01-14 18:05:17Z" end-time="2016-01-14 18:05:17Z" duration="0.003409" total="2" passed="2" failed="0" inconclusive="0" skipped="0" asserts="0">
                <properties>
                  <property name="ParallelScope" value="Self, Children" />
                </properties>
                <test-case id="2-1082" name="ExecuteDoesNotThrowForNullResultWithContextConfig" fullname="Wyam.Core.Tests.Modules.Extensibility.ExecuteFixture.ExecuteDoesNotThrowForNullResultWithContextConfig" methodname="ExecuteDoesNotThrowForNullResultWithContextConfig" classname="Wyam.Core.Tests.Modules.Extensibility.ExecuteFixture" runstate="Runnable" seed="883732920" result="Passed" start-time="2016-01-14 18:05:17Z" end-time="2016-01-14 18:05:17Z" duration="0.001688" asserts="0" />
                <test-case id="2-1081" name="ExecuteDoesNotThrowForNullResultWithDocumentConfig" fullname="Wyam.Core.Tests.Modules.Extensibility.ExecuteFixture.ExecuteDoesNotThrowForNullResultWithDocumentConfig" methodname="ExecuteDoesNotThrowForNullResultWithDocumentConfig" classname="Wyam.Core.Tests.Modules.Extensibility.ExecuteFixture" runstate="Runnable" seed="1016902467" result="Passed" start-time="2016-01-14 18:05:17Z" end-time="2016-01-14 18:05:17Z" duration="0.001215" asserts="0" />
              </test-suite>
              <test-suite type="TestFixture" id="2-1083" name="TraceFixture" fullname="Wyam.Core.Tests.Modules.Extensibility.TraceFixture" classname="Wyam.Core.Tests.Modules.Extensibility.TraceFixture" runstate="Runnable" testcasecount="3" result="Passed" start-time="2016-01-14 18:05:17Z" end-time="2016-01-14 18:05:17Z" duration="0.341417" total="3" passed="3" failed="0" inconclusive="0" skipped="0" asserts="3">
                <properties>
                  <property name="ParallelScope" value="Self, Children" />
                </properties>
                <test-suite type="ParameterizedMethod" id="2-1087" name="TestTraceListenerThrowsOnErrorOrWarning" fullname="Wyam.Core.Tests.Modules.Extensibility.TraceFixture.TestTraceListenerThrowsOnErrorOrWarning" runstate="Runnable" testcasecount="3" result="Passed" start-time="2016-01-14 18:05:17Z" end-time="2016-01-14 18:05:17Z" duration="0.341077" total="3" passed="3" failed="0" inconclusive="0" skipped="0" asserts="3">
                  <test-case id="2-1084" name="TestTraceListenerThrowsOnErrorOrWarning(Critical)" fullname="Wyam.Core.Tests.Modules.Extensibility.TraceFixture.TestTraceListenerThrowsOnErrorOrWarning(Critical)" methodname="TestTraceListenerThrowsOnErrorOrWarning" classname="Wyam.Core.Tests.Modules.Extensibility.TraceFixture" runstate="Runnable" seed="1710867645" result="Passed" start-time="2016-01-14 18:05:17Z" end-time="2016-01-14 18:05:17Z" duration="0.251779" asserts="1" />
                  <test-case id="2-1085" name="TestTraceListenerThrowsOnErrorOrWarning(Error)" fullname="Wyam.Core.Tests.Modules.Extensibility.TraceFixture.TestTraceListenerThrowsOnErrorOrWarning(Error)" methodname="TestTraceListenerThrowsOnErrorOrWarning" classname="Wyam.Core.Tests.Modules.Extensibility.TraceFixture" runstate="Runnable" seed="2125846932" result="Passed" start-time="2016-01-14 18:05:17Z" end-time="2016-01-14 18:05:17Z" duration="0.027896" asserts="1" />
                  <test-case id="2-1086" name="TestTraceListenerThrowsOnErrorOrWarning(Warning)" fullname="Wyam.Core.Tests.Modules.Extensibility.TraceFixture.TestTraceListenerThrowsOnErrorOrWarning(Warning)" methodname="TestTraceListenerThrowsOnErrorOrWarning" classname="Wyam.Core.Tests.Modules.Extensibility.TraceFixture" runstate="Runnable" seed="304926013" result="Passed" start-time="2016-01-14 18:05:17Z" end-time="2016-01-14 18:05:17Z" duration="0.001693" asserts="1" />
                </test-suite>
              </test-suite>
            </test-suite>
            <test-suite type="TestSuite" id="2-1310" name="IO" fullname="Wyam.Core.Tests.Modules.IO" runstate="Runnable" testcasecount="53" result="Passed" start-time="2016-01-14 18:05:03Z" end-time="2016-01-14 18:05:24Z" duration="21.000649" total="53" passed="53" failed="0" inconclusive="0" skipped="0" asserts="85">
              <test-suite type="TestFixture" id="2-1135" name="CopyFilesFixture" fullname="Wyam.Core.Tests.Modules.IO.CopyFilesFixture" classname="Wyam.Core.Tests.Modules.IO.CopyFilesFixture" runstate="Runnable" testcasecount="6" result="Passed" start-time="2016-01-14 18:05:04Z" end-time="2016-01-14 18:05:08Z" duration="4.772505" total="6" passed="6" failed="0" inconclusive="0" skipped="0" asserts="19">
                <test-case id="2-1139" name="CopyFolderFromAboveInputPath" fullname="Wyam.Core.Tests.Modules.IO.CopyFilesFixture.CopyFolderFromAboveInputPath" methodname="CopyFolderFromAboveInputPath" classname="Wyam.Core.Tests.Modules.IO.CopyFilesFixture" runstate="Runnable" seed="1558694745" result="Passed" start-time="2016-01-14 18:05:04Z" end-time="2016-01-14 18:05:07Z" duration="2.992446" asserts="4" />
                <test-case id="2-1140" name="CopyFolderFromAbsolutePath" fullname="Wyam.Core.Tests.Modules.IO.CopyFilesFixture.CopyFolderFromAbsolutePath" methodname="CopyFolderFromAbsolutePath" classname="Wyam.Core.Tests.Modules.IO.CopyFilesFixture" runstate="Runnable" seed="2114311070" result="Passed" start-time="2016-01-14 18:05:07Z" end-time="2016-01-14 18:05:07Z" duration="0.318243" asserts="4" />
                <test-case id="2-1141" name="CopyNonExistentFolder" fullname="Wyam.Core.Tests.Modules.IO.CopyFilesFixture.CopyNonExistentFolder" methodname="CopyNonExistentFolder" classname="Wyam.Core.Tests.Modules.IO.CopyFilesFixture" runstate="Runnable" seed="333068343" result="Passed" start-time="2016-01-14 18:05:07Z" end-time="2016-01-14 18:05:07Z" duration="0.124323" asserts="0" />
                <test-case id="2-1138" name="CopySubFolder" fullname="Wyam.Core.Tests.Modules.IO.CopyFilesFixture.CopySubFolder" methodname="CopySubFolder" classname="Wyam.Core.Tests.Modules.IO.CopyFilesFixture" runstate="Runnable" seed="1479193744" result="Passed" start-time="2016-01-14 18:05:07Z" end-time="2016-01-14 18:05:08Z" duration="0.264395" asserts="3" />
                <test-case id="2-1136" name="CopyWithSearchPatternRecursive" fullname="Wyam.Core.Tests.Modules.IO.CopyFilesFixture.CopyWithSearchPatternRecursive" methodname="CopyWithSearchPatternRecursive" classname="Wyam.Core.Tests.Modules.IO.CopyFilesFixture" runstate="Runnable" seed="797236195" result="Passed" start-time="2016-01-14 18:05:08Z" end-time="2016-01-14 18:05:08Z" duration="0.072264" asserts="5" />
                <test-case id="2-1137" name="CopyWithSearchPatternTopDirectoryOnly" fullname="Wyam.Core.Tests.Modules.IO.CopyFilesFixture.CopyWithSearchPatternTopDirectoryOnly" methodname="CopyWithSearchPatternTopDirectoryOnly" classname="Wyam.Core.Tests.Modules.IO.CopyFilesFixture" runstate="Runnable" seed="273136287" result="Passed" start-time="2016-01-14 18:05:08Z" end-time="2016-01-14 18:05:08Z" duration="0.386801" asserts="3" />
              </test-suite>
              <test-suite type="TestFixture" id="2-1147" name="ReadFilesFixture" fullname="Wyam.Core.Tests.Modules.IO.ReadFilesFixture" classname="Wyam.Core.Tests.Modules.IO.ReadFilesFixture" runstate="Runnable" testcasecount="29" result="Passed" start-time="2016-01-14 18:05:09Z" end-time="2016-01-14 18:05:11Z" duration="2.907122" total="29" passed="29" failed="0" inconclusive="0" skipped="0" asserts="29">
                <test-case id="2-1163" name="ExecuteGetsCorrectContent" fullname="Wyam.Core.Tests.Modules.IO.ReadFilesFixture.ExecuteGetsCorrectContent" methodname="ExecuteGetsCorrectContent" classname="Wyam.Core.Tests.Modules.IO.ReadFilesFixture" runstate="Runnable" seed="781143603" result="Passed" start-time="2016-01-14 18:05:09Z" end-time="2016-01-14 18:05:09Z" duration="0.348508" asserts="1" />
                <test-suite type="ParameterizedMethod" id="2-1174" name="ReadFilesSetsMetadata" fullname="Wyam.Core.Tests.Modules.IO.ReadFilesFixture.ReadFilesSetsMetadata" runstate="Runnable" testcasecount="10" result="Passed" start-time="2016-01-14 18:05:09Z" end-time="2016-01-14 18:05:11Z" duration="1.728740" total="10" passed="10" failed="0" inconclusive="0" skipped="0" asserts="10">
                  <test-case id="2-1164" name="ReadFilesSetsMetadata(&quot;SourceFileRoot&quot;,&quot;TestFiles\\Input&quot;)" fullname="Wyam.Core.Tests.Modules.IO.ReadFilesFixture.ReadFilesSetsMetadata(&quot;SourceFileRoot&quot;,&quot;TestFiles\\Input&quot;)" methodname="ReadFilesSetsMetadata" classname="Wyam.Core.Tests.Modules.IO.ReadFilesFixture" runstate="Runnable" seed="1137226022" result="Passed" start-time="2016-01-14 18:05:09Z" end-time="2016-01-14 18:05:09Z" duration="0.121362" asserts="1" />
                  <test-case id="2-1165" name="ReadFilesSetsMetadata(&quot;SourceFileBase&quot;,&quot;test-c&quot;)" fullname="Wyam.Core.Tests.Modules.IO.ReadFilesFixture.ReadFilesSetsMetadata(&quot;SourceFileBase&quot;,&quot;test-c&quot;)" methodname="ReadFilesSetsMetadata" classname="Wyam.Core.Tests.Modules.IO.ReadFilesFixture" runstate="Runnable" seed="436894786" result="Passed" start-time="2016-01-14 18:05:09Z" end-time="2016-01-14 18:05:10Z" duration="0.143694" asserts="1" />
                  <test-case id="2-1166" name="ReadFilesSetsMetadata(&quot;SourceFileExt&quot;,&quot;.txt&quot;)" fullname="Wyam.Core.Tests.Modules.IO.ReadFilesFixture.ReadFilesSetsMetadata(&quot;SourceFileExt&quot;,&quot;.txt&quot;)" methodname="ReadFilesSetsMetadata" classname="Wyam.Core.Tests.Modules.IO.ReadFilesFixture" runstate="Runnable" seed="1646585529" result="Passed" start-time="2016-01-14 18:05:10Z" end-time="2016-01-14 18:05:10Z" duration="0.115098" asserts="1" />
                  <test-case id="2-1167" name="ReadFilesSetsMetadata(&quot;SourceFileName&quot;,&quot;test-c.txt&quot;)" fullname="Wyam.Core.Tests.Modules.IO.ReadFilesFixture.ReadFilesSetsMetadata(&quot;SourceFileName&quot;,&quot;test-c.txt&quot;)" methodname="ReadFilesSetsMetadata" classname="Wyam.Core.Tests.Modules.IO.ReadFilesFixture" runstate="Runnable" seed="813014650" result="Passed" start-time="2016-01-14 18:05:10Z" end-time="2016-01-14 18:05:10Z" duration="0.236986" asserts="1" />
                  <test-case id="2-1168" name="ReadFilesSetsMetadata(&quot;SourceFileDir&quot;,&quot;TestFiles\\Input\\Subfolder&quot;)" fullname="Wyam.Core.Tests.Modules.IO.ReadFilesFixture.ReadFilesSetsMetadata(&quot;SourceFileDir&quot;,&quot;TestFiles\\Input\\Subfolder&quot;)" methodname="ReadFilesSetsMetadata" classname="Wyam.Core.Tests.Modules.IO.ReadFilesFixture" runstate="Runnable" seed="1274668719" result="Passed" start-time="2016-01-14 18:05:10Z" end-time="2016-01-14 18:05:10Z" duration="0.179178" asserts="1" />
                  <test-case id="2-1169" name="ReadFilesSetsMetadata(&quot;SourceFilePath&quot;,&quot;TestFiles\\Input\\Subfolder\\test-c.txt&quot;)" fullname="Wyam.Core.Tests.Modules.IO.ReadFilesFixture.ReadFilesSetsMetadata(&quot;SourceFilePath&quot;,&quot;TestFiles\\Input\\Subfolder\\test-c.txt&quot;)" methodname="ReadFilesSetsMetadata" classname="Wyam.Core.Tests.Modules.IO.ReadFilesFixture" runstate="Runnable" seed="1507424121" result="Passed" start-time="2016-01-14 18:05:11Z" end-time="2016-01-14 18:05:11Z" duration="0.134715" asserts="1" />
                  <test-case id="2-1170" name="ReadFilesSetsMetadata(&quot;SourceFilePathBase&quot;,&quot;TestFiles\\Input\\Subfolder\\test-c&quot;)" fullname="Wyam.Core.Tests.Modules.IO.ReadFilesFixture.ReadFilesSetsMetadata(&quot;SourceFilePathBase&quot;,&quot;TestFiles\\Input\\Subfolder\\test-c&quot;)" methodname="ReadFilesSetsMetadata" classname="Wyam.Core.Tests.Modules.IO.ReadFilesFixture" runstate="Runnable" seed="1469164916" result="Passed" start-time="2016-01-14 18:05:11Z" end-time="2016-01-14 18:05:11Z" duration="0.085956" asserts="1" />
                  <test-case id="2-1171" name="ReadFilesSetsMetadata(&quot;RelativeFilePath&quot;,&quot;Subfolder\\test-c.txt&quot;)" fullname="Wyam.Core.Tests.Modules.IO.ReadFilesFixture.ReadFilesSetsMetadata(&quot;RelativeFilePath&quot;,&quot;Subfolder\\test-c.txt&quot;)" methodname="ReadFilesSetsMetadata" classname="Wyam.Core.Tests.Modules.IO.ReadFilesFixture" runstate="Runnable" seed="204493372" result="Passed" start-time="2016-01-14 18:05:11Z" end-time="2016-01-14 18:05:11Z" duration="0.041608" asserts="1" />
                  <test-case id="2-1172" name="ReadFilesSetsMetadata(&quot;RelativeFilePathBase&quot;,&quot;Subfolder\\test-c&quot;)" fullname="Wyam.Core.Tests.Modules.IO.ReadFilesFixture.ReadFilesSetsMetadata(&quot;RelativeFilePathBase&quot;,&quot;Subfolder\\test-c&quot;)" methodname="ReadFilesSetsMetadata" classname="Wyam.Core.Tests.Modules.IO.ReadFilesFixture" runstate="Runnable" seed="1837495833" result="Passed" start-time="2016-01-14 18:05:11Z" end-time="2016-01-14 18:05:11Z" duration="0.009825" asserts="1" />
                  <test-case id="2-1173" name="ReadFilesSetsMetadata(&quot;RelativeFileDir&quot;,&quot;Subfolder&quot;)" fullname="Wyam.Core.Tests.Modules.IO.ReadFilesFixture.ReadFilesSetsMetadata(&quot;RelativeFileDir&quot;,&quot;Subfolder&quot;)" methodname="ReadFilesSetsMetadata" classname="Wyam.Core.Tests.Modules.IO.ReadFilesFixture" runstate="Runnable" seed="2110222802" result="Passed" start-time="2016-01-14 18:05:11Z" end-time="2016-01-14 18:05:11Z" duration="0.002813" asserts="1" />
                </test-suite>
                <test-suite type="ParameterizedMethod" id="2-1158" name="SearchPatternFindsCorrectFiles" fullname="Wyam.Core.Tests.Modules.IO.ReadFilesFixture.SearchPatternFindsCorrectFiles" runstate="Runnable" testcasecount="8" result="Passed" start-time="2016-01-14 18:05:11Z" end-time="2016-01-14 18:05:11Z" duration="0.330904" total="8" passed="8" failed="0" inconclusive="0" skipped="0" asserts="8">
                  <test-case id="2-1150" name="SearchPatternFindsCorrectFiles(&quot;*.foo&quot;,TopDirectoryOnly,0)" fullname="Wyam.Core.Tests.Modules.IO.ReadFilesFixture.SearchPatternFindsCorrectFiles(&quot;*.foo&quot;,TopDirectoryOnly,0)" methodname="SearchPatternFindsCorrectFiles" classname="Wyam.Core.Tests.Modules.IO.ReadFilesFixture" runstate="Runnable" seed="1135277202" result="Passed" start-time="2016-01-14 18:05:11Z" end-time="2016-01-14 18:05:11Z" duration="0.017718" asserts="1" />
                  <test-case id="2-1151" name="SearchPatternFindsCorrectFiles(&quot;*.foo&quot;,AllDirectories,0)" fullname="Wyam.Core.Tests.Modules.IO.ReadFilesFixture.SearchPatternFindsCorrectFiles(&quot;*.foo&quot;,AllDirectories,0)" methodname="SearchPatternFindsCorrectFiles" classname="Wyam.Core.Tests.Modules.IO.ReadFilesFixture" runstate="Runnable" seed="1851338008" result="Passed" start-time="2016-01-14 18:05:11Z" end-time="2016-01-14 18:05:11Z" duration="0.000984" asserts="1" />
                  <test-case id="2-1152" name="SearchPatternFindsCorrectFiles(&quot;*.txt&quot;,TopDirectoryOnly,2)" fullname="Wyam.Core.Tests.Modules.IO.ReadFilesFixture.SearchPatternFindsCorrectFiles(&quot;*.txt&quot;,TopDirectoryOnly,2)" methodname="SearchPatternFindsCorrectFiles" classname="Wyam.Core.Tests.Modules.IO.ReadFilesFixture" runstate="Runnable" seed="572797661" result="Passed" start-time="2016-01-14 18:05:11Z" end-time="2016-01-14 18:05:11Z" duration="0.009947" asserts="1" />
                  <test-case id="2-1153" name="SearchPatternFindsCorrectFiles(&quot;*.txt&quot;,AllDirectories,3)" fullname="Wyam.Core.Tests.Modules.IO.ReadFilesFixture.SearchPatternFindsCorrectFiles(&quot;*.txt&quot;,AllDirectories,3)" methodname="SearchPatternFindsCorrectFiles" classname="Wyam.Core.Tests.Modules.IO.ReadFilesFixture" runstate="Runnable" seed="1792045883" result="Passed" start-time="2016-01-14 18:05:11Z" end-time="2016-01-14 18:05:11Z" duration="0.080353" asserts="1" />
                  <test-case id="2-1154" name="SearchPatternFindsCorrectFiles(&quot;*.md&quot;,TopDirectoryOnly,1)" fullname="Wyam.Core.Tests.Modules.IO.ReadFilesFixture.SearchPatternFindsCorrectFiles(&quot;*.md&quot;,TopDirectoryOnly,1)" methodname="SearchPatternFindsCorrectFiles" classname="Wyam.Core.Tests.Modules.IO.ReadFilesFixture" runstate="Runnable" seed="1824949466" result="Passed" start-time="2016-01-14 18:05:11Z" end-time="2016-01-14 18:05:11Z" duration="0.102107" asserts="1" />
                  <test-case id="2-1155" name="SearchPatternFindsCorrectFiles(&quot;*.md&quot;,AllDirectories,2)" fullname="Wyam.Core.Tests.Modules.IO.ReadFilesFixture.SearchPatternFindsCorrectFiles(&quot;*.md&quot;,AllDirectories,2)" methodname="SearchPatternFindsCorrectFiles" classname="Wyam.Core.Tests.Modules.IO.ReadFilesFixture" runstate="Runnable" seed="336214040" result="Passed" start-time="2016-01-14 18:05:11Z" end-time="2016-01-14 18:05:11Z" duration="0.018473" asserts="1" />
                  <test-case id="2-1156" name="SearchPatternFindsCorrectFiles(&quot;*.*&quot;,TopDirectoryOnly,3)" fullname="Wyam.Core.Tests.Modules.IO.ReadFilesFixture.SearchPatternFindsCorrectFiles(&quot;*.*&quot;,TopDirectoryOnly,3)" methodname="SearchPatternFindsCorrectFiles" classname="Wyam.Core.Tests.Modules.IO.ReadFilesFixture" runstate="Runnable" seed="1729958556" result="Passed" start-time="2016-01-14 18:05:11Z" end-time="2016-01-14 18:05:11Z" duration="0.037160" asserts="1" />
                  <test-case id="2-1157" name="SearchPatternFindsCorrectFiles(&quot;*.*&quot;,AllDirectories,5)" fullname="Wyam.Core.Tests.Modules.IO.ReadFilesFixture.SearchPatternFindsCorrectFiles(&quot;*.*&quot;,AllDirectories,5)" methodname="SearchPatternFindsCorrectFiles" classname="Wyam.Core.Tests.Modules.IO.ReadFilesFixture" runstate="Runnable" seed="1534322096" result="Passed" start-time="2016-01-14 18:05:11Z" end-time="2016-01-14 18:05:11Z" duration="0.046169" asserts="1" />
                </test-suite>
                <test-case id="2-1160" name="SearchPatternWorksWithInputPathTrailingSlash" fullname="Wyam.Core.Tests.Modules.IO.ReadFilesFixture.SearchPatternWorksWithInputPathTrailingSlash" methodname="SearchPatternWorksWithInputPathTrailingSlash" classname="Wyam.Core.Tests.Modules.IO.ReadFilesFixture" runstate="Runnable" seed="1955683513" result="Passed" start-time="2016-01-14 18:05:11Z" end-time="2016-01-14 18:05:11Z" duration="0.010393" asserts="1" />
                <test-case id="2-1159" name="SearchPatternWorksWithoutInputPathTrailingSlash" fullname="Wyam.Core.Tests.Modules.IO.ReadFilesFixture.SearchPatternWorksWithoutInputPathTrailingSlash" methodname="SearchPatternWorksWithoutInputPathTrailingSlash" classname="Wyam.Core.Tests.Modules.IO.ReadFilesFixture" runstate="Runnable" seed="1891948050" result="Passed" start-time="2016-01-14 18:05:11Z" end-time="2016-01-14 18:05:11Z" duration="0.020099" asserts="1" />
                <test-case id="2-1162" name="SearchPatternWorksWithSingleFile" fullname="Wyam.Core.Tests.Modules.IO.ReadFilesFixture.SearchPatternWorksWithSingleFile" methodname="SearchPatternWorksWithSingleFile" classname="Wyam.Core.Tests.Modules.IO.ReadFilesFixture" runstate="Runnable" seed="896554569" result="Passed" start-time="2016-01-14 18:05:11Z" end-time="2016-01-14 18:05:11Z" duration="0.002646" asserts="1" />
                <test-case id="2-1161" name="SearchPatternWorksWithSubpath" fullname="Wyam.Core.Tests.Modules.IO.ReadFilesFixture.SearchPatternWorksWithSubpath" methodname="SearchPatternWorksWithSubpath" classname="Wyam.Core.Tests.Modules.IO.ReadFilesFixture" runstate="Runnable" seed="742713569" result="Passed" start-time="2016-01-14 18:05:11Z" end-time="2016-01-14 18:05:11Z" duration="0.062650" asserts="1" />
                <test-case id="2-1149" name="ThrowsOnNullExtension" fullname="Wyam.Core.Tests.Modules.IO.ReadFilesFixture.ThrowsOnNullExtension" methodname="ThrowsOnNullExtension" classname="Wyam.Core.Tests.Modules.IO.ReadFilesFixture" runstate="Runnable" seed="1063484543" result="Passed" start-time="2016-01-14 18:05:11Z" end-time="2016-01-14 18:05:11Z" duration="0.004656" asserts="1" />
                <test-case id="2-1148" name="ThrowsOnNullPathFunction" fullname="Wyam.Core.Tests.Modules.IO.ReadFilesFixture.ThrowsOnNullPathFunction" methodname="ThrowsOnNullPathFunction" classname="Wyam.Core.Tests.Modules.IO.ReadFilesFixture" runstate="Runnable" seed="1063529976" result="Passed" start-time="2016-01-14 18:05:11Z" end-time="2016-01-14 18:05:11Z" duration="0.001619" asserts="1" />
                <test-case id="2-1178" name="WhereAndWithExtensionsGetsCorrectFiles" fullname="Wyam.Core.Tests.Modules.IO.ReadFilesFixture.WhereAndWithExtensionsGetsCorrectFiles" methodname="WhereAndWithExtensionsGetsCorrectFiles" classname="Wyam.Core.Tests.Modules.IO.ReadFilesFixture" runstate="Runnable" seed="1713556715" result="Passed" start-time="2016-01-14 18:05:11Z" end-time="2016-01-14 18:05:11Z" duration="0.017513" asserts="1" />
                <test-case id="2-1177" name="WhereGetsCorrectFiles" fullname="Wyam.Core.Tests.Modules.IO.ReadFilesFixture.WhereGetsCorrectFiles" methodname="WhereGetsCorrectFiles" classname="Wyam.Core.Tests.Modules.IO.ReadFilesFixture" runstate="Runnable" seed="624510494" result="Passed" start-time="2016-01-14 18:05:11Z" end-time="2016-01-14 18:05:11Z" duration="0.006756" asserts="1" />
                <test-case id="2-1175" name="WithExtensionsGetsCorrectFiles" fullname="Wyam.Core.Tests.Modules.IO.ReadFilesFixture.WithExtensionsGetsCorrectFiles" methodname="WithExtensionsGetsCorrectFiles" classname="Wyam.Core.Tests.Modules.IO.ReadFilesFixture" runstate="Runnable" seed="178212199" result="Passed" start-time="2016-01-14 18:05:11Z" end-time="2016-01-14 18:05:11Z" duration="0.056751" asserts="1" />
                <test-case id="2-1176" name="WithExtensionsWorksWithoutDotPrefix" fullname="Wyam.Core.Tests.Modules.IO.ReadFilesFixture.WithExtensionsWorksWithoutDotPrefix" methodname="WithExtensionsWorksWithoutDotPrefix" classname="Wyam.Core.Tests.Modules.IO.ReadFilesFixture" runstate="Runnable" seed="1625998021" result="Passed" start-time="2016-01-14 18:05:11Z" end-time="2016-01-14 18:05:11Z" duration="0.009168" asserts="1" />
              </test-suite>
              <test-suite type="TestFixture" id="2-1179" name="WriteFilesFixture" fullname="Wyam.Core.Tests.Modules.IO.WriteFilesFixture" classname="Wyam.Core.Tests.Modules.IO.WriteFilesFixture" runstate="Runnable" testcasecount="14" result="Passed" start-time="2016-01-14 18:05:11Z" end-time="2016-01-14 18:05:14Z" duration="2.199876" total="14" passed="14" failed="0" inconclusive="0" skipped="0" asserts="25">
                <test-case id="2-1182" name="ExecuteReturnsSameContent" fullname="Wyam.Core.Tests.Modules.IO.WriteFilesFixture.ExecuteReturnsSameContent" methodname="ExecuteReturnsSameContent" classname="Wyam.Core.Tests.Modules.IO.WriteFilesFixture" runstate="Runnable" seed="1967275053" result="Passed" start-time="2016-01-14 18:05:11Z" end-time="2016-01-14 18:05:12Z" duration="0.109821" asserts="1" />
                <test-case id="2-1180" name="ExtensionWithDotWritesFile" fullname="Wyam.Core.Tests.Modules.IO.WriteFilesFixture.ExtensionWithDotWritesFile" methodname="ExtensionWithDotWritesFile" classname="Wyam.Core.Tests.Modules.IO.WriteFilesFixture" runstate="Runnable" seed="1596831290" result="Passed" start-time="2016-01-14 18:05:12Z" end-time="2016-01-14 18:05:12Z" duration="0.111511" asserts="2" />
                <test-case id="2-1181" name="ExtensionWithoutDotWritesFile" fullname="Wyam.Core.Tests.Modules.IO.WriteFilesFixture.ExtensionWithoutDotWritesFile" methodname="ExtensionWithoutDotWritesFile" classname="Wyam.Core.Tests.Modules.IO.WriteFilesFixture" runstate="Runnable" seed="96724529" result="Passed" start-time="2016-01-14 18:05:12Z" end-time="2016-01-14 18:05:12Z" duration="0.080019" asserts="2" />
                <test-case id="2-1194" name="IgnoresEmptyDocuments" fullname="Wyam.Core.Tests.Modules.IO.WriteFilesFixture.IgnoresEmptyDocuments" methodname="IgnoresEmptyDocuments" classname="Wyam.Core.Tests.Modules.IO.WriteFilesFixture" runstate="Runnable" seed="1781152301" result="Passed" start-time="2016-01-14 18:05:12Z" end-time="2016-01-14 18:05:12Z" duration="0.124964" asserts="5" />
                <test-case id="2-1193" name="RelativePathsAreConsistentBeforeAndAfterWriteFiles" fullname="Wyam.Core.Tests.Modules.IO.WriteFilesFixture.RelativePathsAreConsistentBeforeAndAfterWriteFiles" methodname="RelativePathsAreConsistentBeforeAndAfterWriteFiles" classname="Wyam.Core.Tests.Modules.IO.WriteFilesFixture" runstate="Runnable" seed="1162603906" result="Passed" start-time="2016-01-14 18:05:12Z" end-time="2016-01-14 18:05:12Z" duration="0.153968" asserts="6" />
                <test-suite type="ParameterizedMethod" id="2-1192" name="WriteFilesSetsMetadata" fullname="Wyam.Core.Tests.Modules.IO.WriteFilesFixture.WriteFilesSetsMetadata" runstate="Runnable" testcasecount="9" result="Passed" start-time="2016-01-14 18:05:12Z" end-time="2016-01-14 18:05:14Z" duration="1.479605" total="9" passed="9" failed="0" inconclusive="0" skipped="0" asserts="9">
                  <test-case id="2-1183" name="WriteFilesSetsMetadata(&quot;DestinationFileBase&quot;,&quot;write-test&quot;)" fullname="Wyam.Core.Tests.Modules.IO.WriteFilesFixture.WriteFilesSetsMetadata(&quot;DestinationFileBase&quot;,&quot;write-test&quot;)" methodname="WriteFilesSetsMetadata" classname="Wyam.Core.Tests.Modules.IO.WriteFilesFixture" runstate="Runnable" seed="909142177" result="Passed" start-time="2016-01-14 18:05:12Z" end-time="2016-01-14 18:05:12Z" duration="0.061905" asserts="1" />
                  <test-case id="2-1184" name="WriteFilesSetsMetadata(&quot;DestinationFileExt&quot;,&quot;.txt&quot;)" fullname="Wyam.Core.Tests.Modules.IO.WriteFilesFixture.WriteFilesSetsMetadata(&quot;DestinationFileExt&quot;,&quot;.txt&quot;)" methodname="WriteFilesSetsMetadata" classname="Wyam.Core.Tests.Modules.IO.WriteFilesFixture" runstate="Runnable" seed="1342075432" result="Passed" start-time="2016-01-14 18:05:12Z" end-time="2016-01-14 18:05:13Z" duration="0.272305" asserts="1" />
                  <test-case id="2-1185" name="WriteFilesSetsMetadata(&quot;DestinationFileName&quot;,&quot;write-test.txt&quot;)" fullname="Wyam.Core.Tests.Modules.IO.WriteFilesFixture.WriteFilesSetsMetadata(&quot;DestinationFileName&quot;,&quot;write-test.txt&quot;)" methodname="WriteFilesSetsMetadata" classname="Wyam.Core.Tests.Modules.IO.WriteFilesFixture" runstate="Runnable" seed="1171814383" result="Passed" start-time="2016-01-14 18:05:13Z" end-time="2016-01-14 18:05:13Z" duration="0.093653" asserts="1" />
                  <test-case id="2-1186" name="WriteFilesSetsMetadata(&quot;DestinationFileDir&quot;,&quot;TestFiles\\Output\\Subfolder&quot;)" fullname="Wyam.Core.Tests.Modules.IO.WriteFilesFixture.WriteFilesSetsMetadata(&quot;DestinationFileDir&quot;,&quot;TestFiles\\Output\\Subfolder&quot;)" methodname="WriteFilesSetsMetadata" classname="Wyam.Core.Tests.Modules.IO.WriteFilesFixture" runstate="Runnable" seed="192086313" result="Passed" start-time="2016-01-14 18:05:13Z" end-time="2016-01-14 18:05:13Z" duration="0.109832" asserts="1" />
                  <test-case id="2-1187" name="WriteFilesSetsMetadata(&quot;DestinationFilePath&quot;,&quot;TestFiles\\Output\\Subfolder\\write-t...&quot;)" fullname="Wyam.Core.Tests.Modules.IO.WriteFilesFixture.WriteFilesSetsMetadata(&quot;DestinationFilePath&quot;,&quot;TestFiles\\Output\\Subfolder\\write-t...&quot;)" methodname="WriteFilesSetsMetadata" classname="Wyam.Core.Tests.Modules.IO.WriteFilesFixture" runstate="Runnable" seed="1079346967" result="Passed" start-time="2016-01-14 18:05:13Z" end-time="2016-01-14 18:05:13Z" duration="0.225585" asserts="1" />
                  <test-case id="2-1188" name="WriteFilesSetsMetadata(&quot;DestinationFilePathBase&quot;,&quot;TestFiles\\Output\\Subfolder\\write-test&quot;)" fullname="Wyam.Core.Tests.Modules.IO.WriteFilesFixture.WriteFilesSetsMetadata(&quot;DestinationFilePathBase&quot;,&quot;TestFiles\\Output\\Subfolder\\write-test&quot;)" methodname="WriteFilesSetsMetadata" classname="Wyam.Core.Tests.Modules.IO.WriteFilesFixture" runstate="Runnable" seed="143019158" result="Passed" start-time="2016-01-14 18:05:13Z" end-time="2016-01-14 18:05:13Z" duration="0.104007" asserts="1" />
                  <test-case id="2-1189" name="WriteFilesSetsMetadata(&quot;RelativeFilePath&quot;,&quot;Subfolder\\write-test.txt&quot;)" fullname="Wyam.Core.Tests.Modules.IO.WriteFilesFixture.WriteFilesSetsMetadata(&quot;RelativeFilePath&quot;,&quot;Subfolder\\write-test.txt&quot;)" methodname="WriteFilesSetsMetadata" classname="Wyam.Core.Tests.Modules.IO.WriteFilesFixture" runstate="Runnable" seed="1436054501" result="Passed" start-time="2016-01-14 18:05:13Z" end-time="2016-01-14 18:05:13Z" duration="0.047201" asserts="1" />
                  <test-case id="2-1190" name="WriteFilesSetsMetadata(&quot;RelativeFilePathBase&quot;,&quot;Subfolder\\write-test&quot;)" fullname="Wyam.Core.Tests.Modules.IO.WriteFilesFixture.WriteFilesSetsMetadata(&quot;RelativeFilePathBase&quot;,&quot;Subfolder\\write-test&quot;)" methodname="WriteFilesSetsMetadata" classname="Wyam.Core.Tests.Modules.IO.WriteFilesFixture" runstate="Runnable" seed="923203722" result="Passed" start-time="2016-01-14 18:05:13Z" end-time="2016-01-14 18:05:14Z" duration="0.358140" asserts="1" />
                  <test-case id="2-1191" name="WriteFilesSetsMetadata(&quot;RelativeFileDir&quot;,&quot;Subfolder&quot;)" fullname="Wyam.Core.Tests.Modules.IO.WriteFilesFixture.WriteFilesSetsMetadata(&quot;RelativeFileDir&quot;,&quot;Subfolder&quot;)" methodname="WriteFilesSetsMetadata" classname="Wyam.Core.Tests.Modules.IO.WriteFilesFixture" runstate="Runnable" seed="1482607215" result="Passed" start-time="2016-01-14 18:05:14Z" end-time="2016-01-14 18:05:14Z" duration="0.082574" asserts="1" />
                </test-suite>
              </test-suite>
              <test-suite type="TestFixture" id="2-1142" name="DownloadFixture" fullname="Wyam.Core.Tests.Modules.IO.DownloadFixture" classname="Wyam.Core.Tests.Modules.IO.DownloadFixture" runstate="Runnable" testcasecount="4" result="Passed" start-time="2016-01-14 18:05:17Z" end-time="2016-01-14 18:05:24Z" duration="7.579405" total="4" passed="4" failed="0" inconclusive="0" skipped="0" asserts="12">
                <properties>
                  <property name="ParallelScope" value="Self, Children" />
                </properties>
                <test-case id="2-1144" name="MultipleHtmlDownload" fullname="Wyam.Core.Tests.Modules.IO.DownloadFixture.MultipleHtmlDownload" methodname="MultipleHtmlDownload" classname="Wyam.Core.Tests.Modules.IO.DownloadFixture" runstate="Runnable" seed="1083105777" result="Passed" start-time="2016-01-14 18:05:17Z" end-time="2016-01-14 18:05:22Z" duration="5.309384" asserts="0" />
                <test-case id="2-1143" name="SingleHtmlDownloadGetStream" fullname="Wyam.Core.Tests.Modules.IO.DownloadFixture.SingleHtmlDownloadGetStream" methodname="SingleHtmlDownloadGetStream" classname="Wyam.Core.Tests.Modules.IO.DownloadFixture" runstate="Runnable" seed="2088267430" result="Passed" start-time="2016-01-14 18:05:22Z" end-time="2016-01-14 18:05:23Z" duration="0.366794" asserts="10" />
                <test-case id="2-1145" name="SingleImageDownload" fullname="Wyam.Core.Tests.Modules.IO.DownloadFixture.SingleImageDownload" methodname="SingleImageDownload" classname="Wyam.Core.Tests.Modules.IO.DownloadFixture" runstate="Runnable" seed="228093075" result="Passed" start-time="2016-01-14 18:05:23Z" end-time="2016-01-14 18:05:24Z" duration="1.071433" asserts="1" />
                <test-case id="2-1146" name="SingleImageDownloadWithRequestHeader" fullname="Wyam.Core.Tests.Modules.IO.DownloadFixture.SingleImageDownloadWithRequestHeader" methodname="SingleImageDownloadWithRequestHeader" classname="Wyam.Core.Tests.Modules.IO.DownloadFixture" runstate="Runnable" seed="629868400" result="Passed" start-time="2016-01-14 18:05:24Z" end-time="2016-01-14 18:05:24Z" duration="0.761120" asserts="1" />
              </test-suite>
            </test-suite>
            <test-suite type="TestSuite" id="2-1306" name="Templates" fullname="Wyam.Core.Tests.Modules.Templates" runstate="Runnable" testcasecount="1" result="Passed" start-time="2016-01-14 18:05:03Z" end-time="2016-01-14 18:05:27Z" duration="23.226491" total="1" passed="1" failed="0" inconclusive="0" skipped="0" asserts="0">
              <test-suite type="TestFixture" id="2-1069" name="XsltFixture" fullname="Wyam.Core.Tests.Modules.Templates.XsltFixture" classname="Wyam.Core.Tests.Modules.Templates.XsltFixture" runstate="Runnable" testcasecount="1" result="Passed" start-time="2016-01-14 18:05:24Z" end-time="2016-01-14 18:05:27Z" duration="2.224757" total="1" passed="1" failed="0" inconclusive="0" skipped="0" asserts="0">
                <properties>
                  <property name="ParallelScope" value="Self, Children" />
                </properties>
                <test-case id="2-1070" name="TestTransform" fullname="Wyam.Core.Tests.Modules.Templates.XsltFixture.TestTransform" methodname="TestTransform" classname="Wyam.Core.Tests.Modules.Templates.XsltFixture" runstate="Runnable" seed="2084292695" result="Passed" start-time="2016-01-14 18:05:24Z" end-time="2016-01-14 18:05:27Z" duration="2.223301" asserts="0" />
              </test-suite>
            </test-suite>
            <test-suite type="TestSuite" id="2-1309" name="Metadata" fullname="Wyam.Core.Tests.Modules.Metadata" runstate="Runnable" testcasecount="42" result="Passed" start-time="2016-01-14 18:05:03Z" end-time="2016-01-14 18:05:29Z" duration="25.112945" total="42" passed="42" failed="0" inconclusive="0" skipped="0" asserts="51">
              <test-suite type="TestFixture" id="2-1088" name="DirectoryMetaFixture" fullname="Wyam.Core.Tests.Modules.Metadata.DirectoryMetaFixture" classname="Wyam.Core.Tests.Modules.Metadata.DirectoryMetaFixture" runstate="Runnable" testcasecount="6" result="Passed" start-time="2016-01-14 18:05:20Z" end-time="2016-01-14 18:05:22Z" duration="2.110209" total="6" passed="6" failed="0" inconclusive="0" skipped="0" asserts="15">
                <properties>
                  <property name="ParallelScope" value="Self, Children" />
                </properties>
                <test-case id="2-1089" name="MetadataObjectsAreFiltered" fullname="Wyam.Core.Tests.Modules.Metadata.DirectoryMetaFixture.MetadataObjectsAreFiltered" methodname="MetadataObjectsAreFiltered" classname="Wyam.Core.Tests.Modules.Metadata.DirectoryMetaFixture" runstate="Runnable" seed="573163740" result="Passed" start-time="2016-01-14 18:05:20Z" end-time="2016-01-14 18:05:20Z" duration="0.456991" asserts="1" />
                <test-case id="2-1090" name="MetadataObjectsAreNotFilterdIfPreserved" fullname="Wyam.Core.Tests.Modules.Metadata.DirectoryMetaFixture.MetadataObjectsAreNotFilterdIfPreserved" methodname="MetadataObjectsAreNotFilterdIfPreserved" classname="Wyam.Core.Tests.Modules.Metadata.DirectoryMetaFixture" runstate="Runnable" seed="1481388270" result="Passed" start-time="2016-01-14 18:05:20Z" end-time="2016-01-14 18:05:21Z" duration="0.373411" asserts="1" />
                <test-case id="2-1091" name="TestIfLocal" fullname="Wyam.Core.Tests.Modules.Metadata.DirectoryMetaFixture.TestIfLocal" methodname="TestIfLocal" classname="Wyam.Core.Tests.Modules.Metadata.DirectoryMetaFixture" runstate="Runnable" seed="417400128" result="Passed" start-time="2016-01-14 18:05:21Z" end-time="2016-01-14 18:05:21Z" duration="0.479705" asserts="3" />
                <test-case id="2-1092" name="TestInhired" fullname="Wyam.Core.Tests.Modules.Metadata.DirectoryMetaFixture.TestInhired" methodname="TestInhired" classname="Wyam.Core.Tests.Modules.Metadata.DirectoryMetaFixture" runstate="Runnable" seed="1838270399" result="Passed" start-time="2016-01-14 18:05:22Z" end-time="2016-01-14 18:05:22Z" duration="0.104830" asserts="4" />
                <test-case id="2-1093" name="TestOverrideBehavior" fullname="Wyam.Core.Tests.Modules.Metadata.DirectoryMetaFixture.TestOverrideBehavior" methodname="TestOverrideBehavior" classname="Wyam.Core.Tests.Modules.Metadata.DirectoryMetaFixture" runstate="Runnable" seed="441188566" result="Passed" start-time="2016-01-14 18:05:22Z" end-time="2016-01-14 18:05:22Z" duration="0.080967" asserts="3" />
                <test-case id="2-1094" name="TestOverrideBehaviorWithOverideEnabled" fullname="Wyam.Core.Tests.Modules.Metadata.DirectoryMetaFixture.TestOverrideBehaviorWithOverideEnabled" methodname="TestOverrideBehaviorWithOverideEnabled" classname="Wyam.Core.Tests.Modules.Metadata.DirectoryMetaFixture" runstate="Runnable" seed="948150914" result="Passed" start-time="2016-01-14 18:05:22Z" end-time="2016-01-14 18:05:22Z" duration="0.097957" asserts="3" />
              </test-suite>
              <test-suite type="TestFixture" id="2-1095" name="FileNameFixture" fullname="Wyam.Core.Tests.Modules.Metadata.FileNameFixture" classname="Wyam.Core.Tests.Modules.Metadata.FileNameFixture" runstate="Runnable" testcasecount="36" result="Passed" start-time="2016-01-14 18:05:22Z" end-time="2016-01-14 18:05:29Z" duration="6.575317" total="36" passed="36" failed="0" inconclusive="0" skipped="0" asserts="36">
                <properties>
                  <property name="ParallelScope" value="Self, Children" />
                </properties>
                <test-suite type="ParameterizedMethod" id="2-1101" name="FileNameIsConvertedCorrectly" fullname="Wyam.Core.Tests.Modules.Metadata.FileNameFixture.FileNameIsConvertedCorrectly" runstate="Runnable" testcasecount="5" result="Passed" start-time="2016-01-14 18:05:22Z" end-time="2016-01-14 18:05:24Z" duration="1.370906" total="5" passed="5" failed="0" inconclusive="0" skipped="0" asserts="5">
                  <test-case id="2-1096" name="FileNameIsConvertedCorrectly(&quot;ABCDEFGHIJKLMNOPQRSTUVWXYZabcdefghijk...&quot;,&quot;abcdefghijklmnopqrstuvwxyzabcdefghijk...&quot;)" fullname="Wyam.Core.Tests.Modules.Metadata.FileNameFixture.FileNameIsConvertedCorrectly(&quot;ABCDEFGHIJKLMNOPQRSTUVWXYZabcdefghijk...&quot;,&quot;abcdefghijklmnopqrstuvwxyzabcdefghijk...&quot;)" methodname="FileNameIsConvertedCorrectly" classname="Wyam.Core.Tests.Modules.Metadata.FileNameFixture" runstate="Runnable" seed="753122109" result="Passed" start-time="2016-01-14 18:05:22Z" end-time="2016-01-14 18:05:23Z" duration="0.293905" asserts="1" />
                  <test-case id="2-1097" name="FileNameIsConvertedCorrectly(&quot;Děku.jemeविकीвики-движка&quot;,&quot;děku.jemeविकीвикидвижка&quot;)" fullname="Wyam.Core.Tests.Modules.Metadata.FileNameFixture.FileNameIsConvertedCorrectly(&quot;Děku.jemeविकीвики-движка&quot;,&quot;děku.jemeविकीвикидвижка&quot;)" methodname="FileNameIsConvertedCorrectly" classname="Wyam.Core.Tests.Modules.Metadata.FileNameFixture" runstate="Runnable" seed="708693549" result="Passed" start-time="2016-01-14 18:05:23Z" end-time="2016-01-14 18:05:23Z" duration="0.088847" asserts="1" />
                  <test-case id="2-1098" name="FileNameIsConvertedCorrectly(&quot;this is my title - and some \t\t\t\t\n...&quot;,&quot;this-is-my-title-and-some-clever-piec...&quot;)" fullname="Wyam.Core.Tests.Modules.Metadata.FileNameFixture.FileNameIsConvertedCorrectly(&quot;this is my title - and some \t\t\t\t\n...&quot;,&quot;this-is-my-title-and-some-clever-piec...&quot;)" methodname="FileNameIsConvertedCorrectly" classname="Wyam.Core.Tests.Modules.Metadata.FileNameFixture" runstate="Runnable" seed="530669797" result="Passed" start-time="2016-01-14 18:05:23Z" end-time="2016-01-14 18:05:23Z" duration="0.070649" asserts="1" />
                  <test-case id="2-1099" name="FileNameIsConvertedCorrectly(&quot;this is my title?!! /r/science/ and #...&quot;,&quot;this-is-my-title-rscience-and-firstwo...&quot;)" fullname="Wyam.Core.Tests.Modules.Metadata.FileNameFixture.FileNameIsConvertedCorrectly(&quot;this is my title?!! /r/science/ and #...&quot;,&quot;this-is-my-title-rscience-and-firstwo...&quot;)" methodname="FileNameIsConvertedCorrectly" classname="Wyam.Core.Tests.Modules.Metadata.FileNameFixture" runstate="Runnable" seed="1806100087" result="Passed" start-time="2016-01-14 18:05:23Z" end-time="2016-01-14 18:05:23Z" duration="0.075929" asserts="1" />
                  <test-case id="2-1100" name="FileNameIsConvertedCorrectly(&quot;one-two-three--four--five and a six--...&quot;,&quot;onetwothreefourfive-and-a-sixseveneig...&quot;)" fullname="Wyam.Core.Tests.Modules.Metadata.FileNameFixture.FileNameIsConvertedCorrectly(&quot;one-two-three--four--five and a six--...&quot;,&quot;onetwothreefourfive-and-a-sixseveneig...&quot;)" methodname="FileNameIsConvertedCorrectly" classname="Wyam.Core.Tests.Modules.Metadata.FileNameFixture" runstate="Runnable" seed="585601270" result="Passed" start-time="2016-01-14 18:05:23Z" end-time="2016-01-14 18:05:23Z" duration="0.042335" asserts="1" />
                </test-suite>
                <test-suite type="ParameterizedMethod" id="2-1128" name="FileNameIsConvertedCorrectlyWithReservedChar" fullname="Wyam.Core.Tests.Modules.Metadata.FileNameFixture.FileNameIsConvertedCorrectlyWithReservedChar" runstate="Runnable" testcasecount="23" result="Passed" start-time="2016-01-14 18:05:24Z" end-time="2016-01-14 18:05:27Z" duration="3.330938" total="23" passed="23" failed="0" inconclusive="0" skipped="0" asserts="23">
                  <test-case id="2-1105" name="FileNameIsConvertedCorrectlyWithReservedChar(&quot;-&quot;)" fullname="Wyam.Core.Tests.Modules.Metadata.FileNameFixture.FileNameIsConvertedCorrectlyWithReservedChar(&quot;-&quot;)" methodname="FileNameIsConvertedCorrectlyWithReservedChar" classname="Wyam.Core.Tests.Modules.Metadata.FileNameFixture" runstate="Runnable" seed="735163062" result="Passed" start-time="2016-01-14 18:05:24Z" end-time="2016-01-14 18:05:24Z" duration="0.009461" asserts="1" />
                  <test-case id="2-1106" name="FileNameIsConvertedCorrectlyWithReservedChar(&quot;_&quot;)" fullname="Wyam.Core.Tests.Modules.Metadata.FileNameFixture.FileNameIsConvertedCorrectlyWithReservedChar(&quot;_&quot;)" methodname="FileNameIsConvertedCorrectlyWithReservedChar" classname="Wyam.Core.Tests.Modules.Metadata.FileNameFixture" runstate="Runnable" seed="606461614" result="Passed" start-time="2016-01-14 18:05:24Z" end-time="2016-01-14 18:05:24Z" duration="0.009107" asserts="1" />
                  <test-case id="2-1107" name="FileNameIsConvertedCorrectlyWithReservedChar(&quot;~&quot;)" fullname="Wyam.Core.Tests.Modules.Metadata.FileNameFixture.FileNameIsConvertedCorrectlyWithReservedChar(&quot;~&quot;)" methodname="FileNameIsConvertedCorrectlyWithReservedChar" classname="Wyam.Core.Tests.Modules.Metadata.FileNameFixture" runstate="Runnable" seed="411321487" result="Passed" start-time="2016-01-14 18:05:24Z" end-time="2016-01-14 18:05:24Z" duration="0.082259" asserts="1" />
                  <test-case id="2-1108" name="FileNameIsConvertedCorrectlyWithReservedChar(&quot;:&quot;)" fullname="Wyam.Core.Tests.Modules.Metadata.FileNameFixture.FileNameIsConvertedCorrectlyWithReservedChar(&quot;:&quot;)" methodname="FileNameIsConvertedCorrectlyWithReservedChar" classname="Wyam.Core.Tests.Modules.Metadata.FileNameFixture" runstate="Runnable" seed="686804076" result="Passed" start-time="2016-01-14 18:05:24Z" end-time="2016-01-14 18:05:24Z" duration="0.030245" asserts="1" />
                  <test-case id="2-1109" name="FileNameIsConvertedCorrectlyWithReservedChar(&quot;/&quot;)" fullname="Wyam.Core.Tests.Modules.Metadata.FileNameFixture.FileNameIsConvertedCorrectlyWithReservedChar(&quot;/&quot;)" methodname="FileNameIsConvertedCorrectlyWithReservedChar" classname="Wyam.Core.Tests.Modules.Metadata.FileNameFixture" runstate="Runnable" seed="1370089044" result="Passed" start-time="2016-01-14 18:05:24Z" end-time="2016-01-14 18:05:24Z" duration="0.037627" asserts="1" />
                  <test-case id="2-1110" name="FileNameIsConvertedCorrectlyWithReservedChar(&quot;?&quot;)" fullname="Wyam.Core.Tests.Modules.Metadata.FileNameFixture.FileNameIsConvertedCorrectlyWithReservedChar(&quot;?&quot;)" methodname="FileNameIsConvertedCorrectlyWithReservedChar" classname="Wyam.Core.Tests.Modules.Metadata.FileNameFixture" runstate="Runnable" seed="1156219203" result="Passed" start-time="2016-01-14 18:05:24Z" end-time="2016-01-14 18:05:24Z" duration="0.002007" asserts="1" />
                  <test-case id="2-1111" name="FileNameIsConvertedCorrectlyWithReservedChar(&quot;#&quot;)" fullname="Wyam.Core.Tests.Modules.Metadata.FileNameFixture.FileNameIsConvertedCorrectlyWithReservedChar(&quot;#&quot;)" methodname="FileNameIsConvertedCorrectlyWithReservedChar" classname="Wyam.Core.Tests.Modules.Metadata.FileNameFixture" runstate="Runnable" seed="1748517607" result="Passed" start-time="2016-01-14 18:05:24Z" end-time="2016-01-14 18:05:24Z" duration="0.179564" asserts="1" />
                  <test-case id="2-1112" name="FileNameIsConvertedCorrectlyWithReservedChar(&quot;[&quot;)" fullname="Wyam.Core.Tests.Modules.Metadata.FileNameFixture.FileNameIsConvertedCorrectlyWithReservedChar(&quot;[&quot;)" methodname="FileNameIsConvertedCorrectlyWithReservedChar" classname="Wyam.Core.Tests.Modules.Metadata.FileNameFixture" runstate="Runnable" seed="426565713" result="Passed" start-time="2016-01-14 18:05:24Z" end-time="2016-01-14 18:05:24Z" duration="0.006846" asserts="1" />
                  <test-case id="2-1113" name="FileNameIsConvertedCorrectlyWithReservedChar(&quot;]&quot;)" fullname="Wyam.Core.Tests.Modules.Metadata.FileNameFixture.FileNameIsConvertedCorrectlyWithReservedChar(&quot;]&quot;)" methodname="FileNameIsConvertedCorrectlyWithReservedChar" classname="Wyam.Core.Tests.Modules.Metadata.FileNameFixture" runstate="Runnable" seed="235421918" result="Passed" start-time="2016-01-14 18:05:24Z" end-time="2016-01-14 18:05:24Z" duration="0.024262" asserts="1" />
                  <test-case id="2-1114" name="FileNameIsConvertedCorrectlyWithReservedChar(&quot;@&quot;)" fullname="Wyam.Core.Tests.Modules.Metadata.FileNameFixture.FileNameIsConvertedCorrectlyWithReservedChar(&quot;@&quot;)" methodname="FileNameIsConvertedCorrectlyWithReservedChar" classname="Wyam.Core.Tests.Modules.Metadata.FileNameFixture" runstate="Runnable" seed="1399746435" result="Passed" start-time="2016-01-14 18:05:24Z" end-time="2016-01-14 18:05:24Z" duration="0.053584" asserts="1" />
                  <test-case id="2-1115" name="FileNameIsConvertedCorrectlyWithReservedChar(&quot;!&quot;)" fullname="Wyam.Core.Tests.Modules.Metadata.FileNameFixture.FileNameIsConvertedCorrectlyWithReservedChar(&quot;!&quot;)" methodname="FileNameIsConvertedCorrectlyWithReservedChar" classname="Wyam.Core.Tests.Modules.Metadata.FileNameFixture" runstate="Runnable" seed="464658255" result="Passed" start-time="2016-01-14 18:05:24Z" end-time="2016-01-14 18:05:24Z" duration="0.045036" asserts="1" />
                  <test-case id="2-1116" name="FileNameIsConvertedCorrectlyWithReservedChar(&quot;$&quot;)" fullname="Wyam.Core.Tests.Modules.Metadata.FileNameFixture.FileNameIsConvertedCorrectlyWithReservedChar(&quot;$&quot;)" methodname="FileNameIsConvertedCorrectlyWithReservedChar" classname="Wyam.Core.Tests.Modules.Metadata.FileNameFixture" runstate="Runnable" seed="2005657982" result="Passed" start-time="2016-01-14 18:05:24Z" end-time="2016-01-14 18:05:24Z" duration="0.008381" asserts="1" />
                  <test-case id="2-1117" name="FileNameIsConvertedCorrectlyWithReservedChar(&quot;&amp;&quot;)" fullname="Wyam.Core.Tests.Modules.Metadata.FileNameFixture.FileNameIsConvertedCorrectlyWithReservedChar(&quot;&amp;&quot;)" methodname="FileNameIsConvertedCorrectlyWithReservedChar" classname="Wyam.Core.Tests.Modules.Metadata.FileNameFixture" runstate="Runnable" seed="871208113" result="Passed" start-time="2016-01-14 18:05:25Z" end-time="2016-01-14 18:05:25Z" duration="0.060950" asserts="1" />
                  <test-case id="2-1118" name="FileNameIsConvertedCorrectlyWithReservedChar(&quot;'&quot;)" fullname="Wyam.Core.Tests.Modules.Metadata.FileNameFixture.FileNameIsConvertedCorrectlyWithReservedChar(&quot;'&quot;)" methodname="FileNameIsConvertedCorrectlyWithReservedChar" classname="Wyam.Core.Tests.Modules.Metadata.FileNameFixture" runstate="Runnable" seed="1631639190" result="Passed" start-time="2016-01-14 18:05:25Z" end-time="2016-01-14 18:05:25Z" duration="0.042844" asserts="1" />
                  <test-case id="2-1119" name="FileNameIsConvertedCorrectlyWithReservedChar(&quot;(&quot;)" fullname="Wyam.Core.Tests.Modules.Metadata.FileNameFixture.FileNameIsConvertedCorrectlyWithReservedChar(&quot;(&quot;)" methodname="FileNameIsConvertedCorrectlyWithReservedChar" classname="Wyam.Core.Tests.Modules.Metadata.FileNameFixture" runstate="Runnable" seed="520795296" result="Passed" start-time="2016-01-14 18:05:25Z" end-time="2016-01-14 18:05:25Z" duration="0.075898" asserts="1" />
                  <test-case id="2-1120" name="FileNameIsConvertedCorrectlyWithReservedChar(&quot;)&quot;)" fullname="Wyam.Core.Tests.Modules.Metadata.FileNameFixture.FileNameIsConvertedCorrectlyWithReservedChar(&quot;)&quot;)" methodname="FileNameIsConvertedCorrectlyWithReservedChar" classname="Wyam.Core.Tests.Modules.Metadata.FileNameFixture" runstate="Runnable" seed="708568403" result="Passed" start-time="2016-01-14 18:05:25Z" end-time="2016-01-14 18:05:25Z" duration="0.100516" asserts="1" />
                  <test-case id="2-1121" name="FileNameIsConvertedCorrectlyWithReservedChar(&quot;*&quot;)" fullname="Wyam.Core.Tests.Modules.Metadata.FileNameFixture.FileNameIsConvertedCorrectlyWithReservedChar(&quot;*&quot;)" methodname="FileNameIsConvertedCorrectlyWithReservedChar" classname="Wyam.Core.Tests.Modules.Metadata.FileNameFixture" runstate="Runnable" seed="1337051320" result="Passed" start-time="2016-01-14 18:05:25Z" end-time="2016-01-14 18:05:26Z" duration="0.118610" asserts="1" />
                  <test-case id="2-1122" name="FileNameIsConvertedCorrectlyWithReservedChar(&quot;+&quot;)" fullname="Wyam.Core.Tests.Modules.Metadata.FileNameFixture.FileNameIsConvertedCorrectlyWithReservedChar(&quot;+&quot;)" methodname="FileNameIsConvertedCorrectlyWithReservedChar" classname="Wyam.Core.Tests.Modules.Metadata.FileNameFixture" runstate="Runnable" seed="271571980" result="Passed" start-time="2016-01-14 18:05:26Z" end-time="2016-01-14 18:05:26Z" duration="0.109053" asserts="1" />
                  <test-case id="2-1123" name="FileNameIsConvertedCorrectlyWithReservedChar(&quot;,&quot;)" fullname="Wyam.Core.Tests.Modules.Metadata.FileNameFixture.FileNameIsConvertedCorrectlyWithReservedChar(&quot;,&quot;)" methodname="FileNameIsConvertedCorrectlyWithReservedChar" classname="Wyam.Core.Tests.Modules.Metadata.FileNameFixture" runstate="Runnable" seed="1483667301" result="Passed" start-time="2016-01-14 18:05:26Z" end-time="2016-01-14 18:05:26Z" duration="0.127203" asserts="1" />
                  <test-case id="2-1124" name="FileNameIsConvertedCorrectlyWithReservedChar(&quot;;&quot;)" fullname="Wyam.Core.Tests.Modules.Metadata.FileNameFixture.FileNameIsConvertedCorrectlyWithReservedChar(&quot;;&quot;)" methodname="FileNameIsConvertedCorrectlyWithReservedChar" classname="Wyam.Core.Tests.Modules.Metadata.FileNameFixture" runstate="Runnable" seed="1436106096" result="Passed" start-time="2016-01-14 18:05:26Z" end-time="2016-01-14 18:05:26Z" duration="0.045597" asserts="1" />
                  <test-case id="2-1125" name="FileNameIsConvertedCorrectlyWithReservedChar(&quot;=&quot;)" fullname="Wyam.Core.Tests.Modules.Metadata.FileNameFixture.FileNameIsConvertedCorrectlyWithReservedChar(&quot;=&quot;)" methodname="FileNameIsConvertedCorrectlyWithReservedChar" classname="Wyam.Core.Tests.Modules.Metadata.FileNameFixture" runstate="Runnable" seed="1864693273" result="Passed" start-time="2016-01-14 18:05:27Z" end-time="2016-01-14 18:05:27Z" duration="0.091572" asserts="1" />
                  <test-case id="2-1126" name="FileNameIsConvertedCorrectlyWithReservedChar(&quot;}&quot;)" fullname="Wyam.Core.Tests.Modules.Metadata.FileNameFixture.FileNameIsConvertedCorrectlyWithReservedChar(&quot;}&quot;)" methodname="FileNameIsConvertedCorrectlyWithReservedChar" classname="Wyam.Core.Tests.Modules.Metadata.FileNameFixture" runstate="Runnable" seed="982803509" result="Passed" start-time="2016-01-14 18:05:27Z" end-time="2016-01-14 18:05:27Z" duration="0.055055" asserts="1" />
                  <test-case id="2-1127" name="FileNameIsConvertedCorrectlyWithReservedChar(&quot;;&quot;)" fullname="Wyam.Core.Tests.Modules.Metadata.FileNameFixture.FileNameIsConvertedCorrectlyWithReservedChar(&quot;;&quot;)" methodname="FileNameIsConvertedCorrectlyWithReservedChar" classname="Wyam.Core.Tests.Modules.Metadata.FileNameFixture" runstate="Runnable" seed="703293647" result="Passed" start-time="2016-01-14 18:05:27Z" end-time="2016-01-14 18:05:27Z" duration="0.016842" asserts="1" />
                </test-suite>
                <test-case id="2-1102" name="FileNameShouldBeLowercase" fullname="Wyam.Core.Tests.Modules.Metadata.FileNameFixture.FileNameShouldBeLowercase" methodname="FileNameShouldBeLowercase" classname="Wyam.Core.Tests.Modules.Metadata.FileNameFixture" runstate="Runnable" seed="402348061" result="Passed" start-time="2016-01-14 18:05:27Z" end-time="2016-01-14 18:05:27Z" duration="0.190095" asserts="1" />
                <test-suite type="ParameterizedMethod" id="2-1132" name="IgnoresNullOrWhiteSpaceStrings" fullname="Wyam.Core.Tests.Modules.Metadata.FileNameFixture.IgnoresNullOrWhiteSpaceStrings" runstate="Runnable" testcasecount="3" result="Passed" start-time="2016-01-14 18:05:27Z" end-time="2016-01-14 18:05:28Z" duration="0.829413" total="3" passed="3" failed="0" inconclusive="0" skipped="0" asserts="3">
                  <test-case id="2-1129" name="IgnoresNullOrWhiteSpaceStrings(null)" fullname="Wyam.Core.Tests.Modules.Metadata.FileNameFixture.IgnoresNullOrWhiteSpaceStrings(null)" methodname="IgnoresNullOrWhiteSpaceStrings" classname="Wyam.Core.Tests.Modules.Metadata.FileNameFixture" runstate="Runnable" seed="983128174" result="Passed" start-time="2016-01-14 18:05:27Z" end-time="2016-01-14 18:05:28Z" duration="0.145676" asserts="1" />
                  <test-case id="2-1130" name="IgnoresNullOrWhiteSpaceStrings(&quot;&quot;)" fullname="Wyam.Core.Tests.Modules.Metadata.FileNameFixture.IgnoresNullOrWhiteSpaceStrings(&quot;&quot;)" methodname="IgnoresNullOrWhiteSpaceStrings" classname="Wyam.Core.Tests.Modules.Metadata.FileNameFixture" runstate="Runnable" seed="1491537975" result="Passed" start-time="2016-01-14 18:05:28Z" end-time="2016-01-14 18:05:28Z" duration="0.073001" asserts="1" />
                  <test-case id="2-1131" name="IgnoresNullOrWhiteSpaceStrings(&quot; &quot;)" fullname="Wyam.Core.Tests.Modules.Metadata.FileNameFixture.IgnoresNullOrWhiteSpaceStrings(&quot; &quot;)" methodname="IgnoresNullOrWhiteSpaceStrings" classname="Wyam.Core.Tests.Modules.Metadata.FileNameFixture" runstate="Runnable" seed="1218980822" result="Passed" start-time="2016-01-14 18:05:28Z" end-time="2016-01-14 18:05:28Z" duration="0.100622" asserts="1" />
                </test-suite>
                <test-case id="2-1133" name="PreservesExtension" fullname="Wyam.Core.Tests.Modules.Metadata.FileNameFixture.PreservesExtension" methodname="PreservesExtension" classname="Wyam.Core.Tests.Modules.Metadata.FileNameFixture" runstate="Runnable" seed="1062583742" result="Passed" start-time="2016-01-14 18:05:28Z" end-time="2016-01-14 18:05:28Z" duration="0.003580" asserts="1" />
                <test-case id="2-1134" name="TrimWhitespace" fullname="Wyam.Core.Tests.Modules.Metadata.FileNameFixture.TrimWhitespace" methodname="TrimWhitespace" classname="Wyam.Core.Tests.Modules.Metadata.FileNameFixture" runstate="Runnable" seed="1689992726" result="Passed" start-time="2016-01-14 18:05:28Z" end-time="2016-01-14 18:05:28Z" duration="0.094611" asserts="1" />
                <test-case id="2-1104" name="WithAllowedCharactersDoesNotReplaceDotAtEnd" fullname="Wyam.Core.Tests.Modules.Metadata.FileNameFixture.WithAllowedCharactersDoesNotReplaceDotAtEnd" methodname="WithAllowedCharactersDoesNotReplaceDotAtEnd" classname="Wyam.Core.Tests.Modules.Metadata.FileNameFixture" runstate="Runnable" seed="2102733455" result="Passed" start-time="2016-01-14 18:05:29Z" end-time="2016-01-14 18:05:29Z" duration="0.003508" asserts="1" />
                <test-case id="2-1103" name="WithAllowedCharactersDoesNotReplaceProvidedCharacters" fullname="Wyam.Core.Tests.Modules.Metadata.FileNameFixture.WithAllowedCharactersDoesNotReplaceProvidedCharacters" methodname="WithAllowedCharactersDoesNotReplaceProvidedCharacters" classname="Wyam.Core.Tests.Modules.Metadata.FileNameFixture" runstate="Runnable" seed="1920844994" result="Passed" start-time="2016-01-14 18:05:29Z" end-time="2016-01-14 18:05:29Z" duration="0.002331" asserts="1" />
              </test-suite>
            </test-suite>
          </test-suite>
          <test-suite type="TestFixture" id="2-1000" name="EngineFixture" fullname="Wyam.Core.Tests.EngineFixture" classname="Wyam.Core.Tests.EngineFixture" runstate="Runnable" testcasecount="6" result="Passed" start-time="2016-01-14 18:05:14Z" end-time="2016-01-14 18:05:36Z" duration="21.954959" total="6" passed="6" failed="0" inconclusive="0" skipped="0" asserts="33">
            <properties>
              <property name="ParallelScope" value="Self, Children" />
            </properties>
            <test-case id="2-1006" name="CompletedContentIsPopulatedAfterRun" fullname="Wyam.Core.Tests.EngineFixture.CompletedContentIsPopulatedAfterRun" methodname="CompletedContentIsPopulatedAfterRun" classname="Wyam.Core.Tests.EngineFixture" runstate="Runnable" seed="1896201078" result="Passed" start-time="2016-01-14 18:05:14Z" end-time="2016-01-14 18:05:14Z" duration="0.199905" asserts="3" />
            <test-case id="2-1005" name="CompletedMetadataIsPopulatedAfterRun" fullname="Wyam.Core.Tests.EngineFixture.CompletedMetadataIsPopulatedAfterRun" methodname="CompletedMetadataIsPopulatedAfterRun" classname="Wyam.Core.Tests.EngineFixture" runstate="Runnable" seed="813987263" result="Passed" start-time="2016-01-14 18:05:14Z" end-time="2016-01-14 18:05:14Z" duration="0.009807" asserts="13" />
            <test-case id="2-1002" name="ConfigureAddsPipelineAndModules" fullname="Wyam.Core.Tests.EngineFixture.ConfigureAddsPipelineAndModules" methodname="ConfigureAddsPipelineAndModules" classname="Wyam.Core.Tests.EngineFixture" runstate="Runnable" seed="1630670862" result="Passed" start-time="2016-01-14 18:05:14Z" end-time="2016-01-14 18:05:31Z" duration="16.126383" asserts="2" />
            <test-case id="2-1001" name="ConfigureSetsPrimitiveMetadata" fullname="Wyam.Core.Tests.EngineFixture.ConfigureSetsPrimitiveMetadata" methodname="ConfigureSetsPrimitiveMetadata" classname="Wyam.Core.Tests.EngineFixture" runstate="Runnable" seed="798259755" result="Passed" start-time="2016-01-14 18:05:31Z" end-time="2016-01-14 18:05:34Z" duration="3.121985" asserts="4" />
            <test-case id="2-1003" name="ConfigureSupportsGlobalConstructorMethods" fullname="Wyam.Core.Tests.EngineFixture.ConfigureSupportsGlobalConstructorMethods" methodname="ConfigureSupportsGlobalConstructorMethods" classname="Wyam.Core.Tests.EngineFixture" runstate="Runnable" seed="993609143" result="Passed" start-time="2016-01-14 18:05:34Z" end-time="2016-01-14 18:05:36Z" duration="2.204620" asserts="2" />
            <test-case id="2-1004" name="ExecuteResultsInCorrectCounts" fullname="Wyam.Core.Tests.EngineFixture.ExecuteResultsInCorrectCounts" methodname="ExecuteResultsInCorrectCounts" classname="Wyam.Core.Tests.EngineFixture" runstate="Runnable" seed="277322916" result="Passed" start-time="2016-01-14 18:05:36Z" end-time="2016-01-14 18:05:36Z" duration="0.003277" asserts="9" />
          </test-suite>
          <test-suite type="TestSuite" id="2-1304" name="Configuration" fullname="Wyam.Core.Tests.Configuration" runstate="Runnable" testcasecount="56" result="Passed" start-time="2016-01-14 18:05:03Z" end-time="2016-01-14 18:05:54Z" duration="51.306749" total="56" passed="56" failed="0" inconclusive="0" skipped="0" asserts="93">
            <test-suite type="TestFixture" id="2-1011" name="ConfigFixture" fullname="Wyam.Core.Tests.Configuration.ConfigFixture" classname="Wyam.Core.Tests.Configuration.ConfigFixture" runstate="Runnable" testcasecount="56" result="Passed" start-time="2016-01-14 18:05:14Z" end-time="2016-01-14 18:05:54Z" duration="40.757951" total="56" passed="56" failed="0" inconclusive="0" skipped="0" asserts="93">
              <properties>
                <property name="ParallelScope" value="Self, Children" />
              </properties>
              <test-case id="2-1062" name="ErrorInConfigAfterLambdaExpansionContainsCorrectLineNumbers" fullname="Wyam.Core.Tests.Configuration.ConfigFixture.ErrorInConfigAfterLambdaExpansionContainsCorrectLineNumbers" methodname="ErrorInConfigAfterLambdaExpansionContainsCorrectLineNumbers" classname="Wyam.Core.Tests.Configuration.ConfigFixture" runstate="Runnable" seed="1460000646" result="Passed" start-time="2016-01-14 18:05:14Z" end-time="2016-01-14 18:05:31Z" duration="17.416171" asserts="2" />
              <test-case id="2-1063" name="ErrorInConfigAfterLambdaExpansionOnNewLineContainsCorrectLineNumbers" fullname="Wyam.Core.Tests.Configuration.ConfigFixture.ErrorInConfigAfterLambdaExpansionOnNewLineContainsCorrectLineNumbers" methodname="ErrorInConfigAfterLambdaExpansionOnNewLineContainsCorrectLineNumbers" classname="Wyam.Core.Tests.Configuration.ConfigFixture" runstate="Runnable" seed="1362768032" result="Passed" start-time="2016-01-14 18:05:31Z" end-time="2016-01-14 18:05:35Z" duration="4.342762" asserts="2" />
              <test-case id="2-1064" name="ErrorInConfigAfterLambdaExpansionWithArgumentSeparatorNewLinesContainsCorrectLineNumbers" fullname="Wyam.Core.Tests.Configuration.ConfigFixture.ErrorInConfigAfterLambdaExpansionWithArgumentSeparatorNewLinesContainsCorrectLineNumbers" methodname="ErrorInConfigAfterLambdaExpansionWithArgumentSeparatorNewLinesContainsCorrectLineNumbers" classname="Wyam.Core.Tests.Configuration.ConfigFixture" runstate="Runnable" seed="1258373135" result="Passed" start-time="2016-01-14 18:05:35Z" end-time="2016-01-14 18:05:39Z" duration="3.506889" asserts="2" />
              <test-case id="2-1060" name="ErrorInConfigContainsCorrectLineNumbers" fullname="Wyam.Core.Tests.Configuration.ConfigFixture.ErrorInConfigContainsCorrectLineNumbers" methodname="ErrorInConfigContainsCorrectLineNumbers" classname="Wyam.Core.Tests.Configuration.ConfigFixture" runstate="Runnable" seed="262958866" result="Passed" start-time="2016-01-14 18:05:39Z" end-time="2016-01-14 18:05:42Z" duration="2.708574" asserts="2" />
              <test-case id="2-1061" name="ErrorInConfigWithoutDeclarationsContainsCorrectLineNumbers" fullname="Wyam.Core.Tests.Configuration.ConfigFixture.ErrorInConfigWithoutDeclarationsContainsCorrectLineNumbers" methodname="ErrorInConfigWithoutDeclarationsContainsCorrectLineNumbers" classname="Wyam.Core.Tests.Configuration.ConfigFixture" runstate="Runnable" seed="670081083" result="Passed" start-time="2016-01-14 18:05:42Z" end-time="2016-01-14 18:05:43Z" duration="1.684039" asserts="2" />
              <test-case id="2-1057" name="ErrorInDeclarationsContainsCorrectLineNumbers" fullname="Wyam.Core.Tests.Configuration.ConfigFixture.ErrorInDeclarationsContainsCorrectLineNumbers" methodname="ErrorInDeclarationsContainsCorrectLineNumbers" classname="Wyam.Core.Tests.Configuration.ConfigFixture" runstate="Runnable" seed="92483327" result="Passed" start-time="2016-01-14 18:05:43Z" end-time="2016-01-14 18:05:45Z" duration="1.817420" asserts="3" />
              <test-case id="2-1058" name="ErrorInDeclarationsWithEmptyLinesContainsCorrectLineNumbers" fullname="Wyam.Core.Tests.Configuration.ConfigFixture.ErrorInDeclarationsWithEmptyLinesContainsCorrectLineNumbers" methodname="ErrorInDeclarationsWithEmptyLinesContainsCorrectLineNumbers" classname="Wyam.Core.Tests.Configuration.ConfigFixture" runstate="Runnable" seed="672876239" result="Passed" start-time="2016-01-14 18:05:45Z" end-time="2016-01-14 18:05:47Z" duration="1.436836" asserts="3" />
              <test-case id="2-1059" name="ErrorInDeclarationsWithoutSetupContainsCorrectLineNumbers" fullname="Wyam.Core.Tests.Configuration.ConfigFixture.ErrorInDeclarationsWithoutSetupContainsCorrectLineNumbers" methodname="ErrorInDeclarationsWithoutSetupContainsCorrectLineNumbers" classname="Wyam.Core.Tests.Configuration.ConfigFixture" runstate="Runnable" seed="2134314168" result="Passed" start-time="2016-01-14 18:05:47Z" end-time="2016-01-14 18:05:49Z" duration="2.448346" asserts="3" />
              <test-case id="2-1056" name="ErrorInSetupContainsCorrectLineNumbers" fullname="Wyam.Core.Tests.Configuration.ConfigFixture.ErrorInSetupContainsCorrectLineNumbers" methodname="ErrorInSetupContainsCorrectLineNumbers" classname="Wyam.Core.Tests.Configuration.ConfigFixture" runstate="Runnable" seed="320302720" result="Passed" start-time="2016-01-14 18:05:49Z" end-time="2016-01-14 18:05:49Z" duration="0.098303" asserts="3" />
              <test-case id="2-1066" name="GenerateModuleConstructorMethodsGeneratesGenericConstructors" fullname="Wyam.Core.Tests.Configuration.ConfigFixture.GenerateModuleConstructorMethodsGeneratesGenericConstructors" methodname="GenerateModuleConstructorMethodsGeneratesGenericConstructors" classname="Wyam.Core.Tests.Configuration.ConfigFixture" runstate="Runnable" seed="1045312845" result="Passed" start-time="2016-01-14 18:05:49Z" end-time="2016-01-14 18:05:49Z" duration="0.072198" asserts="1" />
              <test-case id="2-1065" name="GenerateModuleConstructorMethodsGeneratesOverloadedConstructors" fullname="Wyam.Core.Tests.Configuration.ConfigFixture.GenerateModuleConstructorMethodsGeneratesOverloadedConstructors" methodname="GenerateModuleConstructorMethodsGeneratesOverloadedConstructors" classname="Wyam.Core.Tests.Configuration.ConfigFixture" runstate="Runnable" seed="1342089395" result="Passed" start-time="2016-01-14 18:05:49Z" end-time="2016-01-14 18:05:49Z" duration="0.085793" asserts="1" />
              <test-suite type="ParameterizedMethod" id="2-1055" name="GenerateScriptGeneratesCorrectScript" fullname="Wyam.Core.Tests.Configuration.ConfigFixture.GenerateScriptGeneratesCorrectScript" runstate="Runnable" testcasecount="33" result="Passed" start-time="2016-01-14 18:05:49Z" end-time="2016-01-14 18:05:51Z" duration="2.039719" total="33" passed="33" failed="0" inconclusive="0" skipped="0" asserts="33">
                <test-case id="2-1022" name="GenerateScriptGeneratesCorrectScript(&quot;Pipelines.Add(Content())&quot;,&quot;Pipelines.Add(ConfigScript.Content())&quot;)" fullname="Wyam.Core.Tests.Configuration.ConfigFixture.GenerateScriptGeneratesCorrectScript(&quot;Pipelines.Add(Content())&quot;,&quot;Pipelines.Add(ConfigScript.Content())&quot;)" methodname="GenerateScriptGeneratesCorrectScript" classname="Wyam.Core.Tests.Configuration.ConfigFixture" runstate="Runnable" seed="1835946489" result="Passed" start-time="2016-01-14 18:05:49Z" end-time="2016-01-14 18:05:49Z" duration="0.052008" asserts="1" />
                <test-case id="2-1023" name="GenerateScriptGeneratesCorrectScript(&quot;Pipelines.Add(Content(Content()))&quot;,&quot;Pipelines.Add(ConfigScript.Content(Co...&quot;)" fullname="Wyam.Core.Tests.Configuration.ConfigFixture.GenerateScriptGeneratesCorrectScript(&quot;Pipelines.Add(Content(Content()))&quot;,&quot;Pipelines.Add(ConfigScript.Content(Co...&quot;)" methodname="GenerateScriptGeneratesCorrectScript" classname="Wyam.Core.Tests.Configuration.ConfigFixture" runstate="Runnable" seed="142881592" result="Passed" start-time="2016-01-14 18:05:49Z" end-time="2016-01-14 18:05:49Z" duration="0.050386" asserts="1" />
                <test-case id="2-1024" name="GenerateScriptGeneratesCorrectScript(&quot;Pipelines.Add(Content(@doc =&gt; @doc.Fo...&quot;,&quot;Pipelines.Add(ConfigScript.Content(@d...&quot;)" fullname="Wyam.Core.Tests.Configuration.ConfigFixture.GenerateScriptGeneratesCorrectScript(&quot;Pipelines.Add(Content(@doc =&gt; @doc.Fo...&quot;,&quot;Pipelines.Add(ConfigScript.Content(@d...&quot;)" methodname="GenerateScriptGeneratesCorrectScript" classname="Wyam.Core.Tests.Configuration.ConfigFixture" runstate="Runnable" seed="467836070" result="Passed" start-time="2016-01-14 18:05:49Z" end-time="2016-01-14 18:05:50Z" duration="0.085312" asserts="1" />
                <test-case id="2-1025" name="GenerateScriptGeneratesCorrectScript(&quot;Pipelines.Add(Content(), Foobar())&quot;,&quot;Pipelines.Add(ConfigScript.Content(),...&quot;)" fullname="Wyam.Core.Tests.Configuration.ConfigFixture.GenerateScriptGeneratesCorrectScript(&quot;Pipelines.Add(Content(), Foobar())&quot;,&quot;Pipelines.Add(ConfigScript.Content(),...&quot;)" methodname="GenerateScriptGeneratesCorrectScript" classname="Wyam.Core.Tests.Configuration.ConfigFixture" runstate="Runnable" seed="1448988997" result="Passed" start-time="2016-01-14 18:05:50Z" end-time="2016-01-14 18:05:50Z" duration="0.078237" asserts="1" />
                <test-case id="2-1026" name="GenerateScriptGeneratesCorrectScript(&quot;Pipelines.Add(Content(\&quot;foobar\&quot;))&quot;,&quot;Pipelines.Add(ConfigScript.Content(\&quot;...&quot;)" fullname="Wyam.Core.Tests.Configuration.ConfigFixture.GenerateScriptGeneratesCorrectScript(&quot;Pipelines.Add(Content(\&quot;foobar\&quot;))&quot;,&quot;Pipelines.Add(ConfigScript.Content(\&quot;...&quot;)" methodname="GenerateScriptGeneratesCorrectScript" classname="Wyam.Core.Tests.Configuration.ConfigFixture" runstate="Runnable" seed="107278582" result="Passed" start-time="2016-01-14 18:05:50Z" end-time="2016-01-14 18:05:50Z" duration="0.091031" asserts="1" />
                <test-case id="2-1027" name="GenerateScriptGeneratesCorrectScript(&quot;Pipelines.Add(Content((x) =&gt; x.Foo()))&quot;,&quot;Pipelines.Add(ConfigScript.Content((x...&quot;)" fullname="Wyam.Core.Tests.Configuration.ConfigFixture.GenerateScriptGeneratesCorrectScript(&quot;Pipelines.Add(Content((x) =&gt; x.Foo()))&quot;,&quot;Pipelines.Add(ConfigScript.Content((x...&quot;)" methodname="GenerateScriptGeneratesCorrectScript" classname="Wyam.Core.Tests.Configuration.ConfigFixture" runstate="Runnable" seed="1637476819" result="Passed" start-time="2016-01-14 18:05:50Z" end-time="2016-01-14 18:05:50Z" duration="0.046263" asserts="1" />
                <test-case id="2-1028" name="GenerateScriptGeneratesCorrectScript(&quot;Pipelines.Add(Content(@doc.Foo()))&quot;,&quot;Pipelines.Add(ConfigScript.Content((@...&quot;)" fullname="Wyam.Core.Tests.Configuration.ConfigFixture.GenerateScriptGeneratesCorrectScript(&quot;Pipelines.Add(Content(@doc.Foo()))&quot;,&quot;Pipelines.Add(ConfigScript.Content((@...&quot;)" methodname="GenerateScriptGeneratesCorrectScript" classname="Wyam.Core.Tests.Configuration.ConfigFixture" runstate="Runnable" seed="692184546" result="Passed" start-time="2016-01-14 18:05:50Z" end-time="2016-01-14 18:05:50Z" duration="0.083955" asserts="1" />
                <test-case id="2-1029" name="GenerateScriptGeneratesCorrectScript(&quot;Pipelines.Add(Content(@doc2.Foo()))&quot;,&quot;Pipelines.Add(ConfigScript.Content((@...&quot;)" fullname="Wyam.Core.Tests.Configuration.ConfigFixture.GenerateScriptGeneratesCorrectScript(&quot;Pipelines.Add(Content(@doc2.Foo()))&quot;,&quot;Pipelines.Add(ConfigScript.Content((@...&quot;)" methodname="GenerateScriptGeneratesCorrectScript" classname="Wyam.Core.Tests.Configuration.ConfigFixture" runstate="Runnable" seed="392352118" result="Passed" start-time="2016-01-14 18:05:50Z" end-time="2016-01-14 18:05:50Z" duration="0.067344" asserts="1" />
                <test-case id="2-1030" name="GenerateScriptGeneratesCorrectScript(&quot;Pipelines.Add(Content((int)@doc.Foo()))&quot;,&quot;Pipelines.Add(ConfigScript.Content((@...&quot;)" fullname="Wyam.Core.Tests.Configuration.ConfigFixture.GenerateScriptGeneratesCorrectScript(&quot;Pipelines.Add(Content((int)@doc.Foo()))&quot;,&quot;Pipelines.Add(ConfigScript.Content((@...&quot;)" methodname="GenerateScriptGeneratesCorrectScript" classname="Wyam.Core.Tests.Configuration.ConfigFixture" runstate="Runnable" seed="129833087" result="Passed" start-time="2016-01-14 18:05:50Z" end-time="2016-01-14 18:05:50Z" duration="0.137866" asserts="1" />
                <test-case id="2-1031" name="GenerateScriptGeneratesCorrectScript(&quot;Pipelines.Add(Content(@ctx.Foo()))&quot;,&quot;Pipelines.Add(ConfigScript.Content(@c...&quot;)" fullname="Wyam.Core.Tests.Configuration.ConfigFixture.GenerateScriptGeneratesCorrectScript(&quot;Pipelines.Add(Content(@ctx.Foo()))&quot;,&quot;Pipelines.Add(ConfigScript.Content(@c...&quot;)" methodname="GenerateScriptGeneratesCorrectScript" classname="Wyam.Core.Tests.Configuration.ConfigFixture" runstate="Runnable" seed="608442110" result="Passed" start-time="2016-01-14 18:05:50Z" end-time="2016-01-14 18:05:50Z" duration="0.037023" asserts="1" />
                <test-case id="2-1032" name="GenerateScriptGeneratesCorrectScript(&quot;Pipelines.Add(Content(@doc.Foo(Conten...&quot;,&quot;Pipelines.Add(ConfigScript.Content((@...&quot;)" fullname="Wyam.Core.Tests.Configuration.ConfigFixture.GenerateScriptGeneratesCorrectScript(&quot;Pipelines.Add(Content(@doc.Foo(Conten...&quot;,&quot;Pipelines.Add(ConfigScript.Content((@...&quot;)" methodname="GenerateScriptGeneratesCorrectScript" classname="Wyam.Core.Tests.Configuration.ConfigFixture" runstate="Runnable" seed="826164525" result="Passed" start-time="2016-01-14 18:05:50Z" end-time="2016-01-14 18:05:50Z" duration="0.096575" asserts="1" />
                <test-case id="2-1033" name="GenerateScriptGeneratesCorrectScript(&quot;Pipelines.Add(Content(@doc.Foo(Conten...&quot;,&quot;Pipelines.Add(ConfigScript.Content((@...&quot;)" fullname="Wyam.Core.Tests.Configuration.ConfigFixture.GenerateScriptGeneratesCorrectScript(&quot;Pipelines.Add(Content(@doc.Foo(Conten...&quot;,&quot;Pipelines.Add(ConfigScript.Content((@...&quot;)" methodname="GenerateScriptGeneratesCorrectScript" classname="Wyam.Core.Tests.Configuration.ConfigFixture" runstate="Runnable" seed="674926834" result="Passed" start-time="2016-01-14 18:05:50Z" end-time="2016-01-14 18:05:50Z" duration="0.118260" asserts="1" />
                <test-case id="2-1034" name="GenerateScriptGeneratesCorrectScript(&quot;Pipelines.Add(Content(@doc.Foo(Conten...&quot;,&quot;Pipelines.Add(ConfigScript.Content((@...&quot;)" fullname="Wyam.Core.Tests.Configuration.ConfigFixture.GenerateScriptGeneratesCorrectScript(&quot;Pipelines.Add(Content(@doc.Foo(Conten...&quot;,&quot;Pipelines.Add(ConfigScript.Content((@...&quot;)" methodname="GenerateScriptGeneratesCorrectScript" classname="Wyam.Core.Tests.Configuration.ConfigFixture" runstate="Runnable" seed="657009205" result="Passed" start-time="2016-01-14 18:05:50Z" end-time="2016-01-14 18:05:50Z" duration="0.045890" asserts="1" />
                <test-case id="2-1035" name="GenerateScriptGeneratesCorrectScript(&quot;Pipelines.Add(Content(@doc.Foo(@ctx.B...&quot;,&quot;Pipelines.Add(ConfigScript.Content((@...&quot;)" fullname="Wyam.Core.Tests.Configuration.ConfigFixture.GenerateScriptGeneratesCorrectScript(&quot;Pipelines.Add(Content(@doc.Foo(@ctx.B...&quot;,&quot;Pipelines.Add(ConfigScript.Content((@...&quot;)" methodname="GenerateScriptGeneratesCorrectScript" classname="Wyam.Core.Tests.Configuration.ConfigFixture" runstate="Runnable" seed="502868772" result="Passed" start-time="2016-01-14 18:05:50Z" end-time="2016-01-14 18:05:50Z" duration="0.040723" asserts="1" />
                <test-case id="2-1036" name="GenerateScriptGeneratesCorrectScript(&quot;Pipelines.Add(Content(@doc.Foo(@ctx2....&quot;,&quot;Pipelines.Add(ConfigScript.Content((@...&quot;)" fullname="Wyam.Core.Tests.Configuration.ConfigFixture.GenerateScriptGeneratesCorrectScript(&quot;Pipelines.Add(Content(@doc.Foo(@ctx2....&quot;,&quot;Pipelines.Add(ConfigScript.Content((@...&quot;)" methodname="GenerateScriptGeneratesCorrectScript" classname="Wyam.Core.Tests.Configuration.ConfigFixture" runstate="Runnable" seed="392691004" result="Passed" start-time="2016-01-14 18:05:50Z" end-time="2016-01-14 18:05:51Z" duration="0.066807" asserts="1" />
                <test-case id="2-1037" name="GenerateScriptGeneratesCorrectScript(&quot;Pipelines.Add(Content(@doc[\&quot;foo\&quot;]))&quot;,&quot;Pipelines.Add(ConfigScript.Content((@...&quot;)" fullname="Wyam.Core.Tests.Configuration.ConfigFixture.GenerateScriptGeneratesCorrectScript(&quot;Pipelines.Add(Content(@doc[\&quot;foo\&quot;]))&quot;,&quot;Pipelines.Add(ConfigScript.Content((@...&quot;)" methodname="GenerateScriptGeneratesCorrectScript" classname="Wyam.Core.Tests.Configuration.ConfigFixture" runstate="Runnable" seed="953557922" result="Passed" start-time="2016-01-14 18:05:51Z" end-time="2016-01-14 18:05:51Z" duration="0.056368" asserts="1" />
                <test-case id="2-1038" name="GenerateScriptGeneratesCorrectScript(&quot;Pipelines.Add(Content(@ctx[\&quot;foo\&quot;]))&quot;,&quot;Pipelines.Add(ConfigScript.Content(@c...&quot;)" fullname="Wyam.Core.Tests.Configuration.ConfigFixture.GenerateScriptGeneratesCorrectScript(&quot;Pipelines.Add(Content(@ctx[\&quot;foo\&quot;]))&quot;,&quot;Pipelines.Add(ConfigScript.Content(@c...&quot;)" methodname="GenerateScriptGeneratesCorrectScript" classname="Wyam.Core.Tests.Configuration.ConfigFixture" runstate="Runnable" seed="1072944492" result="Passed" start-time="2016-01-14 18:05:51Z" end-time="2016-01-14 18:05:51Z" duration="0.044223" asserts="1" />
                <test-case id="2-1039" name="GenerateScriptGeneratesCorrectScript(&quot;Pipelines.Add(Content(@doc.Foo))&quot;,&quot;Pipelines.Add(ConfigScript.Content((@...&quot;)" fullname="Wyam.Core.Tests.Configuration.ConfigFixture.GenerateScriptGeneratesCorrectScript(&quot;Pipelines.Add(Content(@doc.Foo))&quot;,&quot;Pipelines.Add(ConfigScript.Content((@...&quot;)" methodname="GenerateScriptGeneratesCorrectScript" classname="Wyam.Core.Tests.Configuration.ConfigFixture" runstate="Runnable" seed="1924427483" result="Passed" start-time="2016-01-14 18:05:51Z" end-time="2016-01-14 18:05:51Z" duration="0.044286" asserts="1" />
                <test-case id="2-1040" name="GenerateScriptGeneratesCorrectScript(&quot;Pipelines.Add(Content().Where(@doc.Fo...&quot;,&quot;Pipelines.Add(ConfigScript.Content()....&quot;)" fullname="Wyam.Core.Tests.Configuration.ConfigFixture.GenerateScriptGeneratesCorrectScript(&quot;Pipelines.Add(Content().Where(@doc.Fo...&quot;,&quot;Pipelines.Add(ConfigScript.Content()....&quot;)" methodname="GenerateScriptGeneratesCorrectScript" classname="Wyam.Core.Tests.Configuration.ConfigFixture" runstate="Runnable" seed="1548732413" result="Passed" start-time="2016-01-14 18:05:51Z" end-time="2016-01-14 18:05:51Z" duration="0.039667" asserts="1" />
                <test-case id="2-1041" name="GenerateScriptGeneratesCorrectScript(&quot;Pipelines.Add(Content().Where().Where...&quot;,&quot;Pipelines.Add(ConfigScript.Content()....&quot;)" fullname="Wyam.Core.Tests.Configuration.ConfigFixture.GenerateScriptGeneratesCorrectScript(&quot;Pipelines.Add(Content().Where().Where...&quot;,&quot;Pipelines.Add(ConfigScript.Content()....&quot;)" methodname="GenerateScriptGeneratesCorrectScript" classname="Wyam.Core.Tests.Configuration.ConfigFixture" runstate="Runnable" seed="546864238" result="Passed" start-time="2016-01-14 18:05:51Z" end-time="2016-01-14 18:05:51Z" duration="0.058858" asserts="1" />
                <test-case id="2-1042" name="GenerateScriptGeneratesCorrectScript(&quot;Pipelines.Add(Content().Where(5).Wher...&quot;,&quot;Pipelines.Add(ConfigScript.Content()....&quot;)" fullname="Wyam.Core.Tests.Configuration.ConfigFixture.GenerateScriptGeneratesCorrectScript(&quot;Pipelines.Add(Content().Where(5).Wher...&quot;,&quot;Pipelines.Add(ConfigScript.Content()....&quot;)" methodname="GenerateScriptGeneratesCorrectScript" classname="Wyam.Core.Tests.Configuration.ConfigFixture" runstate="Runnable" seed="1958916467" result="Passed" start-time="2016-01-14 18:05:51Z" end-time="2016-01-14 18:05:51Z" duration="0.054345" asserts="1" />
                <test-case id="2-1043" name="GenerateScriptGeneratesCorrectScript(&quot;Pipelines.Add(Content().Where(@doc[\&quot;...&quot;,&quot;Pipelines.Add(ConfigScript.Content()....&quot;)" fullname="Wyam.Core.Tests.Configuration.ConfigFixture.GenerateScriptGeneratesCorrectScript(&quot;Pipelines.Add(Content().Where(@doc[\&quot;...&quot;,&quot;Pipelines.Add(ConfigScript.Content()....&quot;)" methodname="GenerateScriptGeneratesCorrectScript" classname="Wyam.Core.Tests.Configuration.ConfigFixture" runstate="Runnable" seed="105033491" result="Passed" start-time="2016-01-14 18:05:51Z" end-time="2016-01-14 18:05:51Z" duration="0.062107" asserts="1" />
                <test-case id="2-1044" name="GenerateScriptGeneratesCorrectScript(&quot;Pipelines.Add(Content().Where(@doc.Foo))&quot;,&quot;Pipelines.Add(ConfigScript.Content()....&quot;)" fullname="Wyam.Core.Tests.Configuration.ConfigFixture.GenerateScriptGeneratesCorrectScript(&quot;Pipelines.Add(Content().Where(@doc.Foo))&quot;,&quot;Pipelines.Add(ConfigScript.Content()....&quot;)" methodname="GenerateScriptGeneratesCorrectScript" classname="Wyam.Core.Tests.Configuration.ConfigFixture" runstate="Runnable" seed="592696544" result="Passed" start-time="2016-01-14 18:05:51Z" end-time="2016-01-14 18:05:51Z" duration="0.044654" asserts="1" />
                <test-case id="2-1045" name="GenerateScriptGeneratesCorrectScript(&quot;Pipelines.Add(Content(\&quot;foobar\&quot;).Whe...&quot;,&quot;Pipelines.Add(ConfigScript.Content(\&quot;...&quot;)" fullname="Wyam.Core.Tests.Configuration.ConfigFixture.GenerateScriptGeneratesCorrectScript(&quot;Pipelines.Add(Content(\&quot;foobar\&quot;).Whe...&quot;,&quot;Pipelines.Add(ConfigScript.Content(\&quot;...&quot;)" methodname="GenerateScriptGeneratesCorrectScript" classname="Wyam.Core.Tests.Configuration.ConfigFixture" runstate="Runnable" seed="591934172" result="Passed" start-time="2016-01-14 18:05:51Z" end-time="2016-01-14 18:05:51Z" duration="0.052606" asserts="1" />
                <test-case id="2-1046" name="GenerateScriptGeneratesCorrectScript(&quot;Pipelines.Add(Content(@doc.Foo()).Whe...&quot;,&quot;Pipelines.Add(ConfigScript.Content((@...&quot;)" fullname="Wyam.Core.Tests.Configuration.ConfigFixture.GenerateScriptGeneratesCorrectScript(&quot;Pipelines.Add(Content(@doc.Foo()).Whe...&quot;,&quot;Pipelines.Add(ConfigScript.Content((@...&quot;)" methodname="GenerateScriptGeneratesCorrectScript" classname="Wyam.Core.Tests.Configuration.ConfigFixture" runstate="Runnable" seed="1548583897" result="Passed" start-time="2016-01-14 18:05:51Z" end-time="2016-01-14 18:05:51Z" duration="0.053492" asserts="1" />
                <test-case id="2-1047" name="GenerateScriptGeneratesCorrectScript(&quot;Pipelines.Add(Content(@doc[\&quot;foo\&quot;])....&quot;,&quot;Pipelines.Add(ConfigScript.Content((@...&quot;)" fullname="Wyam.Core.Tests.Configuration.ConfigFixture.GenerateScriptGeneratesCorrectScript(&quot;Pipelines.Add(Content(@doc[\&quot;foo\&quot;])....&quot;,&quot;Pipelines.Add(ConfigScript.Content((@...&quot;)" methodname="GenerateScriptGeneratesCorrectScript" classname="Wyam.Core.Tests.Configuration.ConfigFixture" runstate="Runnable" seed="980176457" result="Passed" start-time="2016-01-14 18:05:51Z" end-time="2016-01-14 18:05:51Z" duration="0.050837" asserts="1" />
                <test-case id="2-1048" name="GenerateScriptGeneratesCorrectScript(&quot;Pipelines.Add(Content(@doc.@Foo).Wher...&quot;,&quot;Pipelines.Add(ConfigScript.Content((@...&quot;)" fullname="Wyam.Core.Tests.Configuration.ConfigFixture.GenerateScriptGeneratesCorrectScript(&quot;Pipelines.Add(Content(@doc.@Foo).Wher...&quot;,&quot;Pipelines.Add(ConfigScript.Content((@...&quot;)" methodname="GenerateScriptGeneratesCorrectScript" classname="Wyam.Core.Tests.Configuration.ConfigFixture" runstate="Runnable" seed="125979337" result="Passed" start-time="2016-01-14 18:05:51Z" end-time="2016-01-14 18:05:51Z" duration="0.038131" asserts="1" />
                <test-case id="2-1049" name="GenerateScriptGeneratesCorrectScript(&quot;Pipelines.Add(Content(Bar(@doc.Foo())))&quot;,&quot;Pipelines.Add(ConfigScript.Content((@...&quot;)" fullname="Wyam.Core.Tests.Configuration.ConfigFixture.GenerateScriptGeneratesCorrectScript(&quot;Pipelines.Add(Content(Bar(@doc.Foo())))&quot;,&quot;Pipelines.Add(ConfigScript.Content((@...&quot;)" methodname="GenerateScriptGeneratesCorrectScript" classname="Wyam.Core.Tests.Configuration.ConfigFixture" runstate="Runnable" seed="438749011" result="Passed" start-time="2016-01-14 18:05:51Z" end-time="2016-01-14 18:05:51Z" duration="0.032637" asserts="1" />
                <test-case id="2-1050" name="GenerateScriptGeneratesCorrectScript(&quot;Pipelines.Add(Content(Bar(@ctx.Foo())))&quot;,&quot;Pipelines.Add(ConfigScript.Content(@c...&quot;)" fullname="Wyam.Core.Tests.Configuration.ConfigFixture.GenerateScriptGeneratesCorrectScript(&quot;Pipelines.Add(Content(Bar(@ctx.Foo())))&quot;,&quot;Pipelines.Add(ConfigScript.Content(@c...&quot;)" methodname="GenerateScriptGeneratesCorrectScript" classname="Wyam.Core.Tests.Configuration.ConfigFixture" runstate="Runnable" seed="589179632" result="Passed" start-time="2016-01-14 18:05:51Z" end-time="2016-01-14 18:05:51Z" duration="0.032039" asserts="1" />
                <test-case id="2-1051" name="GenerateScriptGeneratesCorrectScript(&quot;Pipelines.Add(Content(Bar(@ctx2.Foo())))&quot;,&quot;Pipelines.Add(ConfigScript.Content(@c...&quot;)" fullname="Wyam.Core.Tests.Configuration.ConfigFixture.GenerateScriptGeneratesCorrectScript(&quot;Pipelines.Add(Content(Bar(@ctx2.Foo())))&quot;,&quot;Pipelines.Add(ConfigScript.Content(@c...&quot;)" methodname="GenerateScriptGeneratesCorrectScript" classname="Wyam.Core.Tests.Configuration.ConfigFixture" runstate="Runnable" seed="1567116626" result="Passed" start-time="2016-01-14 18:05:51Z" end-time="2016-01-14 18:05:51Z" duration="0.036444" asserts="1" />
                <test-case id="2-1052" name="GenerateScriptGeneratesCorrectScript(&quot;Pipelines.Add(Content().Where(Bar(@do...&quot;,&quot;Pipelines.Add(ConfigScript.Content()....&quot;)" fullname="Wyam.Core.Tests.Configuration.ConfigFixture.GenerateScriptGeneratesCorrectScript(&quot;Pipelines.Add(Content().Where(Bar(@do...&quot;,&quot;Pipelines.Add(ConfigScript.Content()....&quot;)" methodname="GenerateScriptGeneratesCorrectScript" classname="Wyam.Core.Tests.Configuration.ConfigFixture" runstate="Runnable" seed="1141276088" result="Passed" start-time="2016-01-14 18:05:51Z" end-time="2016-01-14 18:05:51Z" duration="0.028196" asserts="1" />
                <test-case id="2-1053" name="GenerateScriptGeneratesCorrectScript(&quot;Pipelines.Add(Content().Where(Bar(@ct...&quot;,&quot;Pipelines.Add(ConfigScript.Content()....&quot;)" fullname="Wyam.Core.Tests.Configuration.ConfigFixture.GenerateScriptGeneratesCorrectScript(&quot;Pipelines.Add(Content().Where(Bar(@ct...&quot;,&quot;Pipelines.Add(ConfigScript.Content()....&quot;)" methodname="GenerateScriptGeneratesCorrectScript" classname="Wyam.Core.Tests.Configuration.ConfigFixture" runstate="Runnable" seed="1352902228" result="Passed" start-time="2016-01-14 18:05:51Z" end-time="2016-01-14 18:05:51Z" duration="0.029963" asserts="1" />
                <test-case id="2-1054" name="GenerateScriptGeneratesCorrectScript(&quot;Pipelines.Add(Content(Content(\&quot;*.md\&quot;...&quot;,&quot;Pipelines.Add(ConfigScript.Content(Co...&quot;)" fullname="Wyam.Core.Tests.Configuration.ConfigFixture.GenerateScriptGeneratesCorrectScript(&quot;Pipelines.Add(Content(Content(\&quot;*.md\&quot;...&quot;,&quot;Pipelines.Add(ConfigScript.Content(Co...&quot;)" methodname="GenerateScriptGeneratesCorrectScript" classname="Wyam.Core.Tests.Configuration.ConfigFixture" runstate="Runnable" seed="976149245" result="Passed" start-time="2016-01-14 18:05:51Z" end-time="2016-01-14 18:05:51Z" duration="0.038137" asserts="1" />
              </test-suite>
              <test-case id="2-1021" name="GetConfigPartsReturnDeclarationsWithoutSetup" fullname="Wyam.Core.Tests.Configuration.ConfigFixture.GetConfigPartsReturnDeclarationsWithoutSetup" methodname="GetConfigPartsReturnDeclarationsWithoutSetup" classname="Wyam.Core.Tests.Configuration.ConfigFixture" runstate="Runnable" seed="1960734727" result="Passed" start-time="2016-01-14 18:05:51Z" end-time="2016-01-14 18:05:51Z" duration="0.001175" asserts="3" />
              <test-case id="2-1012" name="GetConfigPartsReturnsBothPartsWithDelimiter" fullname="Wyam.Core.Tests.Configuration.ConfigFixture.GetConfigPartsReturnsBothPartsWithDelimiter" methodname="GetConfigPartsReturnsBothPartsWithDelimiter" classname="Wyam.Core.Tests.Configuration.ConfigFixture" runstate="Runnable" seed="1620750620" result="Passed" start-time="2016-01-14 18:05:51Z" end-time="2016-01-14 18:05:51Z" duration="0.000899" asserts="3" />
              <test-case id="2-1015" name="GetConfigPartsReturnsBothPartsWithDelimiterWithExtraLines" fullname="Wyam.Core.Tests.Configuration.ConfigFixture.GetConfigPartsReturnsBothPartsWithDelimiterWithExtraLines" methodname="GetConfigPartsReturnsBothPartsWithDelimiterWithExtraLines" classname="Wyam.Core.Tests.Configuration.ConfigFixture" runstate="Runnable" seed="1079396103" result="Passed" start-time="2016-01-14 18:05:51Z" end-time="2016-01-14 18:05:51Z" duration="0.001085" asserts="3" />
              <test-case id="2-1013" name="GetConfigPartsReturnsBothPartsWithDelimiterWithTrailingSpaces" fullname="Wyam.Core.Tests.Configuration.ConfigFixture.GetConfigPartsReturnsBothPartsWithDelimiterWithTrailingSpaces" methodname="GetConfigPartsReturnsBothPartsWithDelimiterWithTrailingSpaces" classname="Wyam.Core.Tests.Configuration.ConfigFixture" runstate="Runnable" seed="1328488278" result="Passed" start-time="2016-01-14 18:05:51Z" end-time="2016-01-14 18:05:51Z" duration="0.001022" asserts="3" />
              <test-case id="2-1014" name="GetConfigPartsReturnsConfigWithDelimiterWithLeadingSpaces" fullname="Wyam.Core.Tests.Configuration.ConfigFixture.GetConfigPartsReturnsConfigWithDelimiterWithLeadingSpaces" methodname="GetConfigPartsReturnsConfigWithDelimiterWithLeadingSpaces" classname="Wyam.Core.Tests.Configuration.ConfigFixture" runstate="Runnable" seed="2055237640" result="Passed" start-time="2016-01-14 18:05:51Z" end-time="2016-01-14 18:05:51Z" duration="0.008353" asserts="3" />
              <test-case id="2-1016" name="GetConfigPartsReturnsConfigWithoutDelimiter" fullname="Wyam.Core.Tests.Configuration.ConfigFixture.GetConfigPartsReturnsConfigWithoutDelimiter" methodname="GetConfigPartsReturnsConfigWithoutDelimiter" classname="Wyam.Core.Tests.Configuration.ConfigFixture" runstate="Runnable" seed="1694934116" result="Passed" start-time="2016-01-14 18:05:51Z" end-time="2016-01-14 18:05:51Z" duration="0.001290" asserts="3" />
              <test-case id="2-1017" name="GetConfigPartsReturnsDeclarationsWithDelimiter" fullname="Wyam.Core.Tests.Configuration.ConfigFixture.GetConfigPartsReturnsDeclarationsWithDelimiter" methodname="GetConfigPartsReturnsDeclarationsWithDelimiter" classname="Wyam.Core.Tests.Configuration.ConfigFixture" runstate="Runnable" seed="1340244713" result="Passed" start-time="2016-01-14 18:05:51Z" end-time="2016-01-14 18:05:51Z" duration="0.000867" asserts="3" />
              <test-case id="2-1020" name="GetConfigPartsReturnsDeclarationsWithDelimiterWithExtraLines" fullname="Wyam.Core.Tests.Configuration.ConfigFixture.GetConfigPartsReturnsDeclarationsWithDelimiterWithExtraLines" methodname="GetConfigPartsReturnsDeclarationsWithDelimiterWithExtraLines" classname="Wyam.Core.Tests.Configuration.ConfigFixture" runstate="Runnable" seed="866290569" result="Passed" start-time="2016-01-14 18:05:51Z" end-time="2016-01-14 18:05:51Z" duration="0.001051" asserts="3" />
              <test-case id="2-1019" name="GetConfigPartsReturnsDeclarationsWithDelimiterWithLeadingSpaces" fullname="Wyam.Core.Tests.Configuration.ConfigFixture.GetConfigPartsReturnsDeclarationsWithDelimiterWithLeadingSpaces" methodname="GetConfigPartsReturnsDeclarationsWithDelimiterWithLeadingSpaces" classname="Wyam.Core.Tests.Configuration.ConfigFixture" runstate="Runnable" seed="657609446" result="Passed" start-time="2016-01-14 18:05:51Z" end-time="2016-01-14 18:05:51Z" duration="0.001001" asserts="3" />
              <test-case id="2-1018" name="GetConfigPartsReturnsDeclarationsWithDelimiterWithTrailingSpaces" fullname="Wyam.Core.Tests.Configuration.ConfigFixture.GetConfigPartsReturnsDeclarationsWithDelimiterWithTrailingSpaces" methodname="GetConfigPartsReturnsDeclarationsWithDelimiterWithTrailingSpaces" classname="Wyam.Core.Tests.Configuration.ConfigFixture" runstate="Runnable" seed="1565032323" result="Passed" start-time="2016-01-14 18:05:51Z" end-time="2016-01-14 18:05:51Z" duration="0.000946" asserts="3" />
              <test-case id="2-1067" name="SetupMaintainsFolders" fullname="Wyam.Core.Tests.Configuration.ConfigFixture.SetupMaintainsFolders" methodname="SetupMaintainsFolders" classname="Wyam.Core.Tests.Configuration.ConfigFixture" runstate="Runnable" seed="542683330" result="Passed" start-time="2016-01-14 18:05:51Z" end-time="2016-01-14 18:05:53Z" duration="1.505415" asserts="3" />
              <test-case id="2-1068" name="SetupModifiesFolders" fullname="Wyam.Core.Tests.Configuration.ConfigFixture.SetupModifiesFolders" methodname="SetupModifiesFolders" classname="Wyam.Core.Tests.Configuration.ConfigFixture" runstate="Runnable" seed="778681024" result="Passed" start-time="2016-01-14 18:05:53Z" end-time="2016-01-14 18:05:54Z" duration="1.550436" asserts="3" />
            </test-suite>
          </test-suite>
        </test-suite>
      </test-suite>
    </test-suite>
  </test-suite>
  <test-suite type="Assembly" id="3-1013" name="Wyam.Examples.Tests.dll" fullname="E:\Code\Wyam\src\Wyam.Examples.Tests\bin\Release\Wyam.Examples.Tests.dll" runstate="Runnable" testcasecount="11" result="Passed" start-time="2016-01-14 18:05:03Z" end-time="2016-01-14 18:06:25Z" duration="82.315034" total="11" passed="11" failed="0" inconclusive="0" skipped="0" asserts="0">
    <environment framework-version="3.0.5813.39031" clr-version="4.0.30319.42000" os-version="Microsoft Windows NT 6.1.7601 Service Pack 1" platform="Win32NT" cwd="E:\Code\Wyam" machine-name="SIPCXLT42" user="dglick" user-domain="SIPC" culture="en-US" uiculture="en-US" os-architecture="x64" />
    <settings>
      <setting name="WorkDirectory" value="E:\Code\Wyam" />
      <setting name="RuntimeFramework" value="net-4.0" />
      <setting name="NumberOfTestWorkers" value="4" />
    </settings>
    <properties>
      <property name="_PID" value="13376" />
      <property name="_APPDOMAIN" value="test-domain-Wyam.Examples.Tests.dll" />
    </properties>
    <test-suite type="TestSuite" id="3-1014" name="Wyam" fullname="Wyam" runstate="Runnable" testcasecount="11" result="Passed" start-time="2016-01-14 18:05:03Z" end-time="2016-01-14 18:06:25Z" duration="82.277153" total="11" passed="11" failed="0" inconclusive="0" skipped="0" asserts="0">
      <test-suite type="TestSuite" id="3-1015" name="Examples" fullname="Wyam.Examples" runstate="Runnable" testcasecount="11" result="Passed" start-time="2016-01-14 18:05:03Z" end-time="2016-01-14 18:06:25Z" duration="82.276969" total="11" passed="11" failed="0" inconclusive="0" skipped="0" asserts="0">
        <test-suite type="TestSuite" id="3-1016" name="Tests" fullname="Wyam.Examples.Tests" runstate="Runnable" testcasecount="11" result="Passed" start-time="2016-01-14 18:05:03Z" end-time="2016-01-14 18:06:25Z" duration="82.276949" total="11" passed="11" failed="0" inconclusive="0" skipped="0" asserts="0">
          <test-suite type="TestSuite" id="3-1017" name="Wyam" fullname="Wyam.Examples.Tests.Wyam" runstate="Runnable" testcasecount="11" result="Passed" start-time="2016-01-14 18:05:03Z" end-time="2016-01-14 18:06:25Z" duration="82.276937" total="11" passed="11" failed="0" inconclusive="0" skipped="0" asserts="0">
            <test-suite type="TestSuite" id="3-1018" name="Examples" fullname="Wyam.Examples.Tests.Wyam.Examples" runstate="Runnable" testcasecount="11" result="Passed" start-time="2016-01-14 18:05:03Z" end-time="2016-01-14 18:06:25Z" duration="82.276926" total="11" passed="11" failed="0" inconclusive="0" skipped="0" asserts="0">
              <test-suite type="TestSuite" id="3-1019" name="Tests" fullname="Wyam.Examples.Tests.Wyam.Examples.Tests" runstate="Runnable" testcasecount="11" result="Passed" start-time="2016-01-14 18:05:03Z" end-time="2016-01-14 18:06:25Z" duration="82.276915" total="11" passed="11" failed="0" inconclusive="0" skipped="0" asserts="0">
                <test-suite type="TestFixture" id="3-1000" name="ExamplesFixture" fullname="Wyam.Examples.Tests.Wyam.Examples.Tests.ExamplesFixture" classname="Wyam.Examples.Tests.Wyam.Examples.Tests.ExamplesFixture" runstate="Runnable" testcasecount="11" result="Passed" start-time="2016-01-14 18:05:03Z" end-time="2016-01-14 18:06:25Z" duration="82.274119" total="11" passed="11" failed="0" inconclusive="0" skipped="0" asserts="0">
                  <properties>
                    <property name="Category" value="ExcludeFromAppVeyor" />
                  </properties>
                  <test-suite type="ParameterizedMethod" id="3-1012" name="ExecuteAllExamples" fullname="Wyam.Examples.Tests.Wyam.Examples.Tests.ExamplesFixture.ExecuteAllExamples" runstate="Runnable" testcasecount="11" result="Passed" start-time="2016-01-14 18:05:03Z" end-time="2016-01-14 18:06:25Z" duration="82.266213" total="11" passed="11" failed="0" inconclusive="0" skipped="0" asserts="0">
                    <test-case id="3-1001" name="ExecuteAllExamples(&quot;E:\\Code\\Wyam\\examples\\CodeAnalysis&quot;)" fullname="Wyam.Examples.Tests.Wyam.Examples.Tests.ExamplesFixture.ExecuteAllExamples(&quot;E:\\Code\\Wyam\\examples\\CodeAnalysis&quot;)" methodname="ExecuteAllExamples" classname="Wyam.Examples.Tests.Wyam.Examples.Tests.ExamplesFixture" runstate="Runnable" seed="2031539648" result="Passed" start-time="2016-01-14 18:05:03Z" end-time="2016-01-14 18:05:37Z" duration="33.623995" asserts="0" />
                    <test-case id="3-1002" name="ExecuteAllExamples(&quot;E:\\Code\\Wyam\\examples\\GeneratedBlog&quot;)" fullname="Wyam.Examples.Tests.Wyam.Examples.Tests.ExamplesFixture.ExecuteAllExamples(&quot;E:\\Code\\Wyam\\examples\\GeneratedBlog&quot;)" methodname="ExecuteAllExamples" classname="Wyam.Examples.Tests.Wyam.Examples.Tests.ExamplesFixture" runstate="Runnable" seed="459524932" result="Passed" start-time="2016-01-14 18:05:37Z" end-time="2016-01-14 18:05:53Z" duration="15.917699" asserts="0" />
                    <test-case id="3-1003" name="ExecuteAllExamples(&quot;E:\\Code\\Wyam\\examples\\MetadataAsR...&quot;)" fullname="Wyam.Examples.Tests.Wyam.Examples.Tests.ExamplesFixture.ExecuteAllExamples(&quot;E:\\Code\\Wyam\\examples\\MetadataAsR...&quot;)" methodname="ExecuteAllExamples" classname="Wyam.Examples.Tests.Wyam.Examples.Tests.ExamplesFixture" runstate="Runnable" seed="649728609" result="Passed" start-time="2016-01-14 18:05:53Z" end-time="2016-01-14 18:05:54Z" duration="1.796683" asserts="0" />
                    <test-case id="3-1004" name="ExecuteAllExamples(&quot;E:\\Code\\Wyam\\examples\\Pagination&quot;)" fullname="Wyam.Examples.Tests.Wyam.Examples.Tests.ExamplesFixture.ExecuteAllExamples(&quot;E:\\Code\\Wyam\\examples\\Pagination&quot;)" methodname="ExecuteAllExamples" classname="Wyam.Examples.Tests.Wyam.Examples.Tests.ExamplesFixture" runstate="Runnable" seed="1054740957" result="Passed" start-time="2016-01-14 18:05:54Z" end-time="2016-01-14 18:05:56Z" duration="1.697793" asserts="0" />
                    <test-case id="3-1005" name="ExecuteAllExamples(&quot;E:\\Code\\Wyam\\examples\\PaginationA...&quot;)" fullname="Wyam.Examples.Tests.Wyam.Examples.Tests.ExamplesFixture.ExecuteAllExamples(&quot;E:\\Code\\Wyam\\examples\\PaginationA...&quot;)" methodname="ExecuteAllExamples" classname="Wyam.Examples.Tests.Wyam.Examples.Tests.ExamplesFixture" runstate="Runnable" seed="1115956504" result="Passed" start-time="2016-01-14 18:05:56Z" end-time="2016-01-14 18:05:59Z" duration="3.216171" asserts="0" />
                    <test-case id="3-1006" name="ExecuteAllExamples(&quot;E:\\Code\\Wyam\\examples\\RazorAndMar...&quot;)" fullname="Wyam.Examples.Tests.Wyam.Examples.Tests.ExamplesFixture.ExecuteAllExamples(&quot;E:\\Code\\Wyam\\examples\\RazorAndMar...&quot;)" methodname="ExecuteAllExamples" classname="Wyam.Examples.Tests.Wyam.Examples.Tests.ExamplesFixture" runstate="Runnable" seed="1186271629" result="Passed" start-time="2016-01-14 18:05:59Z" end-time="2016-01-14 18:06:01Z" duration="1.663280" asserts="0" />
                    <test-case id="3-1007" name="ExecuteAllExamples(&quot;E:\\Code\\Wyam\\examples\\Rss&quot;)" fullname="Wyam.Examples.Tests.Wyam.Examples.Tests.ExamplesFixture.ExecuteAllExamples(&quot;E:\\Code\\Wyam\\examples\\Rss&quot;)" methodname="ExecuteAllExamples" classname="Wyam.Examples.Tests.Wyam.Examples.Tests.ExamplesFixture" runstate="Runnable" seed="1123595569" result="Passed" start-time="2016-01-14 18:06:01Z" end-time="2016-01-14 18:06:03Z" duration="1.722871" asserts="0" />
                    <test-case id="3-1008" name="ExecuteAllExamples(&quot;E:\\Code\\Wyam\\examples\\SearchIndex&quot;)" fullname="Wyam.Examples.Tests.Wyam.Examples.Tests.ExamplesFixture.ExecuteAllExamples(&quot;E:\\Code\\Wyam\\examples\\SearchIndex&quot;)" methodname="ExecuteAllExamples" classname="Wyam.Examples.Tests.Wyam.Examples.Tests.ExamplesFixture" runstate="Runnable" seed="504401406" result="Passed" start-time="2016-01-14 18:06:03Z" end-time="2016-01-14 18:06:21Z" duration="17.872287" asserts="0" />
                    <test-case id="3-1009" name="ExecuteAllExamples(&quot;E:\\Code\\Wyam\\examples\\Sitemap&quot;)" fullname="Wyam.Examples.Tests.Wyam.Examples.Tests.ExamplesFixture.ExecuteAllExamples(&quot;E:\\Code\\Wyam\\examples\\Sitemap&quot;)" methodname="ExecuteAllExamples" classname="Wyam.Examples.Tests.Wyam.Examples.Tests.ExamplesFixture" runstate="Runnable" seed="2093031977" result="Passed" start-time="2016-01-14 18:06:21Z" end-time="2016-01-14 18:06:22Z" duration="1.821311" asserts="0" />
                    <test-case id="3-1010" name="ExecuteAllExamples(&quot;E:\\Code\\Wyam\\examples\\TemplateRep...&quot;)" fullname="Wyam.Examples.Tests.Wyam.Examples.Tests.ExamplesFixture.ExecuteAllExamples(&quot;E:\\Code\\Wyam\\examples\\TemplateRep...&quot;)" methodname="ExecuteAllExamples" classname="Wyam.Examples.Tests.Wyam.Examples.Tests.ExamplesFixture" runstate="Runnable" seed="1815240407" result="Passed" start-time="2016-01-14 18:06:22Z" end-time="2016-01-14 18:06:24Z" duration="1.496884" asserts="0" />
                    <test-case id="3-1011" name="ExecuteAllExamples(&quot;E:\\Code\\Wyam\\examples\\YamlFrontMatter&quot;)" fullname="Wyam.Examples.Tests.Wyam.Examples.Tests.ExamplesFixture.ExecuteAllExamples(&quot;E:\\Code\\Wyam\\examples\\YamlFrontMatter&quot;)" methodname="ExecuteAllExamples" classname="Wyam.Examples.Tests.Wyam.Examples.Tests.ExamplesFixture" runstate="Runnable" seed="24696509" result="Passed" start-time="2016-01-14 18:06:24Z" end-time="2016-01-14 18:06:25Z" duration="1.349525" asserts="0" />
                  </test-suite>
                </test-suite>
              </test-suite>
            </test-suite>
          </test-suite>
        </test-suite>
      </test-suite>
    </test-suite>
  </test-suite>
  <test-suite type="Assembly" id="4-1113" name="Wyam.Modules.CodeAnalysis.Tests.dll" fullname="E:\Code\Wyam\src\Wyam.Modules.CodeAnalysis.Tests\bin\Release\Wyam.Modules.CodeAnalysis.Tests.dll" runstate="Runnable" testcasecount="107" result="Passed" start-time="2016-01-14 18:05:03Z" end-time="2016-01-14 18:05:21Z" duration="17.743296" total="107" passed="107" failed="0" inconclusive="0" skipped="0" asserts="161">
    <environment framework-version="3.0.5813.39031" clr-version="4.0.30319.42000" os-version="Microsoft Windows NT 6.1.7601 Service Pack 1" platform="Win32NT" cwd="E:\Code\Wyam" machine-name="SIPCXLT42" user="dglick" user-domain="SIPC" culture="en-US" uiculture="en-US" os-architecture="x64" />
    <settings>
      <setting name="WorkDirectory" value="E:\Code\Wyam" />
      <setting name="RuntimeFramework" value="net-4.0" />
      <setting name="NumberOfTestWorkers" value="4" />
    </settings>
    <properties>
      <property name="_PID" value="17304" />
      <property name="_APPDOMAIN" value="test-domain-Wyam.Modules.CodeAnalysis.Tests.dll" />
    </properties>
    <test-suite type="TestSuite" id="4-1114" name="Wyam" fullname="Wyam" runstate="Runnable" testcasecount="107" result="Passed" start-time="2016-01-14 18:05:03Z" end-time="2016-01-14 18:05:21Z" duration="17.708207" total="107" passed="107" failed="0" inconclusive="0" skipped="0" asserts="161">
      <test-suite type="TestSuite" id="4-1115" name="Modules" fullname="Wyam.Modules" runstate="Runnable" testcasecount="107" result="Passed" start-time="2016-01-14 18:05:03Z" end-time="2016-01-14 18:05:21Z" duration="17.708022" total="107" passed="107" failed="0" inconclusive="0" skipped="0" asserts="161">
        <test-suite type="TestSuite" id="4-1116" name="CodeAnalysis" fullname="Wyam.Modules.CodeAnalysis" runstate="Runnable" testcasecount="107" result="Passed" start-time="2016-01-14 18:05:03Z" end-time="2016-01-14 18:05:21Z" duration="17.708002" total="107" passed="107" failed="0" inconclusive="0" skipped="0" asserts="161">
          <test-suite type="TestSuite" id="4-1117" name="Tests" fullname="Wyam.Modules.CodeAnalysis.Tests" runstate="Runnable" testcasecount="107" result="Passed" start-time="2016-01-14 18:05:03Z" end-time="2016-01-14 18:05:21Z" duration="17.707988" total="107" passed="107" failed="0" inconclusive="0" skipped="0" asserts="161">
            <test-suite type="TestFixture" id="4-1000" name="AnalyzeCSharpMethodsFixture" fullname="Wyam.Modules.CodeAnalysis.Tests.AnalyzeCSharpMethodsFixture" classname="Wyam.Modules.CodeAnalysis.Tests.AnalyzeCSharpMethodsFixture" runstate="Runnable" testcasecount="7" result="Passed" start-time="2016-01-14 18:05:03Z" end-time="2016-01-14 18:05:13Z" duration="10.434598" total="7" passed="7" failed="0" inconclusive="0" skipped="0" asserts="13">
              <test-case id="4-1007" name="ClassMemberExcludedByPredicate" fullname="Wyam.Modules.CodeAnalysis.Tests.AnalyzeCSharpMethodsFixture.ClassMemberExcludedByPredicate" methodname="ClassMemberExcludedByPredicate" classname="Wyam.Modules.CodeAnalysis.Tests.AnalyzeCSharpMethodsFixture" runstate="Runnable" seed="421480137" result="Passed" start-time="2016-01-14 18:05:03Z" end-time="2016-01-14 18:05:12Z" duration="9.263957" asserts="3" />
              <test-case id="4-1001" name="ClassMembersContainsMethods" fullname="Wyam.Modules.CodeAnalysis.Tests.AnalyzeCSharpMethodsFixture.ClassMembersContainsMethods" methodname="ClassMembersContainsMethods" classname="Wyam.Modules.CodeAnalysis.Tests.AnalyzeCSharpMethodsFixture" runstate="Runnable" seed="798259755" result="Passed" start-time="2016-01-14 18:05:12Z" end-time="2016-01-14 18:05:12Z" duration="0.020865" asserts="1" />
              <test-case id="4-1002" name="ContainingTypeIsCorrect" fullname="Wyam.Modules.CodeAnalysis.Tests.AnalyzeCSharpMethodsFixture.ContainingTypeIsCorrect" methodname="ContainingTypeIsCorrect" classname="Wyam.Modules.CodeAnalysis.Tests.AnalyzeCSharpMethodsFixture" runstate="Runnable" seed="1630670862" result="Passed" start-time="2016-01-14 18:05:12Z" end-time="2016-01-14 18:05:12Z" duration="0.023692" asserts="1" />
              <test-case id="4-1004" name="DisplayNameIsCorrect" fullname="Wyam.Modules.CodeAnalysis.Tests.AnalyzeCSharpMethodsFixture.DisplayNameIsCorrect" methodname="DisplayNameIsCorrect" classname="Wyam.Modules.CodeAnalysis.Tests.AnalyzeCSharpMethodsFixture" runstate="Runnable" seed="277322916" result="Passed" start-time="2016-01-14 18:05:12Z" end-time="2016-01-14 18:05:13Z" duration="0.367667" asserts="3" />
              <test-case id="4-1005" name="ReturnTypeIsCorrect" fullname="Wyam.Modules.CodeAnalysis.Tests.AnalyzeCSharpMethodsFixture.ReturnTypeIsCorrect" methodname="ReturnTypeIsCorrect" classname="Wyam.Modules.CodeAnalysis.Tests.AnalyzeCSharpMethodsFixture" runstate="Runnable" seed="813987263" result="Passed" start-time="2016-01-14 18:05:13Z" end-time="2016-01-14 18:05:13Z" duration="0.591188" asserts="3" />
              <test-case id="4-1006" name="ReturnTypeParamReferencesClass" fullname="Wyam.Modules.CodeAnalysis.Tests.AnalyzeCSharpMethodsFixture.ReturnTypeParamReferencesClass" methodname="ReturnTypeParamReferencesClass" classname="Wyam.Modules.CodeAnalysis.Tests.AnalyzeCSharpMethodsFixture" runstate="Runnable" seed="1896201078" result="Passed" start-time="2016-01-14 18:05:13Z" end-time="2016-01-14 18:05:13Z" duration="0.070871" asserts="1" />
              <test-case id="4-1003" name="WritePathIsCorrect" fullname="Wyam.Modules.CodeAnalysis.Tests.AnalyzeCSharpMethodsFixture.WritePathIsCorrect" methodname="WritePathIsCorrect" classname="Wyam.Modules.CodeAnalysis.Tests.AnalyzeCSharpMethodsFixture" runstate="Runnable" seed="993609143" result="Passed" start-time="2016-01-14 18:05:13Z" end-time="2016-01-14 18:05:13Z" duration="0.032638" asserts="1" />
            </test-suite>
            <test-suite type="TestFixture" id="4-1008" name="AnalyzeCSharpNamespacesFixture" fullname="Wyam.Modules.CodeAnalysis.Tests.AnalyzeCSharpNamespacesFixture" classname="Wyam.Modules.CodeAnalysis.Tests.AnalyzeCSharpNamespacesFixture" runstate="Runnable" testcasecount="11" result="Passed" start-time="2016-01-14 18:05:13Z" end-time="2016-01-14 18:05:14Z" duration="0.483883" total="11" passed="11" failed="0" inconclusive="0" skipped="0" asserts="15">
              <test-case id="4-1014" name="DisplayNameContainsFullHierarchy" fullname="Wyam.Modules.CodeAnalysis.Tests.AnalyzeCSharpNamespacesFixture.DisplayNameContainsFullHierarchy" methodname="DisplayNameContainsFullHierarchy" classname="Wyam.Modules.CodeAnalysis.Tests.AnalyzeCSharpNamespacesFixture" runstate="Runnable" seed="1580158007" result="Passed" start-time="2016-01-14 18:05:13Z" end-time="2016-01-14 18:05:14Z" duration="0.026220" asserts="1" />
              <test-case id="4-1012" name="FullNameDoesNotContainFullHierarchy" fullname="Wyam.Modules.CodeAnalysis.Tests.AnalyzeCSharpNamespacesFixture.FullNameDoesNotContainFullHierarchy" methodname="FullNameDoesNotContainFullHierarchy" classname="Wyam.Modules.CodeAnalysis.Tests.AnalyzeCSharpNamespacesFixture" runstate="Runnable" seed="1554169190" result="Passed" start-time="2016-01-14 18:05:14Z" end-time="2016-01-14 18:05:14Z" duration="0.025776" asserts="1" />
              <test-case id="4-1009" name="GetsTopLevelNamespaces" fullname="Wyam.Modules.CodeAnalysis.Tests.AnalyzeCSharpNamespacesFixture.GetsTopLevelNamespaces" methodname="GetsTopLevelNamespaces" classname="Wyam.Modules.CodeAnalysis.Tests.AnalyzeCSharpNamespacesFixture" runstate="Runnable" seed="211985103" result="Passed" start-time="2016-01-14 18:05:14Z" end-time="2016-01-14 18:05:14Z" duration="0.020354" asserts="1" />
              <test-case id="4-1015" name="NamespaceKindIsNamespace" fullname="Wyam.Modules.CodeAnalysis.Tests.AnalyzeCSharpNamespacesFixture.NamespaceKindIsNamespace" methodname="NamespaceKindIsNamespace" classname="Wyam.Modules.CodeAnalysis.Tests.AnalyzeCSharpNamespacesFixture" runstate="Runnable" seed="1542415269" result="Passed" start-time="2016-01-14 18:05:14Z" end-time="2016-01-14 18:05:14Z" duration="0.035885" asserts="1" />
              <test-case id="4-1017" name="NamespacesContainTypes" fullname="Wyam.Modules.CodeAnalysis.Tests.AnalyzeCSharpNamespacesFixture.NamespacesContainTypes" methodname="NamespacesContainTypes" classname="Wyam.Modules.CodeAnalysis.Tests.AnalyzeCSharpNamespacesFixture" runstate="Runnable" seed="787650010" result="Passed" start-time="2016-01-14 18:05:14Z" end-time="2016-01-14 18:05:14Z" duration="0.053266" asserts="2" />
              <test-case id="4-1018" name="NamespacesDoNotContainNestedTypes" fullname="Wyam.Modules.CodeAnalysis.Tests.AnalyzeCSharpNamespacesFixture.NamespacesDoNotContainNestedTypes" methodname="NamespacesDoNotContainNestedTypes" classname="Wyam.Modules.CodeAnalysis.Tests.AnalyzeCSharpNamespacesFixture" runstate="Runnable" seed="1390597427" result="Passed" start-time="2016-01-14 18:05:14Z" end-time="2016-01-14 18:05:14Z" duration="0.024256" asserts="1" />
              <test-case id="4-1011" name="NestedNamespaceContainsDirectlyNestedNamespaces" fullname="Wyam.Modules.CodeAnalysis.Tests.AnalyzeCSharpNamespacesFixture.NestedNamespaceContainsDirectlyNestedNamespaces" methodname="NestedNamespaceContainsDirectlyNestedNamespaces" classname="Wyam.Modules.CodeAnalysis.Tests.AnalyzeCSharpNamespacesFixture" runstate="Runnable" seed="173340171" result="Passed" start-time="2016-01-14 18:05:14Z" end-time="2016-01-14 18:05:14Z" duration="0.038284" asserts="2" />
              <test-case id="4-1016" name="NestedNamespacesReferenceParents" fullname="Wyam.Modules.CodeAnalysis.Tests.AnalyzeCSharpNamespacesFixture.NestedNamespacesReferenceParents" methodname="NestedNamespacesReferenceParents" classname="Wyam.Modules.CodeAnalysis.Tests.AnalyzeCSharpNamespacesFixture" runstate="Runnable" seed="596653663" result="Passed" start-time="2016-01-14 18:05:14Z" end-time="2016-01-14 18:05:14Z" duration="0.038437" asserts="2" />
              <test-case id="4-1013" name="QualifiedNameContainsFullHierarchy" fullname="Wyam.Modules.CodeAnalysis.Tests.AnalyzeCSharpNamespacesFixture.QualifiedNameContainsFullHierarchy" methodname="QualifiedNameContainsFullHierarchy" classname="Wyam.Modules.CodeAnalysis.Tests.AnalyzeCSharpNamespacesFixture" runstate="Runnable" seed="1838194091" result="Passed" start-time="2016-01-14 18:05:14Z" end-time="2016-01-14 18:05:14Z" duration="0.015007" asserts="1" />
              <test-case id="4-1010" name="TopLevelNamespaceContainsDirectlyNestedNamespaces" fullname="Wyam.Modules.CodeAnalysis.Tests.AnalyzeCSharpNamespacesFixture.TopLevelNamespaceContainsDirectlyNestedNamespaces" methodname="TopLevelNamespaceContainsDirectlyNestedNamespaces" classname="Wyam.Modules.CodeAnalysis.Tests.AnalyzeCSharpNamespacesFixture" runstate="Runnable" seed="961503095" result="Passed" start-time="2016-01-14 18:05:14Z" end-time="2016-01-14 18:05:14Z" duration="0.056453" asserts="2" />
              <test-case id="4-1019" name="WritePathIsCorrect" fullname="Wyam.Modules.CodeAnalysis.Tests.AnalyzeCSharpNamespacesFixture.WritePathIsCorrect" methodname="WritePathIsCorrect" classname="Wyam.Modules.CodeAnalysis.Tests.AnalyzeCSharpNamespacesFixture" runstate="Runnable" seed="1231727827" result="Passed" start-time="2016-01-14 18:05:14Z" end-time="2016-01-14 18:05:14Z" duration="0.036951" asserts="1" />
            </test-suite>
            <test-suite type="TestFixture" id="4-1020" name="AnalyzeCSharpSyntaxFixture" fullname="Wyam.Modules.CodeAnalysis.Tests.AnalyzeCSharpSyntaxFixture" classname="Wyam.Modules.CodeAnalysis.Tests.AnalyzeCSharpSyntaxFixture" runstate="Runnable" testcasecount="23" result="Passed" start-time="2016-01-14 18:05:14Z" end-time="2016-01-14 18:05:16Z" duration="2.257315" total="23" passed="23" failed="0" inconclusive="0" skipped="0" asserts="23">
              <test-case id="4-1028" name="AbstractClass" fullname="Wyam.Modules.CodeAnalysis.Tests.AnalyzeCSharpSyntaxFixture.AbstractClass" methodname="AbstractClass" classname="Wyam.Modules.CodeAnalysis.Tests.AnalyzeCSharpSyntaxFixture" runstate="Runnable" seed="1548583897" result="Passed" start-time="2016-01-14 18:05:14Z" end-time="2016-01-14 18:05:14Z" duration="0.119327" asserts="1" />
              <test-case id="4-1040" name="AutoProperty" fullname="Wyam.Modules.CodeAnalysis.Tests.AnalyzeCSharpSyntaxFixture.AutoProperty" methodname="AutoProperty" classname="Wyam.Modules.CodeAnalysis.Tests.AnalyzeCSharpSyntaxFixture" runstate="Runnable" seed="1244056055" result="Passed" start-time="2016-01-14 18:05:14Z" end-time="2016-01-14 18:05:15Z" duration="0.421303" asserts="1" />
              <test-case id="4-1025" name="ClassAttributes" fullname="Wyam.Modules.CodeAnalysis.Tests.AnalyzeCSharpSyntaxFixture.ClassAttributes" methodname="ClassAttributes" classname="Wyam.Modules.CodeAnalysis.Tests.AnalyzeCSharpSyntaxFixture" runstate="Runnable" seed="657009205" result="Passed" start-time="2016-01-14 18:05:15Z" end-time="2016-01-14 18:05:15Z" duration="0.518869" asserts="1" />
              <test-case id="4-1027" name="ClassComments" fullname="Wyam.Modules.CodeAnalysis.Tests.AnalyzeCSharpSyntaxFixture.ClassComments" methodname="ClassComments" classname="Wyam.Modules.CodeAnalysis.Tests.AnalyzeCSharpSyntaxFixture" runstate="Runnable" seed="1958916467" result="Passed" start-time="2016-01-14 18:05:15Z" end-time="2016-01-14 18:05:15Z" duration="0.218522" asserts="1" />
              <test-case id="4-1032" name="ClassWithGenericTypeParameters" fullname="Wyam.Modules.CodeAnalysis.Tests.AnalyzeCSharpSyntaxFixture.ClassWithGenericTypeParameters" methodname="ClassWithGenericTypeParameters" classname="Wyam.Modules.CodeAnalysis.Tests.AnalyzeCSharpSyntaxFixture" runstate="Runnable" seed="1061146939" result="Passed" start-time="2016-01-14 18:05:15Z" end-time="2016-01-14 18:05:15Z" duration="0.064025" asserts="1" />
              <test-case id="4-1034" name="ClassWithGenericTypeParametersAndBaseAndConstraints" fullname="Wyam.Modules.CodeAnalysis.Tests.AnalyzeCSharpSyntaxFixture.ClassWithGenericTypeParametersAndBaseAndConstraints" methodname="ClassWithGenericTypeParametersAndBaseAndConstraints" classname="Wyam.Modules.CodeAnalysis.Tests.AnalyzeCSharpSyntaxFixture" runstate="Runnable" seed="1219663533" result="Passed" start-time="2016-01-14 18:05:15Z" end-time="2016-01-14 18:05:15Z" duration="0.050698" asserts="1" />
              <test-case id="4-1033" name="ClassWithGenericTypeParametersAndConstraints" fullname="Wyam.Modules.CodeAnalysis.Tests.AnalyzeCSharpSyntaxFixture.ClassWithGenericTypeParametersAndConstraints" methodname="ClassWithGenericTypeParametersAndConstraints" classname="Wyam.Modules.CodeAnalysis.Tests.AnalyzeCSharpSyntaxFixture" runstate="Runnable" seed="1608846388" result="Passed" start-time="2016-01-14 18:05:15Z" end-time="2016-01-14 18:05:16Z" duration="0.018924" asserts="1" />
              <test-case id="4-1043" name="ClassWithInterfaces" fullname="Wyam.Modules.CodeAnalysis.Tests.AnalyzeCSharpSyntaxFixture.ClassWithInterfaces" methodname="ClassWithInterfaces" classname="Wyam.Modules.CodeAnalysis.Tests.AnalyzeCSharpSyntaxFixture" runstate="Runnable" seed="716269659" result="Passed" start-time="2016-01-14 18:05:16Z" end-time="2016-01-14 18:05:16Z" duration="0.050242" asserts="1" />
              <test-case id="4-1037" name="Enum" fullname="Wyam.Modules.CodeAnalysis.Tests.AnalyzeCSharpSyntaxFixture.Enum" methodname="Enum" classname="Wyam.Modules.CodeAnalysis.Tests.AnalyzeCSharpSyntaxFixture" runstate="Runnable" seed="923609381" result="Passed" start-time="2016-01-14 18:05:16Z" end-time="2016-01-14 18:05:16Z" duration="0.071042" asserts="1" />
              <test-case id="4-1038" name="EnumWithBase" fullname="Wyam.Modules.CodeAnalysis.Tests.AnalyzeCSharpSyntaxFixture.EnumWithBase" methodname="EnumWithBase" classname="Wyam.Modules.CodeAnalysis.Tests.AnalyzeCSharpSyntaxFixture" runstate="Runnable" seed="1026761568" result="Passed" start-time="2016-01-14 18:05:16Z" end-time="2016-01-14 18:05:16Z" duration="0.038616" asserts="1" />
              <test-case id="4-1023" name="ExplicitClassAccessibility" fullname="Wyam.Modules.CodeAnalysis.Tests.AnalyzeCSharpSyntaxFixture.ExplicitClassAccessibility" methodname="ExplicitClassAccessibility" classname="Wyam.Modules.CodeAnalysis.Tests.AnalyzeCSharpSyntaxFixture" runstate="Runnable" seed="107278582" result="Passed" start-time="2016-01-14 18:05:16Z" end-time="2016-01-14 18:05:16Z" duration="0.014144" asserts="1" />
              <test-case id="4-1024" name="ExplicitMemberAccessibility" fullname="Wyam.Modules.CodeAnalysis.Tests.AnalyzeCSharpSyntaxFixture.ExplicitMemberAccessibility" methodname="ExplicitMemberAccessibility" classname="Wyam.Modules.CodeAnalysis.Tests.AnalyzeCSharpSyntaxFixture" runstate="Runnable" seed="129833087" result="Passed" start-time="2016-01-14 18:05:16Z" end-time="2016-01-14 18:05:16Z" duration="0.021909" asserts="1" />
              <test-case id="4-1039" name="ExplicitProperty" fullname="Wyam.Modules.CodeAnalysis.Tests.AnalyzeCSharpSyntaxFixture.ExplicitProperty" methodname="ExplicitProperty" classname="Wyam.Modules.CodeAnalysis.Tests.AnalyzeCSharpSyntaxFixture" runstate="Runnable" seed="1742161598" result="Passed" start-time="2016-01-14 18:05:16Z" end-time="2016-01-14 18:05:16Z" duration="0.014670" asserts="1" />
              <test-case id="4-1021" name="ImplicitClassAccessibility" fullname="Wyam.Modules.CodeAnalysis.Tests.AnalyzeCSharpSyntaxFixture.ImplicitClassAccessibility" methodname="ImplicitClassAccessibility" classname="Wyam.Modules.CodeAnalysis.Tests.AnalyzeCSharpSyntaxFixture" runstate="Runnable" seed="1960734727" result="Passed" start-time="2016-01-14 18:05:16Z" end-time="2016-01-14 18:05:16Z" duration="0.012809" asserts="1" />
              <test-case id="4-1022" name="ImplicitMemberAccessibility" fullname="Wyam.Modules.CodeAnalysis.Tests.AnalyzeCSharpSyntaxFixture.ImplicitMemberAccessibility" methodname="ImplicitMemberAccessibility" classname="Wyam.Modules.CodeAnalysis.Tests.AnalyzeCSharpSyntaxFixture" runstate="Runnable" seed="1835946489" result="Passed" start-time="2016-01-14 18:05:16Z" end-time="2016-01-14 18:05:16Z" duration="0.013232" asserts="1" />
              <test-case id="4-1026" name="MethodAttributes" fullname="Wyam.Modules.CodeAnalysis.Tests.AnalyzeCSharpSyntaxFixture.MethodAttributes" methodname="MethodAttributes" classname="Wyam.Modules.CodeAnalysis.Tests.AnalyzeCSharpSyntaxFixture" runstate="Runnable" seed="1072944492" result="Passed" start-time="2016-01-14 18:05:16Z" end-time="2016-01-14 18:05:16Z" duration="0.022271" asserts="1" />
              <test-case id="4-1035" name="MethodWithGenericParameters" fullname="Wyam.Modules.CodeAnalysis.Tests.AnalyzeCSharpSyntaxFixture.MethodWithGenericParameters" methodname="MethodWithGenericParameters" classname="Wyam.Modules.CodeAnalysis.Tests.AnalyzeCSharpSyntaxFixture" runstate="Runnable" seed="1912490567" result="Passed" start-time="2016-01-14 18:05:16Z" end-time="2016-01-14 18:05:16Z" duration="0.032164" asserts="1" />
              <test-case id="4-1036" name="MethodWithGenericParametersAndConstraints" fullname="Wyam.Modules.CodeAnalysis.Tests.AnalyzeCSharpSyntaxFixture.MethodWithGenericParametersAndConstraints" methodname="MethodWithGenericParametersAndConstraints" classname="Wyam.Modules.CodeAnalysis.Tests.AnalyzeCSharpSyntaxFixture" runstate="Runnable" seed="1109780594" result="Passed" start-time="2016-01-14 18:05:16Z" end-time="2016-01-14 18:05:16Z" duration="0.033908" asserts="1" />
              <test-case id="4-1029" name="SealedClass" fullname="Wyam.Modules.CodeAnalysis.Tests.AnalyzeCSharpSyntaxFixture.SealedClass" methodname="SealedClass" classname="Wyam.Modules.CodeAnalysis.Tests.AnalyzeCSharpSyntaxFixture" runstate="Runnable" seed="589179632" result="Passed" start-time="2016-01-14 18:05:16Z" end-time="2016-01-14 18:05:16Z" duration="0.038613" asserts="1" />
              <test-case id="4-1030" name="StaticClass" fullname="Wyam.Modules.CodeAnalysis.Tests.AnalyzeCSharpSyntaxFixture.StaticClass" methodname="StaticClass" classname="Wyam.Modules.CodeAnalysis.Tests.AnalyzeCSharpSyntaxFixture" runstate="Runnable" seed="976149245" result="Passed" start-time="2016-01-14 18:05:16Z" end-time="2016-01-14 18:05:16Z" duration="0.016011" asserts="1" />
              <test-case id="4-1031" name="StaticMethod" fullname="Wyam.Modules.CodeAnalysis.Tests.AnalyzeCSharpSyntaxFixture.StaticMethod" methodname="StaticMethod" classname="Wyam.Modules.CodeAnalysis.Tests.AnalyzeCSharpSyntaxFixture" runstate="Runnable" seed="1171064073" result="Passed" start-time="2016-01-14 18:05:16Z" end-time="2016-01-14 18:05:16Z" duration="0.011511" asserts="1" />
              <test-case id="4-1042" name="WrapsForLongClassSignature" fullname="Wyam.Modules.CodeAnalysis.Tests.AnalyzeCSharpSyntaxFixture.WrapsForLongClassSignature" methodname="WrapsForLongClassSignature" classname="Wyam.Modules.CodeAnalysis.Tests.AnalyzeCSharpSyntaxFixture" runstate="Runnable" seed="405457835" result="Passed" start-time="2016-01-14 18:05:16Z" end-time="2016-01-14 18:05:16Z" duration="0.019057" asserts="1" />
              <test-case id="4-1041" name="WrapsForLongMethodSignature" fullname="Wyam.Modules.CodeAnalysis.Tests.AnalyzeCSharpSyntaxFixture.WrapsForLongMethodSignature" methodname="WrapsForLongMethodSignature" classname="Wyam.Modules.CodeAnalysis.Tests.AnalyzeCSharpSyntaxFixture" runstate="Runnable" seed="991752798" result="Passed" start-time="2016-01-14 18:05:16Z" end-time="2016-01-14 18:05:16Z" duration="0.025930" asserts="1" />
            </test-suite>
            <test-suite type="TestFixture" id="4-1044" name="AnalyzeCSharpTypesFixture" fullname="Wyam.Modules.CodeAnalysis.Tests.AnalyzeCSharpTypesFixture" classname="Wyam.Modules.CodeAnalysis.Tests.AnalyzeCSharpTypesFixture" runstate="Runnable" testcasecount="21" result="Passed" start-time="2016-01-14 18:05:16Z" end-time="2016-01-14 18:05:19Z" duration="2.283017" total="21" passed="21" failed="0" inconclusive="0" skipped="0" asserts="44">
              <test-case id="4-1054" name="BaseTypeIsCorrect" fullname="Wyam.Modules.CodeAnalysis.Tests.AnalyzeCSharpTypesFixture.BaseTypeIsCorrect" methodname="BaseTypeIsCorrect" classname="Wyam.Modules.CodeAnalysis.Tests.AnalyzeCSharpTypesFixture" runstate="Runnable" seed="1606522766" result="Passed" start-time="2016-01-14 18:05:16Z" end-time="2016-01-14 18:05:16Z" duration="0.059443" asserts="6" />
              <test-case id="4-1056" name="ConstructorsIsPopulated" fullname="Wyam.Modules.CodeAnalysis.Tests.AnalyzeCSharpTypesFixture.ConstructorsIsPopulated" methodname="ConstructorsIsPopulated" classname="Wyam.Modules.CodeAnalysis.Tests.AnalyzeCSharpTypesFixture" runstate="Runnable" seed="2114178432" result="Passed" start-time="2016-01-14 18:05:16Z" end-time="2016-01-14 18:05:17Z" duration="0.172286" asserts="1" />
              <test-case id="4-1050" name="ContainingNamespaceIsCorrect" fullname="Wyam.Modules.CodeAnalysis.Tests.AnalyzeCSharpTypesFixture.ContainingNamespaceIsCorrect" methodname="ContainingNamespaceIsCorrect" classname="Wyam.Modules.CodeAnalysis.Tests.AnalyzeCSharpTypesFixture" runstate="Runnable" seed="182607426" result="Passed" start-time="2016-01-14 18:05:17Z" end-time="2016-01-14 18:05:17Z" duration="0.024311" asserts="4" />
              <test-case id="4-1051" name="ContainingTypeIsCorrect" fullname="Wyam.Modules.CodeAnalysis.Tests.AnalyzeCSharpTypesFixture.ContainingTypeIsCorrect" methodname="ContainingTypeIsCorrect" classname="Wyam.Modules.CodeAnalysis.Tests.AnalyzeCSharpTypesFixture" runstate="Runnable" seed="548553901" result="Passed" start-time="2016-01-14 18:05:17Z" end-time="2016-01-14 18:05:17Z" duration="0.021142" asserts="4" />
              <test-case id="4-1048" name="DisplayNameContainsContainingType" fullname="Wyam.Modules.CodeAnalysis.Tests.AnalyzeCSharpTypesFixture.DisplayNameContainsContainingType" methodname="DisplayNameContainsContainingType" classname="Wyam.Modules.CodeAnalysis.Tests.AnalyzeCSharpTypesFixture" runstate="Runnable" seed="1016902467" result="Passed" start-time="2016-01-14 18:05:17Z" end-time="2016-01-14 18:05:17Z" duration="0.012479" asserts="1" />
              <test-case id="4-1047" name="FullNameContainsContainingType" fullname="Wyam.Modules.CodeAnalysis.Tests.AnalyzeCSharpTypesFixture.FullNameContainsContainingType" methodname="FullNameContainsContainingType" classname="Wyam.Modules.CodeAnalysis.Tests.AnalyzeCSharpTypesFixture" runstate="Runnable" seed="2110159778" result="Passed" start-time="2016-01-14 18:05:17Z" end-time="2016-01-14 18:05:17Z" duration="0.020581" asserts="1" />
              <test-case id="4-1060" name="GetDerivedTypes" fullname="Wyam.Modules.CodeAnalysis.Tests.AnalyzeCSharpTypesFixture.GetDerivedTypes" methodname="GetDerivedTypes" classname="Wyam.Modules.CodeAnalysis.Tests.AnalyzeCSharpTypesFixture" runstate="Runnable" seed="962085374" result="Passed" start-time="2016-01-14 18:05:17Z" end-time="2016-01-14 18:05:17Z" duration="0.021692" asserts="5" />
              <test-case id="4-1058" name="GetDocumentForExternalBaseType" fullname="Wyam.Modules.CodeAnalysis.Tests.AnalyzeCSharpTypesFixture.GetDocumentForExternalBaseType" methodname="GetDocumentForExternalBaseType" classname="Wyam.Modules.CodeAnalysis.Tests.AnalyzeCSharpTypesFixture" runstate="Runnable" seed="708693549" result="Passed" start-time="2016-01-14 18:05:17Z" end-time="2016-01-14 18:05:17Z" duration="0.036123" asserts="1" />
              <test-case id="4-1059" name="GetDocumentsForExternalInterfaces" fullname="Wyam.Modules.CodeAnalysis.Tests.AnalyzeCSharpTypesFixture.GetDocumentsForExternalInterfaces" methodname="GetDocumentsForExternalInterfaces" classname="Wyam.Modules.CodeAnalysis.Tests.AnalyzeCSharpTypesFixture" runstate="Runnable" seed="493038586" result="Passed" start-time="2016-01-14 18:05:17Z" end-time="2016-01-14 18:05:17Z" duration="0.052346" asserts="2" />
              <test-case id="4-1061" name="GetTypeParams" fullname="Wyam.Modules.CodeAnalysis.Tests.AnalyzeCSharpTypesFixture.GetTypeParams" methodname="GetTypeParams" classname="Wyam.Modules.CodeAnalysis.Tests.AnalyzeCSharpTypesFixture" runstate="Runnable" seed="72320489" result="Passed" start-time="2016-01-14 18:05:17Z" end-time="2016-01-14 18:05:17Z" duration="0.026925" asserts="2" />
              <test-case id="4-1052" name="KindIsCorrect" fullname="Wyam.Modules.CodeAnalysis.Tests.AnalyzeCSharpTypesFixture.KindIsCorrect" methodname="KindIsCorrect" classname="Wyam.Modules.CodeAnalysis.Tests.AnalyzeCSharpTypesFixture" runstate="Runnable" seed="494857729" result="Passed" start-time="2016-01-14 18:05:17Z" end-time="2016-01-14 18:05:17Z" duration="0.057784" asserts="4" />
              <test-case id="4-1055" name="MembersReturnsAllMembersExceptConstructors" fullname="Wyam.Modules.CodeAnalysis.Tests.AnalyzeCSharpTypesFixture.MembersReturnsAllMembersExceptConstructors" methodname="MembersReturnsAllMembersExceptConstructors" classname="Wyam.Modules.CodeAnalysis.Tests.AnalyzeCSharpTypesFixture" runstate="Runnable" seed="1797196987" result="Passed" start-time="2016-01-14 18:05:17Z" end-time="2016-01-14 18:05:17Z" duration="0.098669" asserts="1" />
              <test-case id="4-1046" name="MemberTypesReturnsNestedTypes" fullname="Wyam.Modules.CodeAnalysis.Tests.AnalyzeCSharpTypesFixture.MemberTypesReturnsNestedTypes" methodname="MemberTypesReturnsNestedTypes" classname="Wyam.Modules.CodeAnalysis.Tests.AnalyzeCSharpTypesFixture" runstate="Runnable" seed="965381202" result="Passed" start-time="2016-01-14 18:05:17Z" end-time="2016-01-14 18:05:17Z" duration="0.016237" asserts="1" />
              <test-case id="4-1049" name="QualifiedNameContainsNamespaceAndContainingType" fullname="Wyam.Modules.CodeAnalysis.Tests.AnalyzeCSharpTypesFixture.QualifiedNameContainsNamespaceAndContainingType" methodname="QualifiedNameContainsNamespaceAndContainingType" classname="Wyam.Modules.CodeAnalysis.Tests.AnalyzeCSharpTypesFixture" runstate="Runnable" seed="883732920" result="Passed" start-time="2016-01-14 18:05:17Z" end-time="2016-01-14 18:05:17Z" duration="0.050742" asserts="1" />
              <test-case id="4-1064" name="RestrictedToNamedTypes" fullname="Wyam.Modules.CodeAnalysis.Tests.AnalyzeCSharpTypesFixture.RestrictedToNamedTypes" methodname="RestrictedToNamedTypes" classname="Wyam.Modules.CodeAnalysis.Tests.AnalyzeCSharpTypesFixture" runstate="Runnable" seed="681790978" result="Passed" start-time="2016-01-14 18:05:17Z" end-time="2016-01-14 18:05:17Z" duration="0.066301" asserts="1" />
              <test-case id="4-1065" name="RestrictedToNamedTypesWithPredicate" fullname="Wyam.Modules.CodeAnalysis.Tests.AnalyzeCSharpTypesFixture.RestrictedToNamedTypesWithPredicate" methodname="RestrictedToNamedTypesWithPredicate" classname="Wyam.Modules.CodeAnalysis.Tests.AnalyzeCSharpTypesFixture" runstate="Runnable" seed="304796367" result="Passed" start-time="2016-01-14 18:05:17Z" end-time="2016-01-14 18:05:18Z" duration="0.187032" asserts="1" />
              <test-case id="4-1045" name="ReturnsAllTypes" fullname="Wyam.Modules.CodeAnalysis.Tests.AnalyzeCSharpTypesFixture.ReturnsAllTypes" methodname="ReturnsAllTypes" classname="Wyam.Modules.CodeAnalysis.Tests.AnalyzeCSharpTypesFixture" runstate="Runnable" seed="736873369" result="Passed" start-time="2016-01-14 18:05:18Z" end-time="2016-01-14 18:05:18Z" duration="0.033560" asserts="1" />
              <test-case id="4-1053" name="SpecificKindIsCorrect" fullname="Wyam.Modules.CodeAnalysis.Tests.AnalyzeCSharpTypesFixture.SpecificKindIsCorrect" methodname="SpecificKindIsCorrect" classname="Wyam.Modules.CodeAnalysis.Tests.AnalyzeCSharpTypesFixture" runstate="Runnable" seed="733675986" result="Passed" start-time="2016-01-14 18:05:18Z" end-time="2016-01-14 18:05:18Z" duration="0.021919" asserts="4" />
              <test-case id="4-1062" name="TypeParamReferencesClass" fullname="Wyam.Modules.CodeAnalysis.Tests.AnalyzeCSharpTypesFixture.TypeParamReferencesClass" methodname="TypeParamReferencesClass" classname="Wyam.Modules.CodeAnalysis.Tests.AnalyzeCSharpTypesFixture" runstate="Runnable" seed="735163062" result="Passed" start-time="2016-01-14 18:05:18Z" end-time="2016-01-14 18:05:18Z" duration="0.018125" asserts="1" />
              <test-case id="4-1063" name="TypesExcludedByPredicate" fullname="Wyam.Modules.CodeAnalysis.Tests.AnalyzeCSharpTypesFixture.TypesExcludedByPredicate" methodname="TypesExcludedByPredicate" classname="Wyam.Modules.CodeAnalysis.Tests.AnalyzeCSharpTypesFixture" runstate="Runnable" seed="1632767428" result="Passed" start-time="2016-01-14 18:05:18Z" end-time="2016-01-14 18:05:18Z" duration="0.021402" asserts="1" />
              <test-case id="4-1057" name="WritePathIsCorrect" fullname="Wyam.Modules.CodeAnalysis.Tests.AnalyzeCSharpTypesFixture.WritePathIsCorrect" methodname="WritePathIsCorrect" classname="Wyam.Modules.CodeAnalysis.Tests.AnalyzeCSharpTypesFixture" runstate="Runnable" seed="901829021" result="Passed" start-time="2016-01-14 18:05:18Z" end-time="2016-01-14 18:05:18Z" duration="0.019877" asserts="1" />
            </test-suite>
            <test-suite type="TestFixture" id="4-1066" name="AnalyzeCSharpXmlDocumentationFixture" fullname="Wyam.Modules.CodeAnalysis.Tests.AnalyzeCSharpXmlDocumentationFixture" classname="Wyam.Modules.CodeAnalysis.Tests.AnalyzeCSharpXmlDocumentationFixture" runstate="Runnable" testcasecount="32" result="Passed" start-time="2016-01-14 18:05:19Z" end-time="2016-01-14 18:05:21Z" duration="2.081616" total="32" passed="32" failed="0" inconclusive="0" skipped="0" asserts="53">
              <test-case id="4-1081" name="ExceptionElementWithoutCref" fullname="Wyam.Modules.CodeAnalysis.Tests.AnalyzeCSharpXmlDocumentationFixture.ExceptionElementWithoutCref" methodname="ExceptionElementWithoutCref" classname="Wyam.Modules.CodeAnalysis.Tests.AnalyzeCSharpXmlDocumentationFixture" runstate="Runnable" seed="1940040493" result="Passed" start-time="2016-01-14 18:05:19Z" end-time="2016-01-14 18:05:19Z" duration="0.406122" asserts="2" />
              <test-case id="4-1098" name="ExternalInclude" fullname="Wyam.Modules.CodeAnalysis.Tests.AnalyzeCSharpXmlDocumentationFixture.ExternalInclude" methodname="ExternalInclude" classname="Wyam.Modules.CodeAnalysis.Tests.AnalyzeCSharpXmlDocumentationFixture" runstate="Runnable" seed="485231271" result="Passed" start-time="2016-01-14 18:05:19Z" end-time="2016-01-14 18:05:20Z" duration="0.503797" asserts="1" />
              <test-case id="4-1079" name="MethodWithExceptionElement" fullname="Wyam.Modules.CodeAnalysis.Tests.AnalyzeCSharpXmlDocumentationFixture.MethodWithExceptionElement" methodname="MethodWithExceptionElement" classname="Wyam.Modules.CodeAnalysis.Tests.AnalyzeCSharpXmlDocumentationFixture" runstate="Runnable" seed="1886381797" result="Passed" start-time="2016-01-14 18:05:20Z" end-time="2016-01-14 18:05:20Z" duration="0.128642" asserts="3" />
              <test-case id="4-1080" name="MethodWithUnknownExceptionElement" fullname="Wyam.Modules.CodeAnalysis.Tests.AnalyzeCSharpXmlDocumentationFixture.MethodWithUnknownExceptionElement" methodname="MethodWithUnknownExceptionElement" classname="Wyam.Modules.CodeAnalysis.Tests.AnalyzeCSharpXmlDocumentationFixture" runstate="Runnable" seed="1355325451" result="Passed" start-time="2016-01-14 18:05:20Z" end-time="2016-01-14 18:05:20Z" duration="0.036143" asserts="3" />
              <test-case id="4-1068" name="MultiLineSummary" fullname="Wyam.Modules.CodeAnalysis.Tests.AnalyzeCSharpXmlDocumentationFixture.MultiLineSummary" methodname="MultiLineSummary" classname="Wyam.Modules.CodeAnalysis.Tests.AnalyzeCSharpXmlDocumentationFixture" runstate="Runnable" seed="1391394404" result="Passed" start-time="2016-01-14 18:05:20Z" end-time="2016-01-14 18:05:20Z" duration="0.018782" asserts="2" />
              <test-case id="4-1082" name="MultipleExceptionElements" fullname="Wyam.Modules.CodeAnalysis.Tests.AnalyzeCSharpXmlDocumentationFixture.MultipleExceptionElements" methodname="MultipleExceptionElements" classname="Wyam.Modules.CodeAnalysis.Tests.AnalyzeCSharpXmlDocumentationFixture" runstate="Runnable" seed="1845582768" result="Passed" start-time="2016-01-14 18:05:20Z" end-time="2016-01-14 18:05:20Z" duration="0.022797" asserts="7" />
              <test-case id="4-1094" name="MultipleOtherComments" fullname="Wyam.Modules.CodeAnalysis.Tests.AnalyzeCSharpXmlDocumentationFixture.MultipleOtherComments" methodname="MultipleOtherComments" classname="Wyam.Modules.CodeAnalysis.Tests.AnalyzeCSharpXmlDocumentationFixture" runstate="Runnable" seed="1853635588" result="Passed" start-time="2016-01-14 18:05:20Z" end-time="2016-01-14 18:05:20Z" duration="0.057001" asserts="4" />
              <test-case id="4-1069" name="MultipleSummaryElements" fullname="Wyam.Modules.CodeAnalysis.Tests.AnalyzeCSharpXmlDocumentationFixture.MultipleSummaryElements" methodname="MultipleSummaryElements" classname="Wyam.Modules.CodeAnalysis.Tests.AnalyzeCSharpXmlDocumentationFixture" runstate="Runnable" seed="566240932" result="Passed" start-time="2016-01-14 18:05:20Z" end-time="2016-01-14 18:05:20Z" duration="0.047234" asserts="1" />
              <test-case id="4-1096" name="NoDocsForImplicitSymbols" fullname="Wyam.Modules.CodeAnalysis.Tests.AnalyzeCSharpXmlDocumentationFixture.NoDocsForImplicitSymbols" methodname="NoDocsForImplicitSymbols" classname="Wyam.Modules.CodeAnalysis.Tests.AnalyzeCSharpXmlDocumentationFixture" runstate="Runnable" seed="1786546634" result="Passed" start-time="2016-01-14 18:05:20Z" end-time="2016-01-14 18:05:20Z" duration="0.016818" asserts="1" />
              <test-case id="4-1070" name="NoSummary" fullname="Wyam.Modules.CodeAnalysis.Tests.AnalyzeCSharpXmlDocumentationFixture.NoSummary" methodname="NoSummary" classname="Wyam.Modules.CodeAnalysis.Tests.AnalyzeCSharpXmlDocumentationFixture" runstate="Runnable" seed="1444150329" result="Passed" start-time="2016-01-14 18:05:20Z" end-time="2016-01-14 18:05:20Z" duration="0.058541" asserts="1" />
              <test-case id="4-1095" name="OtherCommentsWithAttributes" fullname="Wyam.Modules.CodeAnalysis.Tests.AnalyzeCSharpXmlDocumentationFixture.OtherCommentsWithAttributes" methodname="OtherCommentsWithAttributes" classname="Wyam.Modules.CodeAnalysis.Tests.AnalyzeCSharpXmlDocumentationFixture" runstate="Runnable" seed="1449714670" result="Passed" start-time="2016-01-14 18:05:20Z" end-time="2016-01-14 18:05:20Z" duration="0.022608" asserts="5" />
              <test-case id="4-1093" name="OtherCommentWithSeeElement" fullname="Wyam.Modules.CodeAnalysis.Tests.AnalyzeCSharpXmlDocumentationFixture.OtherCommentWithSeeElement" methodname="OtherCommentWithSeeElement" classname="Wyam.Modules.CodeAnalysis.Tests.AnalyzeCSharpXmlDocumentationFixture" runstate="Runnable" seed="656517553" result="Passed" start-time="2016-01-14 18:05:20Z" end-time="2016-01-14 18:05:20Z" duration="0.045233" asserts="1" />
              <test-case id="4-1092" name="RootSeealsoElement" fullname="Wyam.Modules.CodeAnalysis.Tests.AnalyzeCSharpXmlDocumentationFixture.RootSeealsoElement" methodname="RootSeealsoElement" classname="Wyam.Modules.CodeAnalysis.Tests.AnalyzeCSharpXmlDocumentationFixture" runstate="Runnable" seed="1824949466" result="Passed" start-time="2016-01-14 18:05:20Z" end-time="2016-01-14 18:05:20Z" duration="0.016275" asserts="1" />
              <test-case id="4-1067" name="SingleLineSummary" fullname="Wyam.Modules.CodeAnalysis.Tests.AnalyzeCSharpXmlDocumentationFixture.SingleLineSummary" methodname="SingleLineSummary" classname="Wyam.Modules.CodeAnalysis.Tests.AnalyzeCSharpXmlDocumentationFixture" runstate="Runnable" seed="140378060" result="Passed" start-time="2016-01-14 18:05:20Z" end-time="2016-01-14 18:05:20Z" duration="0.013817" asserts="2" />
              <test-case id="4-1083" name="SummaryWithBulletListElement" fullname="Wyam.Modules.CodeAnalysis.Tests.AnalyzeCSharpXmlDocumentationFixture.SummaryWithBulletListElement" methodname="SummaryWithBulletListElement" classname="Wyam.Modules.CodeAnalysis.Tests.AnalyzeCSharpXmlDocumentationFixture" runstate="Runnable" seed="1096633882" result="Passed" start-time="2016-01-14 18:05:20Z" end-time="2016-01-14 18:05:20Z" duration="0.020065" asserts="1" />
              <test-case id="4-1071" name="SummaryWithCElement" fullname="Wyam.Modules.CodeAnalysis.Tests.AnalyzeCSharpXmlDocumentationFixture.SummaryWithCElement" methodname="SummaryWithCElement" classname="Wyam.Modules.CodeAnalysis.Tests.AnalyzeCSharpXmlDocumentationFixture" runstate="Runnable" seed="1591255626" result="Passed" start-time="2016-01-14 18:05:20Z" end-time="2016-01-14 18:05:20Z" duration="0.015488" asserts="1" />
              <test-case id="4-1073" name="SummaryWithCElementAndDeclaredCssClass" fullname="Wyam.Modules.CodeAnalysis.Tests.AnalyzeCSharpXmlDocumentationFixture.SummaryWithCElementAndDeclaredCssClass" methodname="SummaryWithCElementAndDeclaredCssClass" classname="Wyam.Modules.CodeAnalysis.Tests.AnalyzeCSharpXmlDocumentationFixture" runstate="Runnable" seed="1414403439" result="Passed" start-time="2016-01-14 18:05:20Z" end-time="2016-01-14 18:05:20Z" duration="0.012663" asserts="1" />
              <test-case id="4-1074" name="SummaryWithCElementAndInlineAndDeclaredCssClasses" fullname="Wyam.Modules.CodeAnalysis.Tests.AnalyzeCSharpXmlDocumentationFixture.SummaryWithCElementAndInlineAndDeclaredCssClasses" methodname="SummaryWithCElementAndInlineAndDeclaredCssClasses" classname="Wyam.Modules.CodeAnalysis.Tests.AnalyzeCSharpXmlDocumentationFixture" runstate="Runnable" seed="1053112170" result="Passed" start-time="2016-01-14 18:05:20Z" end-time="2016-01-14 18:05:20Z" duration="0.013476" asserts="1" />
              <test-case id="4-1072" name="SummaryWithCElementAndInlineCssClass" fullname="Wyam.Modules.CodeAnalysis.Tests.AnalyzeCSharpXmlDocumentationFixture.SummaryWithCElementAndInlineCssClass" methodname="SummaryWithCElementAndInlineCssClass" classname="Wyam.Modules.CodeAnalysis.Tests.AnalyzeCSharpXmlDocumentationFixture" runstate="Runnable" seed="1213502957" result="Passed" start-time="2016-01-14 18:05:20Z" end-time="2016-01-14 18:05:20Z" duration="0.072855" asserts="1" />
              <test-case id="4-1076" name="SummaryWithCodeElement" fullname="Wyam.Modules.CodeAnalysis.Tests.AnalyzeCSharpXmlDocumentationFixture.SummaryWithCodeElement" methodname="SummaryWithCodeElement" classname="Wyam.Modules.CodeAnalysis.Tests.AnalyzeCSharpXmlDocumentationFixture" runstate="Runnable" seed="1561272934" result="Passed" start-time="2016-01-14 18:05:20Z" end-time="2016-01-14 18:05:20Z" duration="0.022192" asserts="1" />
              <test-case id="4-1077" name="SummaryWithCodeElementAndCElement" fullname="Wyam.Modules.CodeAnalysis.Tests.AnalyzeCSharpXmlDocumentationFixture.SummaryWithCodeElementAndCElement" methodname="SummaryWithCodeElementAndCElement" classname="Wyam.Modules.CodeAnalysis.Tests.AnalyzeCSharpXmlDocumentationFixture" runstate="Runnable" seed="835157202" result="Passed" start-time="2016-01-14 18:05:20Z" end-time="2016-01-14 18:05:20Z" duration="0.012483" asserts="1" />
              <test-case id="4-1075" name="SummaryWithMultipleCElements" fullname="Wyam.Modules.CodeAnalysis.Tests.AnalyzeCSharpXmlDocumentationFixture.SummaryWithMultipleCElements" methodname="SummaryWithMultipleCElements" classname="Wyam.Modules.CodeAnalysis.Tests.AnalyzeCSharpXmlDocumentationFixture" runstate="Runnable" seed="1991509033" result="Passed" start-time="2016-01-14 18:05:20Z" end-time="2016-01-14 18:05:20Z" duration="0.052323" asserts="1" />
              <test-case id="4-1078" name="SummaryWithMultipleCodeElements" fullname="Wyam.Modules.CodeAnalysis.Tests.AnalyzeCSharpXmlDocumentationFixture.SummaryWithMultipleCodeElements" methodname="SummaryWithMultipleCodeElements" classname="Wyam.Modules.CodeAnalysis.Tests.AnalyzeCSharpXmlDocumentationFixture" runstate="Runnable" seed="851781363" result="Passed" start-time="2016-01-14 18:05:21Z" end-time="2016-01-14 18:05:21Z" duration="0.012730" asserts="1" />
              <test-case id="4-1084" name="SummaryWithNumberListElement" fullname="Wyam.Modules.CodeAnalysis.Tests.AnalyzeCSharpXmlDocumentationFixture.SummaryWithNumberListElement" methodname="SummaryWithNumberListElement" classname="Wyam.Modules.CodeAnalysis.Tests.AnalyzeCSharpXmlDocumentationFixture" runstate="Runnable" seed="1516860522" result="Passed" start-time="2016-01-14 18:05:21Z" end-time="2016-01-14 18:05:21Z" duration="0.014591" asserts="1" />
              <test-case id="4-1086" name="SummaryWithParaElements" fullname="Wyam.Modules.CodeAnalysis.Tests.AnalyzeCSharpXmlDocumentationFixture.SummaryWithParaElements" methodname="SummaryWithParaElements" classname="Wyam.Modules.CodeAnalysis.Tests.AnalyzeCSharpXmlDocumentationFixture" runstate="Runnable" seed="1760907378" result="Passed" start-time="2016-01-14 18:05:21Z" end-time="2016-01-14 18:05:21Z" duration="0.013004" asserts="1" />
              <test-case id="4-1087" name="SummaryWithParaElementsAndNestedCElement" fullname="Wyam.Modules.CodeAnalysis.Tests.AnalyzeCSharpXmlDocumentationFixture.SummaryWithParaElementsAndNestedCElement" methodname="SummaryWithParaElementsAndNestedCElement" classname="Wyam.Modules.CodeAnalysis.Tests.AnalyzeCSharpXmlDocumentationFixture" runstate="Runnable" seed="78281542" result="Passed" start-time="2016-01-14 18:05:21Z" end-time="2016-01-14 18:05:21Z" duration="0.012948" asserts="1" />
              <test-case id="4-1091" name="SummaryWithSeealsoElement" fullname="Wyam.Modules.CodeAnalysis.Tests.AnalyzeCSharpXmlDocumentationFixture.SummaryWithSeealsoElement" methodname="SummaryWithSeealsoElement" classname="Wyam.Modules.CodeAnalysis.Tests.AnalyzeCSharpXmlDocumentationFixture" runstate="Runnable" seed="1135277202" result="Passed" start-time="2016-01-14 18:05:21Z" end-time="2016-01-14 18:05:21Z" duration="0.012706" asserts="2" />
              <test-case id="4-1088" name="SummaryWithSeeElement" fullname="Wyam.Modules.CodeAnalysis.Tests.AnalyzeCSharpXmlDocumentationFixture.SummaryWithSeeElement" methodname="SummaryWithSeeElement" classname="Wyam.Modules.CodeAnalysis.Tests.AnalyzeCSharpXmlDocumentationFixture" runstate="Runnable" seed="1077916157" result="Passed" start-time="2016-01-14 18:05:21Z" end-time="2016-01-14 18:05:21Z" duration="0.020607" asserts="1" />
              <test-case id="4-1089" name="SummaryWithSeeElementToMethod" fullname="Wyam.Modules.CodeAnalysis.Tests.AnalyzeCSharpXmlDocumentationFixture.SummaryWithSeeElementToMethod" methodname="SummaryWithSeeElementToMethod" classname="Wyam.Modules.CodeAnalysis.Tests.AnalyzeCSharpXmlDocumentationFixture" runstate="Runnable" seed="1063529976" result="Passed" start-time="2016-01-14 18:05:21Z" end-time="2016-01-14 18:05:21Z" duration="0.016951" asserts="1" />
              <test-case id="4-1085" name="SummaryWithTableListElement" fullname="Wyam.Modules.CodeAnalysis.Tests.AnalyzeCSharpXmlDocumentationFixture.SummaryWithTableListElement" methodname="SummaryWithTableListElement" classname="Wyam.Modules.CodeAnalysis.Tests.AnalyzeCSharpXmlDocumentationFixture" runstate="Runnable" seed="1062365621" result="Passed" start-time="2016-01-14 18:05:21Z" end-time="2016-01-14 18:05:21Z" duration="0.017591" asserts="1" />
              <test-case id="4-1090" name="SummaryWithUnknownSeeElement" fullname="Wyam.Modules.CodeAnalysis.Tests.AnalyzeCSharpXmlDocumentationFixture.SummaryWithUnknownSeeElement" methodname="SummaryWithUnknownSeeElement" classname="Wyam.Modules.CodeAnalysis.Tests.AnalyzeCSharpXmlDocumentationFixture" runstate="Runnable" seed="1063484543" result="Passed" start-time="2016-01-14 18:05:21Z" end-time="2016-01-14 18:05:21Z" duration="0.014388" asserts="1" />
              <test-case id="4-1097" name="WithDocsForImplicitSymbols" fullname="Wyam.Modules.CodeAnalysis.Tests.AnalyzeCSharpXmlDocumentationFixture.WithDocsForImplicitSymbols" methodname="WithDocsForImplicitSymbols" classname="Wyam.Modules.CodeAnalysis.Tests.AnalyzeCSharpXmlDocumentationFixture" runstate="Runnable" seed="1745928065" result="Passed" start-time="2016-01-14 18:05:21Z" end-time="2016-01-14 18:05:21Z" duration="0.016743" asserts="1" />
            </test-suite>
            <test-suite type="TestFixture" id="4-1099" name="WrappingStringBuilderFixture" fullname="Wyam.Modules.CodeAnalysis.Tests.WrappingStringBuilderFixture" classname="Wyam.Modules.CodeAnalysis.Tests.WrappingStringBuilderFixture" runstate="Runnable" testcasecount="13" result="Passed" start-time="2016-01-14 18:05:21Z" end-time="2016-01-14 18:05:21Z" duration="0.009201" total="13" passed="13" failed="0" inconclusive="0" skipped="0" asserts="13">
              <test-case id="4-1107" name="AppendLineBreaksAtEndOfValue" fullname="Wyam.Modules.CodeAnalysis.Tests.WrappingStringBuilderFixture.AppendLineBreaksAtEndOfValue" methodname="AppendLineBreaksAtEndOfValue" classname="Wyam.Modules.CodeAnalysis.Tests.WrappingStringBuilderFixture" runstate="Runnable" seed="96724529" result="Passed" start-time="2016-01-14 18:05:21Z" end-time="2016-01-14 18:05:21Z" duration="0.000608" asserts="1" />
              <test-case id="4-1108" name="AppendLineWrapsBeforeValue" fullname="Wyam.Modules.CodeAnalysis.Tests.WrappingStringBuilderFixture.AppendLineWrapsBeforeValue" methodname="AppendLineWrapsBeforeValue" classname="Wyam.Modules.CodeAnalysis.Tests.WrappingStringBuilderFixture" runstate="Runnable" seed="1967275053" result="Passed" start-time="2016-01-14 18:05:21Z" end-time="2016-01-14 18:05:21Z" duration="0.000614" asserts="1" />
              <test-case id="4-1105" name="BreakpointCalculationIncludesNewLinePrefix" fullname="Wyam.Modules.CodeAnalysis.Tests.WrappingStringBuilderFixture.BreakpointCalculationIncludesNewLinePrefix" methodname="BreakpointCalculationIncludesNewLinePrefix" classname="Wyam.Modules.CodeAnalysis.Tests.WrappingStringBuilderFixture" runstate="Runnable" seed="167336339" result="Passed" start-time="2016-01-14 18:05:21Z" end-time="2016-01-14 18:05:21Z" duration="0.000572" asserts="1" />
              <test-case id="4-1101" name="DefaultBehaviorIsNotToWrap" fullname="Wyam.Modules.CodeAnalysis.Tests.WrappingStringBuilderFixture.DefaultBehaviorIsNotToWrap" methodname="DefaultBehaviorIsNotToWrap" classname="Wyam.Modules.CodeAnalysis.Tests.WrappingStringBuilderFixture" runstate="Runnable" seed="1837495833" result="Passed" start-time="2016-01-14 18:05:21Z" end-time="2016-01-14 18:05:21Z" duration="0.000429" asserts="1" />
              <test-case id="4-1111" name="DifferentNewLinePrefixesAfterAppendLine" fullname="Wyam.Modules.CodeAnalysis.Tests.WrappingStringBuilderFixture.DifferentNewLinePrefixesAfterAppendLine" methodname="DifferentNewLinePrefixesAfterAppendLine" classname="Wyam.Modules.CodeAnalysis.Tests.WrappingStringBuilderFixture" runstate="Runnable" seed="1482607215" result="Passed" start-time="2016-01-14 18:05:21Z" end-time="2016-01-14 18:05:21Z" duration="0.000631" asserts="1" />
              <test-case id="4-1100" name="DoesNotWrapIfNoBreakpoints" fullname="Wyam.Modules.CodeAnalysis.Tests.WrappingStringBuilderFixture.DoesNotWrapIfNoBreakpoints" methodname="DoesNotWrapIfNoBreakpoints" classname="Wyam.Modules.CodeAnalysis.Tests.WrappingStringBuilderFixture" runstate="Runnable" seed="1274668719" result="Passed" start-time="2016-01-14 18:05:21Z" end-time="2016-01-14 18:05:21Z" duration="0.000418" asserts="1" />
              <test-case id="4-1112" name="EmptyAppendLine" fullname="Wyam.Modules.CodeAnalysis.Tests.WrappingStringBuilderFixture.EmptyAppendLine" methodname="EmptyAppendLine" classname="Wyam.Modules.CodeAnalysis.Tests.WrappingStringBuilderFixture" runstate="Runnable" seed="1261353161" result="Passed" start-time="2016-01-14 18:05:21Z" end-time="2016-01-14 18:05:21Z" duration="0.000759" asserts="1" />
              <test-case id="4-1106" name="MultipleWraps" fullname="Wyam.Modules.CodeAnalysis.Tests.WrappingStringBuilderFixture.MultipleWraps" methodname="MultipleWraps" classname="Wyam.Modules.CodeAnalysis.Tests.WrappingStringBuilderFixture" runstate="Runnable" seed="1596831290" result="Passed" start-time="2016-01-14 18:05:21Z" end-time="2016-01-14 18:05:21Z" duration="0.000580" asserts="1" />
              <test-case id="4-1109" name="MultipleWrapsWithDifferentNewLinePrefixes" fullname="Wyam.Modules.CodeAnalysis.Tests.WrappingStringBuilderFixture.MultipleWrapsWithDifferentNewLinePrefixes" methodname="MultipleWrapsWithDifferentNewLinePrefixes" classname="Wyam.Modules.CodeAnalysis.Tests.WrappingStringBuilderFixture" runstate="Runnable" seed="909142177" result="Passed" start-time="2016-01-14 18:05:21Z" end-time="2016-01-14 18:05:21Z" duration="0.000787" asserts="1" />
              <test-case id="4-1104" name="NewLinesIncludeNewLinePrefix" fullname="Wyam.Modules.CodeAnalysis.Tests.WrappingStringBuilderFixture.NewLinesIncludeNewLinePrefix" methodname="NewLinesIncludeNewLinePrefix" classname="Wyam.Modules.CodeAnalysis.Tests.WrappingStringBuilderFixture" runstate="Runnable" seed="263674516" result="Passed" start-time="2016-01-14 18:05:21Z" end-time="2016-01-14 18:05:21Z" duration="0.000496" asserts="1" />
              <test-case id="4-1110" name="NoLeadingBreakWhenFirstSegmentIsBreakable" fullname="Wyam.Modules.CodeAnalysis.Tests.WrappingStringBuilderFixture.NoLeadingBreakWhenFirstSegmentIsBreakable" methodname="NoLeadingBreakWhenFirstSegmentIsBreakable" classname="Wyam.Modules.CodeAnalysis.Tests.WrappingStringBuilderFixture" runstate="Runnable" seed="1079346967" result="Passed" start-time="2016-01-14 18:05:21Z" end-time="2016-01-14 18:05:21Z" duration="0.000484" asserts="1" />
              <test-case id="4-1103" name="WrapsEarlierIfEarlierBreakpoint" fullname="Wyam.Modules.CodeAnalysis.Tests.WrappingStringBuilderFixture.WrapsEarlierIfEarlierBreakpoint" methodname="WrapsEarlierIfEarlierBreakpoint" classname="Wyam.Modules.CodeAnalysis.Tests.WrappingStringBuilderFixture" runstate="Runnable" seed="2142919705" result="Passed" start-time="2016-01-14 18:05:21Z" end-time="2016-01-14 18:05:21Z" duration="0.000545" asserts="1" />
              <test-case id="4-1102" name="WrapsIfBreakpoint" fullname="Wyam.Modules.CodeAnalysis.Tests.WrappingStringBuilderFixture.WrapsIfBreakpoint" methodname="WrapsIfBreakpoint" classname="Wyam.Modules.CodeAnalysis.Tests.WrappingStringBuilderFixture" runstate="Runnable" seed="1910087679" result="Passed" start-time="2016-01-14 18:05:21Z" end-time="2016-01-14 18:05:21Z" duration="0.000543" asserts="1" />
            </test-suite>
          </test-suite>
        </test-suite>
      </test-suite>
    </test-suite>
  </test-suite>
  <test-suite type="Assembly" id="5-1008" name="Wyam.Modules.Git.Tests.dll" fullname="E:\Code\Wyam\src\Wyam.Modules.Git.Tests\bin\Release\Wyam.Modules.Git.Tests.dll" runstate="Runnable" testcasecount="6" result="Passed" start-time="2016-01-14 18:05:03Z" end-time="2016-01-14 18:07:18Z" duration="134.751894" total="6" passed="6" failed="0" inconclusive="0" skipped="0" asserts="17">
    <environment framework-version="3.0.5813.39031" clr-version="4.0.30319.42000" os-version="Microsoft Windows NT 6.1.7601 Service Pack 1" platform="Win32NT" cwd="E:\Code\Wyam" machine-name="SIPCXLT42" user="dglick" user-domain="SIPC" culture="en-US" uiculture="en-US" os-architecture="x64" />
    <settings>
      <setting name="WorkDirectory" value="E:\Code\Wyam" />
      <setting name="RuntimeFramework" value="net-4.0" />
      <setting name="NumberOfTestWorkers" value="4" />
    </settings>
    <properties>
      <property name="_PID" value="16488" />
      <property name="_APPDOMAIN" value="test-domain-Wyam.Modules.Git.Tests.dll" />
    </properties>
    <test-suite type="TestSuite" id="5-1009" name="Wyam" fullname="Wyam" runstate="Runnable" testcasecount="6" result="Passed" start-time="2016-01-14 18:05:03Z" end-time="2016-01-14 18:07:18Z" duration="134.719757" total="6" passed="6" failed="0" inconclusive="0" skipped="0" asserts="17">
      <test-suite type="TestSuite" id="5-1010" name="Modules" fullname="Wyam.Modules" runstate="Runnable" testcasecount="6" result="Passed" start-time="2016-01-14 18:05:03Z" end-time="2016-01-14 18:07:18Z" duration="134.713966" total="6" passed="6" failed="0" inconclusive="0" skipped="0" asserts="17">
        <test-suite type="TestSuite" id="5-1011" name="Git" fullname="Wyam.Modules.Git" runstate="Runnable" testcasecount="6" result="Passed" start-time="2016-01-14 18:05:03Z" end-time="2016-01-14 18:07:18Z" duration="134.713910" total="6" passed="6" failed="0" inconclusive="0" skipped="0" asserts="17">
          <test-suite type="TestSuite" id="5-1012" name="Tests" fullname="Wyam.Modules.Git.Tests" runstate="Runnable" testcasecount="6" result="Passed" start-time="2016-01-14 18:05:03Z" end-time="2016-01-14 18:07:18Z" duration="134.713890" total="6" passed="6" failed="0" inconclusive="0" skipped="0" asserts="17">
            <test-suite type="TestFixture" id="5-1000" name="GitCommitsFixture" fullname="Wyam.Modules.Git.Tests.GitCommitsFixture" classname="Wyam.Modules.Git.Tests.GitCommitsFixture" runstate="Runnable" testcasecount="2" result="Passed" start-time="2016-01-14 18:05:03Z" end-time="2016-01-14 18:06:23Z" duration="79.917146" total="2" passed="2" failed="0" inconclusive="0" skipped="0" asserts="5">
              <test-case id="5-1001" name="GetAllCommitsFromInputPath" fullname="Wyam.Modules.Git.Tests.GitCommitsFixture.GetAllCommitsFromInputPath" methodname="GetAllCommitsFromInputPath" classname="Wyam.Modules.Git.Tests.GitCommitsFixture" runstate="Runnable" seed="798259755" result="Passed" start-time="2016-01-14 18:05:03Z" end-time="2016-01-14 18:06:01Z" duration="58.285579" asserts="2" />
              <test-case id="5-1002" name="GetCommitsForInputDocument" fullname="Wyam.Modules.Git.Tests.GitCommitsFixture.GetCommitsForInputDocument" methodname="GetCommitsForInputDocument" classname="Wyam.Modules.Git.Tests.GitCommitsFixture" runstate="Runnable" seed="1630670862" result="Passed" start-time="2016-01-14 18:06:01Z" end-time="2016-01-14 18:06:23Z" duration="21.590114" asserts="3" />
            </test-suite>
            <test-suite type="TestFixture" id="5-1003" name="GitContributorsFixture" fullname="Wyam.Modules.Git.Tests.GitContributorsFixture" classname="Wyam.Modules.Git.Tests.GitContributorsFixture" runstate="Runnable" testcasecount="4" result="Passed" start-time="2016-01-14 18:06:23Z" end-time="2016-01-14 18:07:18Z" duration="54.792699" total="4" passed="4" failed="0" inconclusive="0" skipped="0" asserts="12">
              <test-case id="5-1004" name="GetAllContributorsFromInputPath" fullname="Wyam.Modules.Git.Tests.GitContributorsFixture.GetAllContributorsFromInputPath" methodname="GetAllContributorsFromInputPath" classname="Wyam.Modules.Git.Tests.GitContributorsFixture" runstate="Runnable" seed="17143493" result="Passed" start-time="2016-01-14 18:06:23Z" end-time="2016-01-14 18:06:37Z" duration="13.575793" asserts="3" />
              <test-case id="5-1006" name="GetAuthorsFromInputPath" fullname="Wyam.Modules.Git.Tests.GitContributorsFixture.GetAuthorsFromInputPath" methodname="GetAuthorsFromInputPath" classname="Wyam.Modules.Git.Tests.GitContributorsFixture" runstate="Runnable" seed="1323870426" result="Passed" start-time="2016-01-14 18:06:37Z" end-time="2016-01-14 18:06:53Z" duration="16.531301" asserts="3" />
              <test-case id="5-1007" name="GetCommittersForInputDocument" fullname="Wyam.Modules.Git.Tests.GitContributorsFixture.GetCommittersForInputDocument" methodname="GetCommittersForInputDocument" classname="Wyam.Modules.Git.Tests.GitContributorsFixture" runstate="Runnable" seed="1355097167" result="Passed" start-time="2016-01-14 18:06:53Z" end-time="2016-01-14 18:07:06Z" duration="12.644397" asserts="3" />
              <test-case id="5-1005" name="GetCommittersFromInputPath" fullname="Wyam.Modules.Git.Tests.GitContributorsFixture.GetCommittersFromInputPath" methodname="GetCommittersFromInputPath" classname="Wyam.Modules.Git.Tests.GitContributorsFixture" runstate="Runnable" seed="458445963" result="Passed" start-time="2016-01-14 18:07:06Z" end-time="2016-01-14 18:07:18Z" duration="12.040546" asserts="3" />
            </test-suite>
          </test-suite>
        </test-suite>
      </test-suite>
    </test-suite>
  </test-suite>
  <test-suite type="Assembly" id="6-1038" name="Wyam.Modules.Html.Tests.dll" fullname="E:\Code\Wyam\src\Wyam.Modules.Html.Tests\bin\Release\Wyam.Modules.Html.Tests.dll" runstate="Runnable" testcasecount="34" result="Passed" start-time="2016-01-14 18:05:03Z" end-time="2016-01-14 18:05:11Z" duration="7.709550" total="34" passed="34" failed="0" inconclusive="0" skipped="0" asserts="0">
    <environment framework-version="3.0.5813.39031" clr-version="4.0.30319.42000" os-version="Microsoft Windows NT 6.1.7601 Service Pack 1" platform="Win32NT" cwd="E:\Code\Wyam" machine-name="SIPCXLT42" user="dglick" user-domain="SIPC" culture="en-US" uiculture="en-US" os-architecture="x64" />
    <settings>
      <setting name="WorkDirectory" value="E:\Code\Wyam" />
      <setting name="RuntimeFramework" value="net-4.0" />
      <setting name="NumberOfTestWorkers" value="4" />
    </settings>
    <properties>
      <property name="_PID" value="15848" />
      <property name="_APPDOMAIN" value="test-domain-Wyam.Modules.Html.Tests.dll" />
    </properties>
    <test-suite type="TestSuite" id="6-1039" name="Wyam" fullname="Wyam" runstate="Runnable" testcasecount="34" result="Passed" start-time="2016-01-14 18:05:03Z" end-time="2016-01-14 18:05:11Z" duration="7.628298" total="34" passed="34" failed="0" inconclusive="0" skipped="0" asserts="0">
      <test-suite type="TestSuite" id="6-1040" name="Modules" fullname="Wyam.Modules" runstate="Runnable" testcasecount="34" result="Passed" start-time="2016-01-14 18:05:03Z" end-time="2016-01-14 18:05:11Z" duration="7.583932" total="34" passed="34" failed="0" inconclusive="0" skipped="0" asserts="0">
        <test-suite type="TestSuite" id="6-1041" name="Html" fullname="Wyam.Modules.Html" runstate="Runnable" testcasecount="34" result="Passed" start-time="2016-01-14 18:05:03Z" end-time="2016-01-14 18:05:11Z" duration="7.520607" total="34" passed="34" failed="0" inconclusive="0" skipped="0" asserts="0">
          <test-suite type="TestSuite" id="6-1042" name="Tests" fullname="Wyam.Modules.Html.Tests" runstate="Runnable" testcasecount="34" result="Passed" start-time="2016-01-14 18:05:03Z" end-time="2016-01-14 18:05:11Z" duration="7.446715" total="34" passed="34" failed="0" inconclusive="0" skipped="0" asserts="0">
            <test-suite type="TestFixture" id="6-1000" name="HtmlEscapeFixture" fullname="Wyam.Modules.Html.Tests.HtmlEscapeFixture" classname="Wyam.Modules.Html.Tests.HtmlEscapeFixture" runstate="Runnable" testcasecount="3" result="Passed" start-time="2016-01-14 18:05:03Z" end-time="2016-01-14 18:05:07Z" duration="3.876578" total="3" passed="3" failed="0" inconclusive="0" skipped="0" asserts="0">
              <properties>
                <property name="ParallelScope" value="Self, Children" />
              </properties>
              <test-case id="6-1003" name="EscapeNonStandard" fullname="Wyam.Modules.Html.Tests.HtmlEscapeFixture.EscapeNonStandard" methodname="EscapeNonStandard" classname="Wyam.Modules.Html.Tests.HtmlEscapeFixture" runstate="Runnable" seed="993609143" result="Passed" start-time="2016-01-14 18:05:03Z" end-time="2016-01-14 18:05:06Z" duration="2.955699" asserts="0" />
              <test-case id="6-1002" name="EscapeWith" fullname="Wyam.Modules.Html.Tests.HtmlEscapeFixture.EscapeWith" methodname="EscapeWith" classname="Wyam.Modules.Html.Tests.HtmlEscapeFixture" runstate="Runnable" seed="1630670862" result="Passed" start-time="2016-01-14 18:05:07Z" end-time="2016-01-14 18:05:07Z" duration="0.139011" asserts="0" />
              <test-case id="6-1001" name="NoReplacementReturnsSameDocument" fullname="Wyam.Modules.Html.Tests.HtmlEscapeFixture.NoReplacementReturnsSameDocument" methodname="NoReplacementReturnsSameDocument" classname="Wyam.Modules.Html.Tests.HtmlEscapeFixture" runstate="Runnable" seed="798259755" result="Passed" start-time="2016-01-14 18:05:07Z" end-time="2016-01-14 18:05:07Z" duration="0.108012" asserts="0" />
            </test-suite>
            <test-suite type="TestFixture" id="6-1004" name="AutoLinkFixture" fullname="Wyam.Modules.Html.Tests.AutoLinkFixture" classname="Wyam.Modules.Html.Tests.AutoLinkFixture" runstate="Runnable" testcasecount="12" result="Passed" start-time="2016-01-14 18:05:03Z" end-time="2016-01-14 18:05:10Z" duration="6.624788" total="12" passed="12" failed="0" inconclusive="0" skipped="0" asserts="0">
              <properties>
                <property name="ParallelScope" value="Self, Children" />
              </properties>
              <test-case id="6-1015" name="AddLinkMethodTakesPrecedence" fullname="Wyam.Modules.Html.Tests.AutoLinkFixture.AddLinkMethodTakesPrecedence" methodname="AddLinkMethodTakesPrecedence" classname="Wyam.Modules.Html.Tests.AutoLinkFixture" runstate="Runnable" seed="1542415269" result="Passed" start-time="2016-01-14 18:05:03Z" end-time="2016-01-14 18:05:08Z" duration="5.027891" asserts="0" />
              <test-case id="6-1006" name="AddsLink" fullname="Wyam.Modules.Html.Tests.AutoLinkFixture.AddsLink" methodname="AddsLink" classname="Wyam.Modules.Html.Tests.AutoLinkFixture" runstate="Runnable" seed="1323870426" result="Passed" start-time="2016-01-14 18:05:08Z" end-time="2016-01-14 18:05:09Z" duration="0.083473" asserts="0" />
              <test-case id="6-1008" name="AddsLinkWhenContainerHasChildElements" fullname="Wyam.Modules.Html.Tests.AutoLinkFixture.AddsLinkWhenContainerHasChildElements" methodname="AddsLinkWhenContainerHasChildElements" classname="Wyam.Modules.Html.Tests.AutoLinkFixture" runstate="Runnable" seed="963478164" result="Passed" start-time="2016-01-14 18:05:09Z" end-time="2016-01-14 18:05:09Z" duration="0.094947" asserts="0" />
              <test-case id="6-1009" name="AddsLinkWhenInsideChildElement" fullname="Wyam.Modules.Html.Tests.AutoLinkFixture.AddsLinkWhenInsideChildElement" methodname="AddsLinkWhenInsideChildElement" classname="Wyam.Modules.Html.Tests.AutoLinkFixture" runstate="Runnable" seed="211985103" result="Passed" start-time="2016-01-14 18:05:09Z" end-time="2016-01-14 18:05:09Z" duration="0.010484" asserts="0" />
              <test-case id="6-1007" name="AddsLinkWithAlternateQuerySelector" fullname="Wyam.Modules.Html.Tests.AutoLinkFixture.AddsLinkWithAlternateQuerySelector" methodname="AddsLinkWithAlternateQuerySelector" classname="Wyam.Modules.Html.Tests.AutoLinkFixture" runstate="Runnable" seed="1355097167" result="Passed" start-time="2016-01-14 18:05:09Z" end-time="2016-01-14 18:05:09Z" duration="0.010891" asserts="0" />
              <test-case id="6-1012" name="AddsMultipleLinksInDifferentElements" fullname="Wyam.Modules.Html.Tests.AutoLinkFixture.AddsMultipleLinksInDifferentElements" methodname="AddsMultipleLinksInDifferentElements" classname="Wyam.Modules.Html.Tests.AutoLinkFixture" runstate="Runnable" seed="1554169190" result="Passed" start-time="2016-01-14 18:05:09Z" end-time="2016-01-14 18:05:09Z" duration="0.022254" asserts="0" />
              <test-case id="6-1011" name="AddsMultipleLinksInSameElement" fullname="Wyam.Modules.Html.Tests.AutoLinkFixture.AddsMultipleLinksInSameElement" methodname="AddsMultipleLinksInSameElement" classname="Wyam.Modules.Html.Tests.AutoLinkFixture" runstate="Runnable" seed="173340171" result="Passed" start-time="2016-01-14 18:05:09Z" end-time="2016-01-14 18:05:09Z" duration="0.003889" asserts="0" />
              <test-case id="6-1014" name="AddsMultipleLinksWhenFirstIsSubstring" fullname="Wyam.Modules.Html.Tests.AutoLinkFixture.AddsMultipleLinksWhenFirstIsSubstring" methodname="AddsMultipleLinksWhenFirstIsSubstring" classname="Wyam.Modules.Html.Tests.AutoLinkFixture" runstate="Runnable" seed="1580158007" result="Passed" start-time="2016-01-14 18:05:09Z" end-time="2016-01-14 18:05:09Z" duration="0.238803" asserts="0" />
              <test-case id="6-1013" name="DoesNotAddLinksInExistingLinkElements" fullname="Wyam.Modules.Html.Tests.AutoLinkFixture.DoesNotAddLinksInExistingLinkElements" methodname="DoesNotAddLinksInExistingLinkElements" classname="Wyam.Modules.Html.Tests.AutoLinkFixture" runstate="Runnable" seed="1838194091" result="Passed" start-time="2016-01-14 18:05:09Z" end-time="2016-01-14 18:05:09Z" duration="0.075178" asserts="0" />
              <test-case id="6-1010" name="DoesNotReplaceInAttributes" fullname="Wyam.Modules.Html.Tests.AutoLinkFixture.DoesNotReplaceInAttributes" methodname="DoesNotReplaceInAttributes" classname="Wyam.Modules.Html.Tests.AutoLinkFixture" runstate="Runnable" seed="961503095" result="Passed" start-time="2016-01-14 18:05:10Z" end-time="2016-01-14 18:05:10Z" duration="0.087418" asserts="0" />
              <test-case id="6-1016" name="IgnoreSubstringIfSearchingForWholeWords" fullname="Wyam.Modules.Html.Tests.AutoLinkFixture.IgnoreSubstringIfSearchingForWholeWords" methodname="IgnoreSubstringIfSearchingForWholeWords" classname="Wyam.Modules.Html.Tests.AutoLinkFixture" runstate="Runnable" seed="596653663" result="Passed" start-time="2016-01-14 18:05:10Z" end-time="2016-01-14 18:05:10Z" duration="0.093471" asserts="0" />
              <test-case id="6-1005" name="NoReplacementReturnsSameDocument" fullname="Wyam.Modules.Html.Tests.AutoLinkFixture.NoReplacementReturnsSameDocument" methodname="NoReplacementReturnsSameDocument" classname="Wyam.Modules.Html.Tests.AutoLinkFixture" runstate="Runnable" seed="458445963" result="Passed" start-time="2016-01-14 18:05:10Z" end-time="2016-01-14 18:05:10Z" duration="0.009138" asserts="0" />
            </test-suite>
            <test-suite type="TestFixture" id="6-1017" name="ExcerptFixture" fullname="Wyam.Modules.Html.Tests.ExcerptFixture" classname="Wyam.Modules.Html.Tests.ExcerptFixture" runstate="Runnable" testcasecount="5" result="Passed" start-time="2016-01-14 18:05:03Z" end-time="2016-01-14 18:05:10Z" duration="6.960797" total="5" passed="5" failed="0" inconclusive="0" skipped="0" asserts="0">
              <properties>
                <property name="ParallelScope" value="Self, Children" />
              </properties>
              <test-case id="6-1020" name="ExcerptAlternateMetadataKey" fullname="Wyam.Modules.Html.Tests.ExcerptFixture.ExcerptAlternateMetadataKey" methodname="ExcerptAlternateMetadataKey" classname="Wyam.Modules.Html.Tests.ExcerptFixture" runstate="Runnable" seed="866290569" result="Passed" start-time="2016-01-14 18:05:03Z" end-time="2016-01-14 18:05:09Z" duration="5.405300" asserts="0" />
              <test-case id="6-1019" name="ExcerptAlternateQuerySelector" fullname="Wyam.Modules.Html.Tests.ExcerptFixture.ExcerptAlternateQuerySelector" methodname="ExcerptAlternateQuerySelector" classname="Wyam.Modules.Html.Tests.ExcerptFixture" runstate="Runnable" seed="657609446" result="Passed" start-time="2016-01-14 18:05:09Z" end-time="2016-01-14 18:05:09Z" duration="0.126787" asserts="0" />
              <test-case id="6-1018" name="ExcerptFirstParagraph" fullname="Wyam.Modules.Html.Tests.ExcerptFixture.ExcerptFirstParagraph" methodname="ExcerptFirstParagraph" classname="Wyam.Modules.Html.Tests.ExcerptFixture" runstate="Runnable" seed="1565032323" result="Passed" start-time="2016-01-14 18:05:09Z" end-time="2016-01-14 18:05:10Z" duration="0.082327" asserts="0" />
              <test-case id="6-1021" name="ExcerptInnerHtml" fullname="Wyam.Modules.Html.Tests.ExcerptFixture.ExcerptInnerHtml" methodname="ExcerptInnerHtml" classname="Wyam.Modules.Html.Tests.ExcerptFixture" runstate="Runnable" seed="1960734727" result="Passed" start-time="2016-01-14 18:05:10Z" end-time="2016-01-14 18:05:10Z" duration="0.098206" asserts="0" />
              <test-case id="6-1022" name="NoExcerptReturnsSameDocument" fullname="Wyam.Modules.Html.Tests.ExcerptFixture.NoExcerptReturnsSameDocument" methodname="NoExcerptReturnsSameDocument" classname="Wyam.Modules.Html.Tests.ExcerptFixture" runstate="Runnable" seed="1835946489" result="Passed" start-time="2016-01-14 18:05:10Z" end-time="2016-01-14 18:05:10Z" duration="0.207770" asserts="0" />
            </test-suite>
            <test-suite type="TestFixture" id="6-1023" name="HtmlQueryFixture" fullname="Wyam.Modules.Html.Tests.HtmlQueryFixture" classname="Wyam.Modules.Html.Tests.HtmlQueryFixture" runstate="Runnable" testcasecount="14" result="Passed" start-time="2016-01-14 18:05:03Z" end-time="2016-01-14 18:05:10Z" duration="7.108641" total="14" passed="14" failed="0" inconclusive="0" skipped="0" asserts="0">
              <properties>
                <property name="ParallelScope" value="Self, Children" />
              </properties>
              <test-case id="6-1037" name="GetAll" fullname="Wyam.Modules.Html.Tests.HtmlQueryFixture.GetAll" methodname="GetAll" classname="Wyam.Modules.Html.Tests.HtmlQueryFixture" runstate="Runnable" seed="1435497444" result="Passed" start-time="2016-01-14 18:05:03Z" end-time="2016-01-14 18:05:09Z" duration="5.347677" asserts="0" />
              <test-case id="6-1033" name="GetAttributeValue" fullname="Wyam.Modules.Html.Tests.HtmlQueryFixture.GetAttributeValue" methodname="GetAttributeValue" classname="Wyam.Modules.Html.Tests.HtmlQueryFixture" runstate="Runnable" seed="1471442810" result="Passed" start-time="2016-01-14 18:05:09Z" end-time="2016-01-14 18:05:09Z" duration="0.085742" asserts="0" />
              <test-case id="6-1036" name="GetAttributeValues" fullname="Wyam.Modules.Html.Tests.HtmlQueryFixture.GetAttributeValues" methodname="GetAttributeValues" classname="Wyam.Modules.Html.Tests.HtmlQueryFixture" runstate="Runnable" seed="451452096" result="Passed" start-time="2016-01-14 18:05:09Z" end-time="2016-01-14 18:05:09Z" duration="0.014400" asserts="0" />
              <test-case id="6-1034" name="GetAttributeValueWithImplicitKey" fullname="Wyam.Modules.Html.Tests.HtmlQueryFixture.GetAttributeValueWithImplicitKey" methodname="GetAttributeValueWithImplicitKey" classname="Wyam.Modules.Html.Tests.HtmlQueryFixture" runstate="Runnable" seed="637137152" result="Passed" start-time="2016-01-14 18:05:09Z" end-time="2016-01-14 18:05:09Z" duration="0.113133" asserts="0" />
              <test-case id="6-1035" name="GetAttributeValueWithMoreThanOneMatch" fullname="Wyam.Modules.Html.Tests.HtmlQueryFixture.GetAttributeValueWithMoreThanOneMatch" methodname="GetAttributeValueWithMoreThanOneMatch" classname="Wyam.Modules.Html.Tests.HtmlQueryFixture" runstate="Runnable" seed="1868752976" result="Passed" start-time="2016-01-14 18:05:09Z" end-time="2016-01-14 18:05:09Z" duration="0.173742" asserts="0" />
              <test-case id="6-1027" name="GetInnerHtml" fullname="Wyam.Modules.Html.Tests.HtmlQueryFixture.GetInnerHtml" methodname="GetInnerHtml" classname="Wyam.Modules.Html.Tests.HtmlQueryFixture" runstate="Runnable" seed="1924427483" result="Passed" start-time="2016-01-14 18:05:09Z" end-time="2016-01-14 18:05:10Z" duration="0.024759" asserts="0" />
              <test-case id="6-1028" name="GetInnerHtmlAndOuterHtml" fullname="Wyam.Modules.Html.Tests.HtmlQueryFixture.GetInnerHtmlAndOuterHtml" methodname="GetInnerHtmlAndOuterHtml" classname="Wyam.Modules.Html.Tests.HtmlQueryFixture" runstate="Runnable" seed="105033491" result="Passed" start-time="2016-01-14 18:05:10Z" end-time="2016-01-14 18:05:10Z" duration="0.010329" asserts="0" />
              <test-case id="6-1024" name="GetOuterHtml" fullname="Wyam.Modules.Html.Tests.HtmlQueryFixture.GetOuterHtml" methodname="GetOuterHtml" classname="Wyam.Modules.Html.Tests.HtmlQueryFixture" runstate="Runnable" seed="1637476819" result="Passed" start-time="2016-01-14 18:05:10Z" end-time="2016-01-14 18:05:10Z" duration="0.007451" asserts="0" />
              <test-case id="6-1026" name="GetOuterHtmlForFirst" fullname="Wyam.Modules.Html.Tests.HtmlQueryFixture.GetOuterHtmlForFirst" methodname="GetOuterHtmlForFirst" classname="Wyam.Modules.Html.Tests.HtmlQueryFixture" runstate="Runnable" seed="502868772" result="Passed" start-time="2016-01-14 18:05:10Z" end-time="2016-01-14 18:05:10Z" duration="0.008624" asserts="0" />
              <test-case id="6-1025" name="GetOuterHtmlWithAttributes" fullname="Wyam.Modules.Html.Tests.HtmlQueryFixture.GetOuterHtmlWithAttributes" methodname="GetOuterHtmlWithAttributes" classname="Wyam.Modules.Html.Tests.HtmlQueryFixture" runstate="Runnable" seed="608442110" result="Passed" start-time="2016-01-14 18:05:10Z" end-time="2016-01-14 18:05:10Z" duration="0.067248" asserts="0" />
              <test-case id="6-1032" name="GetTextContent" fullname="Wyam.Modules.Html.Tests.HtmlQueryFixture.GetTextContent" methodname="GetTextContent" classname="Wyam.Modules.Html.Tests.HtmlQueryFixture" runstate="Runnable" seed="1693718546" result="Passed" start-time="2016-01-14 18:05:10Z" end-time="2016-01-14 18:05:10Z" duration="0.047866" asserts="0" />
              <test-case id="6-1030" name="SetInnerHtmlContent" fullname="Wyam.Modules.Html.Tests.HtmlQueryFixture.SetInnerHtmlContent" methodname="SetInnerHtmlContent" classname="Wyam.Modules.Html.Tests.HtmlQueryFixture" runstate="Runnable" seed="1567116626" result="Passed" start-time="2016-01-14 18:05:10Z" end-time="2016-01-14 18:05:10Z" duration="0.007337" asserts="0" />
              <test-case id="6-1029" name="SetOuterHtmlContent" fullname="Wyam.Modules.Html.Tests.HtmlQueryFixture.SetOuterHtmlContent" methodname="SetOuterHtmlContent" classname="Wyam.Modules.Html.Tests.HtmlQueryFixture" runstate="Runnable" seed="980176457" result="Passed" start-time="2016-01-14 18:05:10Z" end-time="2016-01-14 18:05:10Z" duration="0.104513" asserts="0" />
              <test-case id="6-1031" name="SetOuterHtmlContentWithMetadata" fullname="Wyam.Modules.Html.Tests.HtmlQueryFixture.SetOuterHtmlContentWithMetadata" methodname="SetOuterHtmlContentWithMetadata" classname="Wyam.Modules.Html.Tests.HtmlQueryFixture" runstate="Runnable" seed="1687081151" result="Passed" start-time="2016-01-14 18:05:10Z" end-time="2016-01-14 18:05:10Z" duration="0.148567" asserts="0" />
            </test-suite>
          </test-suite>
        </test-suite>
      </test-suite>
    </test-suite>
  </test-suite>
  <test-suite type="Assembly" id="7-1011" name="Wyam.Modules.Json.Tests.dll" fullname="E:\Code\Wyam\src\Wyam.Modules.Json.Tests\bin\Release\Wyam.Modules.Json.Tests.dll" runstate="Runnable" testcasecount="9" result="Passed" start-time="2016-01-14 18:05:03Z" end-time="2016-01-14 18:05:11Z" duration="7.583002" total="9" passed="9" failed="0" inconclusive="0" skipped="0" asserts="12">
    <environment framework-version="3.0.5813.39031" clr-version="4.0.30319.42000" os-version="Microsoft Windows NT 6.1.7601 Service Pack 1" platform="Win32NT" cwd="E:\Code\Wyam" machine-name="SIPCXLT42" user="dglick" user-domain="SIPC" culture="en-US" uiculture="en-US" os-architecture="x64" />
    <settings>
      <setting name="WorkDirectory" value="E:\Code\Wyam" />
      <setting name="RuntimeFramework" value="net-4.0" />
      <setting name="NumberOfTestWorkers" value="4" />
    </settings>
    <properties>
      <property name="_PID" value="12972" />
      <property name="_APPDOMAIN" value="test-domain-Wyam.Modules.Json.Tests.dll" />
    </properties>
    <test-suite type="TestSuite" id="7-1012" name="Wyam" fullname="Wyam" runstate="Runnable" testcasecount="9" result="Passed" start-time="2016-01-14 18:05:03Z" end-time="2016-01-14 18:05:11Z" duration="7.483628" total="9" passed="9" failed="0" inconclusive="0" skipped="0" asserts="12">
      <test-suite type="TestSuite" id="7-1013" name="Modules" fullname="Wyam.Modules" runstate="Runnable" testcasecount="9" result="Passed" start-time="2016-01-14 18:05:03Z" end-time="2016-01-14 18:05:11Z" duration="7.422560" total="9" passed="9" failed="0" inconclusive="0" skipped="0" asserts="12">
        <test-suite type="TestSuite" id="7-1014" name="Json" fullname="Wyam.Modules.Json" runstate="Runnable" testcasecount="9" result="Passed" start-time="2016-01-14 18:05:03Z" end-time="2016-01-14 18:05:11Z" duration="7.373652" total="9" passed="9" failed="0" inconclusive="0" skipped="0" asserts="12">
          <test-suite type="TestSuite" id="7-1015" name="Tests" fullname="Wyam.Modules.Json.Tests" runstate="Runnable" testcasecount="9" result="Passed" start-time="2016-01-14 18:05:03Z" end-time="2016-01-14 18:05:11Z" duration="7.332962" total="9" passed="9" failed="0" inconclusive="0" skipped="0" asserts="12">
            <test-suite type="TestFixture" id="7-1000" name="GenerateJsonFixture" fullname="Wyam.Modules.Json.Tests.GenerateJsonFixture" classname="Wyam.Modules.Json.Tests.GenerateJsonFixture" runstate="Runnable" testcasecount="5" result="Passed" start-time="2016-01-14 18:05:04Z" end-time="2016-01-14 18:05:11Z" duration="6.723871" total="5" passed="5" failed="0" inconclusive="0" skipped="0" asserts="0">
              <properties>
                <property name="ParallelScope" value="Self, Children" />
              </properties>
              <test-case id="7-1005" name="DoesNotIndent" fullname="Wyam.Modules.Json.Tests.GenerateJsonFixture.DoesNotIndent" methodname="DoesNotIndent" classname="Wyam.Modules.Json.Tests.GenerateJsonFixture" runstate="Runnable" seed="813987263" result="Passed" start-time="2016-01-14 18:05:04Z" end-time="2016-01-14 18:05:09Z" duration="4.924350" asserts="0" />
              <test-case id="7-1002" name="GetsObjectFromContextDelegate" fullname="Wyam.Modules.Json.Tests.GenerateJsonFixture.GetsObjectFromContextDelegate" methodname="GetsObjectFromContextDelegate" classname="Wyam.Modules.Json.Tests.GenerateJsonFixture" runstate="Runnable" seed="1630670862" result="Passed" start-time="2016-01-14 18:05:09Z" end-time="2016-01-14 18:05:09Z" duration="0.240814" asserts="0" />
              <test-case id="7-1003" name="GetsObjectFromDocumentDelegate" fullname="Wyam.Modules.Json.Tests.GenerateJsonFixture.GetsObjectFromDocumentDelegate" methodname="GetsObjectFromDocumentDelegate" classname="Wyam.Modules.Json.Tests.GenerateJsonFixture" runstate="Runnable" seed="993609143" result="Passed" start-time="2016-01-14 18:05:10Z" end-time="2016-01-14 18:05:10Z" duration="0.094989" asserts="0" />
              <test-case id="7-1001" name="GetsObjectFromMetadata" fullname="Wyam.Modules.Json.Tests.GenerateJsonFixture.GetsObjectFromMetadata" methodname="GetsObjectFromMetadata" classname="Wyam.Modules.Json.Tests.GenerateJsonFixture" runstate="Runnable" seed="798259755" result="Passed" start-time="2016-01-14 18:05:10Z" end-time="2016-01-14 18:05:10Z" duration="0.058739" asserts="0" />
              <test-case id="7-1004" name="SetsMetadataKey" fullname="Wyam.Modules.Json.Tests.GenerateJsonFixture.SetsMetadataKey" methodname="SetsMetadataKey" classname="Wyam.Modules.Json.Tests.GenerateJsonFixture" runstate="Runnable" seed="277322916" result="Passed" start-time="2016-01-14 18:05:10Z" end-time="2016-01-14 18:05:11Z" duration="0.271155" asserts="0" />
            </test-suite>
            <test-suite type="TestFixture" id="7-1006" name="JsonFixture" fullname="Wyam.Modules.Json.Tests.JsonFixture" classname="Wyam.Modules.Json.Tests.JsonFixture" runstate="Runnable" testcasecount="4" result="Passed" start-time="2016-01-14 18:05:04Z" end-time="2016-01-14 18:05:11Z" duration="6.772075" total="4" passed="4" failed="0" inconclusive="0" skipped="0" asserts="12">
              <properties>
                <property name="ParallelScope" value="Self, Children" />
              </properties>
              <test-case id="7-1009" name="FlattensTopLevel" fullname="Wyam.Modules.Json.Tests.JsonFixture.FlattensTopLevel" methodname="FlattensTopLevel" classname="Wyam.Modules.Json.Tests.JsonFixture" runstate="Runnable" seed="211985103" result="Passed" start-time="2016-01-14 18:05:04Z" end-time="2016-01-14 18:05:08Z" duration="3.848003" asserts="5" />
              <test-case id="7-1008" name="GeneratesDynamicObject" fullname="Wyam.Modules.Json.Tests.JsonFixture.GeneratesDynamicObject" methodname="GeneratesDynamicObject" classname="Wyam.Modules.Json.Tests.JsonFixture" runstate="Runnable" seed="963478164" result="Passed" start-time="2016-01-14 18:05:08Z" end-time="2016-01-14 18:05:10Z" duration="2.478731" asserts="6" />
              <test-case id="7-1010" name="ReturnsDocumentOnError" fullname="Wyam.Modules.Json.Tests.JsonFixture.ReturnsDocumentOnError" methodname="ReturnsDocumentOnError" classname="Wyam.Modules.Json.Tests.JsonFixture" runstate="Runnable" seed="961503095" result="Passed" start-time="2016-01-14 18:05:11Z" end-time="2016-01-14 18:05:11Z" duration="0.108982" asserts="1" />
              <test-case id="7-1007" name="SetsMetadataKey" fullname="Wyam.Modules.Json.Tests.JsonFixture.SetsMetadataKey" methodname="SetsMetadataKey" classname="Wyam.Modules.Json.Tests.JsonFixture" runstate="Runnable" seed="1355097167" result="Passed" start-time="2016-01-14 18:05:11Z" end-time="2016-01-14 18:05:11Z" duration="0.008346" asserts="0" />
            </test-suite>
          </test-suite>
        </test-suite>
      </test-suite>
    </test-suite>
  </test-suite>
  <test-suite type="Assembly" id="8-1007" name="Wyam.Modules.Markdown.Tests.dll" fullname="E:\Code\Wyam\src\Wyam.Modules.Markdown.Tests\bin\Release\Wyam.Modules.Markdown.Tests.dll" runstate="Runnable" testcasecount="6" result="Passed" start-time="2016-01-14 18:05:03Z" end-time="2016-01-14 18:05:09Z" duration="6.091945" total="6" passed="6" failed="0" inconclusive="0" skipped="0" asserts="0">
    <environment framework-version="3.0.5813.39031" clr-version="4.0.30319.42000" os-version="Microsoft Windows NT 6.1.7601 Service Pack 1" platform="Win32NT" cwd="E:\Code\Wyam" machine-name="SIPCXLT42" user="dglick" user-domain="SIPC" culture="en-US" uiculture="en-US" os-architecture="x64" />
    <settings>
      <setting name="WorkDirectory" value="E:\Code\Wyam" />
      <setting name="RuntimeFramework" value="net-4.0" />
      <setting name="NumberOfTestWorkers" value="4" />
    </settings>
    <properties>
      <property name="_PID" value="16392" />
      <property name="_APPDOMAIN" value="test-domain-Wyam.Modules.Markdown.Tests.dll" />
    </properties>
    <test-suite type="TestSuite" id="8-1008" name="Wyam" fullname="Wyam" runstate="Runnable" testcasecount="6" result="Passed" start-time="2016-01-14 18:05:03Z" end-time="2016-01-14 18:05:09Z" duration="5.999017" total="6" passed="6" failed="0" inconclusive="0" skipped="0" asserts="0">
      <test-suite type="TestSuite" id="8-1009" name="Modules" fullname="Wyam.Modules" runstate="Runnable" testcasecount="6" result="Passed" start-time="2016-01-14 18:05:03Z" end-time="2016-01-14 18:05:09Z" duration="5.916541" total="6" passed="6" failed="0" inconclusive="0" skipped="0" asserts="0">
        <test-suite type="TestSuite" id="8-1010" name="Markdown" fullname="Wyam.Modules.Markdown" runstate="Runnable" testcasecount="6" result="Passed" start-time="2016-01-14 18:05:03Z" end-time="2016-01-14 18:05:09Z" duration="5.863554" total="6" passed="6" failed="0" inconclusive="0" skipped="0" asserts="0">
          <test-suite type="TestSuite" id="8-1011" name="Tests" fullname="Wyam.Modules.Markdown.Tests" runstate="Runnable" testcasecount="6" result="Passed" start-time="2016-01-14 18:05:03Z" end-time="2016-01-14 18:05:09Z" duration="5.824235" total="6" passed="6" failed="0" inconclusive="0" skipped="0" asserts="0">
            <test-suite type="TestFixture" id="8-1000" name="MarkdownFixture" fullname="Wyam.Modules.Markdown.Tests.MarkdownFixture" classname="Wyam.Modules.Markdown.Tests.MarkdownFixture" runstate="Runnable" testcasecount="6" result="Passed" start-time="2016-01-14 18:05:03Z" end-time="2016-01-14 18:05:09Z" duration="5.600455" total="6" passed="6" failed="0" inconclusive="0" skipped="0" asserts="0">
              <properties>
                <property name="ParallelScope" value="Self, Children" />
              </properties>
              <test-case id="8-1003" name="DoesNotEscapeAtIfDisabled" fullname="Wyam.Modules.Markdown.Tests.MarkdownFixture.DoesNotEscapeAtIfDisabled" methodname="DoesNotEscapeAtIfDisabled" classname="Wyam.Modules.Markdown.Tests.MarkdownFixture" runstate="Runnable" seed="993609143" result="Passed" start-time="2016-01-14 18:05:03Z" end-time="2016-01-14 18:05:07Z" duration="3.957130" asserts="0" />
              <test-case id="8-1006" name="DoesNothingIfMetadataKeyDoesNotExist" fullname="Wyam.Modules.Markdown.Tests.MarkdownFixture.DoesNothingIfMetadataKeyDoesNotExist" methodname="DoesNothingIfMetadataKeyDoesNotExist" classname="Wyam.Modules.Markdown.Tests.MarkdownFixture" runstate="Runnable" seed="1896201078" result="Passed" start-time="2016-01-14 18:05:07Z" end-time="2016-01-14 18:05:07Z" duration="0.037718" asserts="0" />
              <test-case id="8-1002" name="EscapesAtByDefault" fullname="Wyam.Modules.Markdown.Tests.MarkdownFixture.EscapesAtByDefault" methodname="EscapesAtByDefault" classname="Wyam.Modules.Markdown.Tests.MarkdownFixture" runstate="Runnable" seed="1630670862" result="Passed" start-time="2016-01-14 18:05:08Z" end-time="2016-01-14 18:05:08Z" duration="0.041916" asserts="0" />
              <test-case id="8-1001" name="RendersMarkdown" fullname="Wyam.Modules.Markdown.Tests.MarkdownFixture.RendersMarkdown" methodname="RendersMarkdown" classname="Wyam.Modules.Markdown.Tests.MarkdownFixture" runstate="Runnable" seed="798259755" result="Passed" start-time="2016-01-14 18:05:08Z" end-time="2016-01-14 18:05:08Z" duration="0.070485" asserts="0" />
              <test-case id="8-1004" name="RendersMarkdownFromMetadata" fullname="Wyam.Modules.Markdown.Tests.MarkdownFixture.RendersMarkdownFromMetadata" methodname="RendersMarkdownFromMetadata" classname="Wyam.Modules.Markdown.Tests.MarkdownFixture" runstate="Runnable" seed="277322916" result="Passed" start-time="2016-01-14 18:05:08Z" end-time="2016-01-14 18:05:09Z" duration="0.725263" asserts="0" />
              <test-case id="8-1005" name="RendersMarkdownFromMetadataToNewKey" fullname="Wyam.Modules.Markdown.Tests.MarkdownFixture.RendersMarkdownFromMetadataToNewKey" methodname="RendersMarkdownFromMetadataToNewKey" classname="Wyam.Modules.Markdown.Tests.MarkdownFixture" runstate="Runnable" seed="813987263" result="Passed" start-time="2016-01-14 18:05:09Z" end-time="2016-01-14 18:05:09Z" duration="0.206740" asserts="0" />
            </test-suite>
          </test-suite>
        </test-suite>
      </test-suite>
    </test-suite>
  </test-suite>
  <test-suite type="Assembly" id="9-1012" name="Wyam.Modules.Razor.Tests.dll" fullname="E:\Code\Wyam\src\Wyam.Modules.Razor.Tests\bin\Release\Wyam.Modules.Razor.Tests.dll" runstate="Runnable" testcasecount="11" result="Passed" start-time="2016-01-14 18:05:03Z" end-time="2016-01-14 18:05:44Z" duration="40.866712" total="11" passed="11" failed="0" inconclusive="0" skipped="0" asserts="16">
    <environment framework-version="3.0.5813.39031" clr-version="4.0.30319.42000" os-version="Microsoft Windows NT 6.1.7601 Service Pack 1" platform="Win32NT" cwd="E:\Code\Wyam" machine-name="SIPCXLT42" user="dglick" user-domain="SIPC" culture="en-US" uiculture="en-US" os-architecture="x64" />
    <settings>
      <setting name="WorkDirectory" value="E:\Code\Wyam" />
      <setting name="RuntimeFramework" value="net-4.0" />
      <setting name="NumberOfTestWorkers" value="4" />
    </settings>
    <properties>
      <property name="_PID" value="18160" />
      <property name="_APPDOMAIN" value="test-domain-Wyam.Modules.Razor.Tests.dll" />
    </properties>
    <test-suite type="TestSuite" id="9-1013" name="Wyam" fullname="Wyam" runstate="Runnable" testcasecount="11" result="Passed" start-time="2016-01-14 18:05:03Z" end-time="2016-01-14 18:05:44Z" duration="40.839843" total="11" passed="11" failed="0" inconclusive="0" skipped="0" asserts="16">
      <test-suite type="TestSuite" id="9-1014" name="Modules" fullname="Wyam.Modules" runstate="Runnable" testcasecount="11" result="Passed" start-time="2016-01-14 18:05:03Z" end-time="2016-01-14 18:05:44Z" duration="40.839600" total="11" passed="11" failed="0" inconclusive="0" skipped="0" asserts="16">
        <test-suite type="TestSuite" id="9-1015" name="Razor" fullname="Wyam.Modules.Razor" runstate="Runnable" testcasecount="11" result="Passed" start-time="2016-01-14 18:05:03Z" end-time="2016-01-14 18:05:44Z" duration="40.839571" total="11" passed="11" failed="0" inconclusive="0" skipped="0" asserts="16">
          <test-suite type="TestSuite" id="9-1016" name="Tests" fullname="Wyam.Modules.Razor.Tests" runstate="Runnable" testcasecount="11" result="Passed" start-time="2016-01-14 18:05:03Z" end-time="2016-01-14 18:05:44Z" duration="40.839529" total="11" passed="11" failed="0" inconclusive="0" skipped="0" asserts="16">
            <test-suite type="TestFixture" id="9-1000" name="RazorFixture" fullname="Wyam.Modules.Razor.Tests.RazorFixture" classname="Wyam.Modules.Razor.Tests.RazorFixture" runstate="Runnable" testcasecount="11" result="Passed" start-time="2016-01-14 18:05:03Z" end-time="2016-01-14 18:05:44Z" duration="40.830304" total="11" passed="11" failed="0" inconclusive="0" skipped="0" asserts="16">
              <test-case id="9-1009" name="AlternateIgnorePrefix" fullname="Wyam.Modules.Razor.Tests.RazorFixture.AlternateIgnorePrefix" methodname="AlternateIgnorePrefix" classname="Wyam.Modules.Razor.Tests.RazorFixture" runstate="Runnable" seed="591261833" result="Passed" start-time="2016-01-14 18:05:03Z" end-time="2016-01-14 18:05:24Z" duration="20.405615" asserts="2" />
              <test-case id="9-1007" name="AlternateViewStartPath" fullname="Wyam.Modules.Razor.Tests.RazorFixture.AlternateViewStartPath" methodname="AlternateViewStartPath" classname="Wyam.Modules.Razor.Tests.RazorFixture" runstate="Runnable" seed="421480137" result="Passed" start-time="2016-01-14 18:05:24Z" end-time="2016-01-14 18:05:24Z" duration="0.514264" asserts="2" />
              <test-case id="9-1008" name="IgnoresUnderscoresByDefault" fullname="Wyam.Modules.Razor.Tests.RazorFixture.IgnoresUnderscoresByDefault" methodname="IgnoresUnderscoresByDefault" classname="Wyam.Modules.Razor.Tests.RazorFixture" runstate="Runnable" seed="1658039280" result="Passed" start-time="2016-01-14 18:05:24Z" end-time="2016-01-14 18:05:24Z" duration="0.159164" asserts="2" />
              <test-case id="9-1005" name="LoadLayoutFile" fullname="Wyam.Modules.Razor.Tests.RazorFixture.LoadLayoutFile" methodname="LoadLayoutFile" classname="Wyam.Modules.Razor.Tests.RazorFixture" runstate="Runnable" seed="813987263" result="Passed" start-time="2016-01-14 18:05:24Z" end-time="2016-01-14 18:05:24Z" duration="0.066072" asserts="2" />
              <test-case id="9-1004" name="LoadSimpleTemplateFile" fullname="Wyam.Modules.Razor.Tests.RazorFixture.LoadSimpleTemplateFile" methodname="LoadSimpleTemplateFile" classname="Wyam.Modules.Razor.Tests.RazorFixture" runstate="Runnable" seed="277322916" result="Passed" start-time="2016-01-14 18:05:24Z" end-time="2016-01-14 18:05:25Z" duration="0.240010" asserts="2" />
              <test-case id="9-1006" name="LoadViewStartAndLayoutFile" fullname="Wyam.Modules.Razor.Tests.RazorFixture.LoadViewStartAndLayoutFile" methodname="LoadViewStartAndLayoutFile" classname="Wyam.Modules.Razor.Tests.RazorFixture" runstate="Runnable" seed="1896201078" result="Passed" start-time="2016-01-14 18:05:25Z" end-time="2016-01-14 18:05:25Z" duration="0.170355" asserts="2" />
              <test-case id="9-1003" name="Metadata" fullname="Wyam.Modules.Razor.Tests.RazorFixture.Metadata" methodname="Metadata" classname="Wyam.Modules.Razor.Tests.RazorFixture" runstate="Runnable" seed="993609143" result="Passed" start-time="2016-01-14 18:05:25Z" end-time="2016-01-14 18:05:38Z" duration="13.304508" asserts="0" />
              <test-case id="9-1010" name="RenderLayoutSection" fullname="Wyam.Modules.Razor.Tests.RazorFixture.RenderLayoutSection" methodname="RenderLayoutSection" classname="Wyam.Modules.Razor.Tests.RazorFixture" runstate="Runnable" seed="1687410536" result="Passed" start-time="2016-01-14 18:05:38Z" end-time="2016-01-14 18:05:39Z" duration="0.369126" asserts="2" />
              <test-case id="9-1011" name="RenderLayoutSectionOnMultipleExecution" fullname="Wyam.Modules.Razor.Tests.RazorFixture.RenderLayoutSectionOnMultipleExecution" methodname="RenderLayoutSectionOnMultipleExecution" classname="Wyam.Modules.Razor.Tests.RazorFixture" runstate="Runnable" seed="1152481947" result="Passed" start-time="2016-01-14 18:05:39Z" end-time="2016-01-14 18:05:39Z" duration="0.100719" asserts="2" />
              <test-case id="9-1001" name="SimpleTemplate" fullname="Wyam.Modules.Razor.Tests.RazorFixture.SimpleTemplate" methodname="SimpleTemplate" classname="Wyam.Modules.Razor.Tests.RazorFixture" runstate="Runnable" seed="798259755" result="Passed" start-time="2016-01-14 18:05:39Z" end-time="2016-01-14 18:05:42Z" duration="3.187141" asserts="0" />
              <test-case id="9-1002" name="Tracing" fullname="Wyam.Modules.Razor.Tests.RazorFixture.Tracing" methodname="Tracing" classname="Wyam.Modules.Razor.Tests.RazorFixture" runstate="Runnable" seed="1630670862" result="Passed" start-time="2016-01-14 18:05:42Z" end-time="2016-01-14 18:05:44Z" duration="1.861944" asserts="0" />
            </test-suite>
          </test-suite>
        </test-suite>
      </test-suite>
    </test-suite>
  </test-suite>
  <test-suite type="Assembly" id="10-1005" name="Wyam.Modules.Tables.Tests.dll" fullname="E:\Code\Wyam\src\Wyam.Modules.Tables.Tests\bin\Release\Wyam.Modules.Tables.Tests.dll" runstate="Runnable" testcasecount="3" result="Passed" start-time="2016-01-14 18:05:03Z" end-time="2016-01-14 18:05:11Z" duration="7.468699" total="3" passed="3" failed="0" inconclusive="0" skipped="0" asserts="0">
    <environment framework-version="3.0.5813.39031" clr-version="4.0.30319.42000" os-version="Microsoft Windows NT 6.1.7601 Service Pack 1" platform="Win32NT" cwd="E:\Code\Wyam" machine-name="SIPCXLT42" user="dglick" user-domain="SIPC" culture="en-US" uiculture="en-US" os-architecture="x64" />
    <settings>
      <setting name="WorkDirectory" value="E:\Code\Wyam" />
      <setting name="RuntimeFramework" value="net-4.0" />
      <setting name="NumberOfTestWorkers" value="4" />
    </settings>
    <properties>
      <property name="_PID" value="14168" />
      <property name="_APPDOMAIN" value="test-domain-Wyam.Modules.Tables.Tests.dll" />
    </properties>
    <test-suite type="TestSuite" id="10-1006" name="Wyam" fullname="Wyam" runstate="Runnable" testcasecount="3" result="Passed" start-time="2016-01-14 18:05:03Z" end-time="2016-01-14 18:05:11Z" duration="7.413438" total="3" passed="3" failed="0" inconclusive="0" skipped="0" asserts="0">
      <test-suite type="TestSuite" id="10-1007" name="Modules" fullname="Wyam.Modules" runstate="Runnable" testcasecount="3" result="Passed" start-time="2016-01-14 18:05:03Z" end-time="2016-01-14 18:05:11Z" duration="7.407885" total="3" passed="3" failed="0" inconclusive="0" skipped="0" asserts="0">
        <test-suite type="TestSuite" id="10-1008" name="Tables" fullname="Wyam.Modules.Tables" runstate="Runnable" testcasecount="3" result="Passed" start-time="2016-01-14 18:05:03Z" end-time="2016-01-14 18:05:11Z" duration="7.389051" total="3" passed="3" failed="0" inconclusive="0" skipped="0" asserts="0">
          <test-suite type="TestSuite" id="10-1009" name="Tests" fullname="Wyam.Modules.Tables.Tests" runstate="Runnable" testcasecount="3" result="Passed" start-time="2016-01-14 18:05:03Z" end-time="2016-01-14 18:05:11Z" duration="7.287377" total="3" passed="3" failed="0" inconclusive="0" skipped="0" asserts="0">
            <test-suite type="TestFixture" id="10-1000" name="CsvToHtmlFixture" fullname="Wyam.Modules.Tables.Tests.CsvToHtmlFixture" classname="Wyam.Modules.Tables.Tests.CsvToHtmlFixture" runstate="Runnable" testcasecount="2" result="Passed" start-time="2016-01-14 18:05:03Z" end-time="2016-01-14 18:05:07Z" duration="3.997794" total="2" passed="2" failed="0" inconclusive="0" skipped="0" asserts="0">
              <test-case id="10-1002" name="TestHeadder" fullname="Wyam.Modules.Tables.Tests.CsvToHtmlFixture.TestHeadder" methodname="TestHeadder" classname="Wyam.Modules.Tables.Tests.CsvToHtmlFixture" runstate="Runnable" seed="1630670862" result="Passed" start-time="2016-01-14 18:05:04Z" end-time="2016-01-14 18:05:07Z" duration="3.662320" asserts="0" />
              <test-case id="10-1001" name="TestWithoutHeadder" fullname="Wyam.Modules.Tables.Tests.CsvToHtmlFixture.TestWithoutHeadder" methodname="TestWithoutHeadder" classname="Wyam.Modules.Tables.Tests.CsvToHtmlFixture" runstate="Runnable" seed="798259755" result="Passed" start-time="2016-01-14 18:05:07Z" end-time="2016-01-14 18:05:07Z" duration="0.038467" asserts="0" />
            </test-suite>
            <test-suite type="TestFixture" id="10-1003" name="ExcelToCsvFixture" fullname="Wyam.Modules.Tables.Tests.ExcelToCsvFixture" classname="Wyam.Modules.Tables.Tests.ExcelToCsvFixture" runstate="Runnable" testcasecount="1" result="Passed" start-time="2016-01-14 18:05:08Z" end-time="2016-01-14 18:05:11Z" duration="3.052333" total="1" passed="1" failed="0" inconclusive="0" skipped="0" asserts="0">
              <test-case id="10-1004" name="TestXlsx" fullname="Wyam.Modules.Tables.Tests.ExcelToCsvFixture.TestXlsx" methodname="TestXlsx" classname="Wyam.Modules.Tables.Tests.ExcelToCsvFixture" runstate="Runnable" seed="17143493" result="Passed" start-time="2016-01-14 18:05:08Z" end-time="2016-01-14 18:05:11Z" duration="2.985634" asserts="0" />
            </test-suite>
          </test-suite>
        </test-suite>
      </test-suite>
    </test-suite>
  </test-suite>
  <test-suite type="Assembly" id="11-1004" name="Wyam.Modules.TextGeneration.Tests.dll" fullname="E:\Code\Wyam\src\Wyam.Modules.TextGeneration.Tests\bin\Release\Wyam.Modules.TextGeneration.Tests.dll" runstate="Runnable" testcasecount="2" result="Passed" start-time="2016-01-14 18:05:03Z" end-time="2016-01-14 18:05:10Z" duration="6.737271" total="2" passed="2" failed="0" inconclusive="0" skipped="0" asserts="0">
    <environment framework-version="3.0.5813.39031" clr-version="4.0.30319.42000" os-version="Microsoft Windows NT 6.1.7601 Service Pack 1" platform="Win32NT" cwd="E:\Code\Wyam" machine-name="SIPCXLT42" user="dglick" user-domain="SIPC" culture="en-US" uiculture="en-US" os-architecture="x64" />
    <settings>
      <setting name="WorkDirectory" value="E:\Code\Wyam" />
      <setting name="RuntimeFramework" value="net-4.0" />
      <setting name="NumberOfTestWorkers" value="4" />
    </settings>
    <properties>
      <property name="_PID" value="13044" />
      <property name="_APPDOMAIN" value="test-domain-Wyam.Modules.TextGeneration.Tests.dll" />
    </properties>
    <test-suite type="TestSuite" id="11-1005" name="Wyam" fullname="Wyam" runstate="Runnable" testcasecount="2" result="Passed" start-time="2016-01-14 18:05:03Z" end-time="2016-01-14 18:05:10Z" duration="6.706215" total="2" passed="2" failed="0" inconclusive="0" skipped="0" asserts="0">
      <test-suite type="TestSuite" id="11-1006" name="Modules" fullname="Wyam.Modules" runstate="Runnable" testcasecount="2" result="Passed" start-time="2016-01-14 18:05:03Z" end-time="2016-01-14 18:05:10Z" duration="6.705860" total="2" passed="2" failed="0" inconclusive="0" skipped="0" asserts="0">
        <test-suite type="TestSuite" id="11-1007" name="TextGeneration" fullname="Wyam.Modules.TextGeneration" runstate="Runnable" testcasecount="2" result="Passed" start-time="2016-01-14 18:05:03Z" end-time="2016-01-14 18:05:10Z" duration="6.705412" total="2" passed="2" failed="0" inconclusive="0" skipped="0" asserts="0">
          <test-suite type="TestSuite" id="11-1008" name="Tests" fullname="Wyam.Modules.TextGeneration.Tests" runstate="Runnable" testcasecount="2" result="Passed" start-time="2016-01-14 18:05:03Z" end-time="2016-01-14 18:05:10Z" duration="6.704487" total="2" passed="2" failed="0" inconclusive="0" skipped="0" asserts="0">
            <test-suite type="TestFixture" id="11-1000" name="GenerateContentFixture" fullname="Wyam.Modules.TextGeneration.Tests.GenerateContentFixture" classname="Wyam.Modules.TextGeneration.Tests.GenerateContentFixture" runstate="Runnable" testcasecount="1" result="Passed" start-time="2016-01-14 18:05:03Z" end-time="2016-01-14 18:05:09Z" duration="5.333100" total="1" passed="1" failed="0" inconclusive="0" skipped="0" asserts="0">
              <test-case id="11-1001" name="GeneratingContentFromStringTemplateSetsContent" fullname="Wyam.Modules.TextGeneration.Tests.GenerateContentFixture.GeneratingContentFromStringTemplateSetsContent" methodname="GeneratingContentFromStringTemplateSetsContent" classname="Wyam.Modules.TextGeneration.Tests.GenerateContentFixture" runstate="Runnable" seed="798259755" result="Passed" start-time="2016-01-14 18:05:03Z" end-time="2016-01-14 18:05:08Z" duration="5.202438" asserts="0" />
            </test-suite>
            <test-suite type="TestFixture" id="11-1002" name="GenerateMetaFixture" fullname="Wyam.Modules.TextGeneration.Tests.GenerateMetaFixture" classname="Wyam.Modules.TextGeneration.Tests.GenerateMetaFixture" runstate="Runnable" testcasecount="1" result="Passed" start-time="2016-01-14 18:05:09Z" end-time="2016-01-14 18:05:10Z" duration="1.260323" total="1" passed="1" failed="0" inconclusive="0" skipped="0" asserts="0">
              <test-case id="11-1003" name="GeneratingMetadataFromStringTemplateSetsContent" fullname="Wyam.Modules.TextGeneration.Tests.GenerateMetaFixture.GeneratingMetadataFromStringTemplateSetsContent" methodname="GeneratingMetadataFromStringTemplateSetsContent" classname="Wyam.Modules.TextGeneration.Tests.GenerateMetaFixture" runstate="Runnable" seed="1801850340" result="Passed" start-time="2016-01-14 18:05:09Z" end-time="2016-01-14 18:05:10Z" duration="1.209708" asserts="0" />
            </test-suite>
          </test-suite>
        </test-suite>
      </test-suite>
    </test-suite>
  </test-suite>
  <test-suite type="Assembly" id="12-1005" name="Wyam.Modules.Xmp.Tests.dll" fullname="E:\Code\Wyam\src\Wyam.Modules.Xmp.Tests\bin\Release\Wyam.Modules.Xmp.Tests.dll" runstate="Runnable" testcasecount="4" result="Passed" start-time="2016-01-14 18:05:03Z" end-time="2016-01-14 18:05:09Z" duration="5.632610" total="4" passed="4" failed="0" inconclusive="0" skipped="0" asserts="6">
    <environment framework-version="3.0.5813.39031" clr-version="4.0.30319.42000" os-version="Microsoft Windows NT 6.1.7601 Service Pack 1" platform="Win32NT" cwd="E:\Code\Wyam" machine-name="SIPCXLT42" user="dglick" user-domain="SIPC" culture="en-US" uiculture="en-US" os-architecture="x64" />
    <settings>
      <setting name="WorkDirectory" value="E:\Code\Wyam" />
      <setting name="RuntimeFramework" value="net-4.0" />
      <setting name="NumberOfTestWorkers" value="4" />
    </settings>
    <properties>
      <property name="_PID" value="11824" />
      <property name="_APPDOMAIN" value="test-domain-Wyam.Modules.Xmp.Tests.dll" />
    </properties>
    <test-suite type="TestSuite" id="12-1006" name="Wyam" fullname="Wyam" runstate="Runnable" testcasecount="4" result="Passed" start-time="2016-01-14 18:05:03Z" end-time="2016-01-14 18:05:09Z" duration="5.583978" total="4" passed="4" failed="0" inconclusive="0" skipped="0" asserts="6">
      <test-suite type="TestSuite" id="12-1007" name="Core" fullname="Wyam.Core" runstate="Runnable" testcasecount="4" result="Passed" start-time="2016-01-14 18:05:03Z" end-time="2016-01-14 18:05:09Z" duration="5.570162" total="4" passed="4" failed="0" inconclusive="0" skipped="0" asserts="6">
        <test-suite type="TestSuite" id="12-1008" name="Tests" fullname="Wyam.Core.Tests" runstate="Runnable" testcasecount="4" result="Passed" start-time="2016-01-14 18:05:03Z" end-time="2016-01-14 18:05:09Z" duration="5.507445" total="4" passed="4" failed="0" inconclusive="0" skipped="0" asserts="6">
          <test-suite type="TestSuite" id="12-1009" name="Modules" fullname="Wyam.Core.Tests.Modules" runstate="Runnable" testcasecount="4" result="Passed" start-time="2016-01-14 18:05:03Z" end-time="2016-01-14 18:05:09Z" duration="5.408786" total="4" passed="4" failed="0" inconclusive="0" skipped="0" asserts="6">
            <test-suite type="TestFixture" id="12-1000" name="XmpFixture" fullname="Wyam.Core.Tests.Modules.XmpFixture" classname="Wyam.Core.Tests.Modules.XmpFixture" runstate="Runnable" testcasecount="4" result="Passed" start-time="2016-01-14 18:05:03Z" end-time="2016-01-14 18:05:09Z" duration="5.308607" total="4" passed="4" failed="0" inconclusive="0" skipped="0" asserts="6">
              <test-case id="12-1003" name="DontSkipMissingMandetory" fullname="Wyam.Core.Tests.Modules.XmpFixture.DontSkipMissingMandetory" methodname="DontSkipMissingMandetory" classname="Wyam.Core.Tests.Modules.XmpFixture" runstate="Runnable" seed="993609143" result="Passed" start-time="2016-01-14 18:05:03Z" end-time="2016-01-14 18:05:08Z" duration="4.567618" asserts="1" />
              <test-case id="12-1001" name="ReadMetadata" fullname="Wyam.Core.Tests.Modules.XmpFixture.ReadMetadata" methodname="ReadMetadata" classname="Wyam.Core.Tests.Modules.XmpFixture" runstate="Runnable" seed="798259755" result="Passed" start-time="2016-01-14 18:05:08Z" end-time="2016-01-14 18:05:08Z" duration="0.177835" asserts="2" />
              <test-case id="12-1002" name="SkipMissingMandetory" fullname="Wyam.Core.Tests.Modules.XmpFixture.SkipMissingMandetory" methodname="SkipMissingMandetory" classname="Wyam.Core.Tests.Modules.XmpFixture" runstate="Runnable" seed="1630670862" result="Passed" start-time="2016-01-14 18:05:08Z" end-time="2016-01-14 18:05:08Z" duration="0.010552" asserts="1" />
              <test-case id="12-1004" name="UsingNonDefaultNamespace" fullname="Wyam.Core.Tests.Modules.XmpFixture.UsingNonDefaultNamespace" methodname="UsingNonDefaultNamespace" classname="Wyam.Core.Tests.Modules.XmpFixture" runstate="Runnable" seed="277322916" result="Passed" start-time="2016-01-14 18:05:09Z" end-time="2016-01-14 18:05:09Z" duration="0.006734" asserts="2" />
            </test-suite>
          </test-suite>
        </test-suite>
      </test-suite>
    </test-suite>
  </test-suite>
  <test-suite type="Assembly" id="13-1004" name="Wyam.Modules.Yaml.Tests.dll" fullname="E:\Code\Wyam\src\Wyam.Modules.Yaml.Tests\bin\Release\Wyam.Modules.Yaml.Tests.dll" runstate="Runnable" testcasecount="3" result="Passed" start-time="2016-01-14 18:05:03Z" end-time="2016-01-14 18:05:11Z" duration="7.240007" total="3" passed="3" failed="0" inconclusive="0" skipped="0" asserts="9">
    <environment framework-version="3.0.5813.39031" clr-version="4.0.30319.42000" os-version="Microsoft Windows NT 6.1.7601 Service Pack 1" platform="Win32NT" cwd="E:\Code\Wyam" machine-name="SIPCXLT42" user="dglick" user-domain="SIPC" culture="en-US" uiculture="en-US" os-architecture="x64" />
    <settings>
      <setting name="WorkDirectory" value="E:\Code\Wyam" />
      <setting name="RuntimeFramework" value="net-4.0" />
      <setting name="NumberOfTestWorkers" value="4" />
    </settings>
    <properties>
      <property name="_PID" value="17628" />
      <property name="_APPDOMAIN" value="test-domain-Wyam.Modules.Yaml.Tests.dll" />
    </properties>
    <test-suite type="TestSuite" id="13-1005" name="Wyam" fullname="Wyam" runstate="Runnable" testcasecount="3" result="Passed" start-time="2016-01-14 18:05:04Z" end-time="2016-01-14 18:05:11Z" duration="7.200585" total="3" passed="3" failed="0" inconclusive="0" skipped="0" asserts="9">
      <test-suite type="TestSuite" id="13-1006" name="Modules" fullname="Wyam.Modules" runstate="Runnable" testcasecount="3" result="Passed" start-time="2016-01-14 18:05:04Z" end-time="2016-01-14 18:05:11Z" duration="7.199098" total="3" passed="3" failed="0" inconclusive="0" skipped="0" asserts="9">
        <test-suite type="TestSuite" id="13-1007" name="Yaml" fullname="Wyam.Modules.Yaml" runstate="Runnable" testcasecount="3" result="Passed" start-time="2016-01-14 18:05:04Z" end-time="2016-01-14 18:05:11Z" duration="7.198666" total="3" passed="3" failed="0" inconclusive="0" skipped="0" asserts="9">
          <test-suite type="TestSuite" id="13-1008" name="Tests" fullname="Wyam.Modules.Yaml.Tests" runstate="Runnable" testcasecount="3" result="Passed" start-time="2016-01-14 18:05:04Z" end-time="2016-01-14 18:05:11Z" duration="7.197541" total="3" passed="3" failed="0" inconclusive="0" skipped="0" asserts="9">
            <test-suite type="TestFixture" id="13-1000" name="YamlFixture" fullname="Wyam.Modules.Yaml.Tests.YamlFixture" classname="Wyam.Modules.Yaml.Tests.YamlFixture" runstate="Runnable" testcasecount="3" result="Passed" start-time="2016-01-14 18:05:04Z" end-time="2016-01-14 18:05:11Z" duration="6.813553" total="3" passed="3" failed="0" inconclusive="0" skipped="0" asserts="9">
              <properties>
                <property name="ParallelScope" value="Self, Children" />
              </properties>
              <test-case id="13-1003" name="FlattensTopLevelScalarNodes" fullname="Wyam.Modules.Yaml.Tests.YamlFixture.FlattensTopLevelScalarNodes" methodname="FlattensTopLevelScalarNodes" classname="Wyam.Modules.Yaml.Tests.YamlFixture" runstate="Runnable" seed="993609143" result="Passed" start-time="2016-01-14 18:05:04Z" end-time="2016-01-14 18:05:07Z" duration="3.491418" asserts="4" />
              <test-case id="13-1002" name="GeneratesDynamicObject" fullname="Wyam.Modules.Yaml.Tests.YamlFixture.GeneratesDynamicObject" methodname="GeneratesDynamicObject" classname="Wyam.Modules.Yaml.Tests.YamlFixture" runstate="Runnable" seed="1630670862" result="Passed" start-time="2016-01-14 18:05:08Z" end-time="2016-01-14 18:05:11Z" duration="3.037629" asserts="5" />
              <test-case id="13-1001" name="SetsMetadataKey" fullname="Wyam.Modules.Yaml.Tests.YamlFixture.SetsMetadataKey" methodname="SetsMetadataKey" classname="Wyam.Modules.Yaml.Tests.YamlFixture" runstate="Runnable" seed="798259755" result="Passed" start-time="2016-01-14 18:05:11Z" end-time="2016-01-14 18:05:11Z" duration="0.064974" asserts="0" />
            </test-suite>
          </test-suite>
        </test-suite>
      </test-suite>
    </test-suite>
  </test-suite>
</test-run>